#
# There is insufficient memory for the Java Runtime Environment to continue.
# Native memory allocation (malloc) failed to allocate 2184352 bytes for Chunk::new
# Possible reasons:
#   The system is out of physical RAM or swap space
#   The process is running with CompressedOops enabled, and the Java Heap may be blocking the growth of the native heap
# Possible solutions:
#   Reduce memory load on the system
#   Increase physical memory or swap space
#   Check if swap backing store is full
#   Decrease Java heap size (-Xmx/-Xms)
#   Decrease number of Java threads
#   Decrease Java thread stack sizes (-Xss)
#   Set larger code cache with -XX:ReservedCodeCacheSize=
#   JVM is running with Zero Based Compressed Oops mode in which the Java heap is
#     placed in the first 32GB address space. The Java Heap base address is the
#     maximum limit for the native heap growth. Please use -XX:HeapBaseMinAddress
#     to set the Java Heap base and to place the Java Heap above 32GB virtual address.
# This output file may be truncated or incomplete.
#
#  Out of Memory Error (arena.cpp:189), pid=24932, tid=8896
#
# JRE version: OpenJDK Runtime Environment (17.0.7) (build 17.0.7+0-b2043.56-10550314)
# Java VM: OpenJDK 64-Bit Server VM (17.0.7+0-b2043.56-10550314, mixed mode, tiered, compressed oops, compressed class ptrs, g1 gc, windows-amd64)
# No core dump will be written. Minidumps are not enabled by default on client versions of Windows
#

---------------  S U M M A R Y ------------

Command Line: --add-opens=java.base/java.util=ALL-UNNAMED --add-opens=java.base/java.lang=ALL-UNNAMED --add-opens=java.base/java.lang.invoke=ALL-UNNAMED --add-opens=java.prefs/java.util.prefs=ALL-UNNAMED --add-opens=java.base/java.nio.charset=ALL-UNNAMED --add-opens=java.base/java.net=ALL-UNNAMED --add-opens=java.base/java.util.concurrent.atomic=ALL-UNNAMED -Xmx4096m -Dfile.encoding=UTF-8 -Duser.country=US -Duser.language=en -Duser.variant -javaagent:C:\Users\Lenovo\.gradle\wrapper\dists\gradle-8.2-bin\bbg7u40eoinfdyxsxr3z4i7ta\gradle-8.2\lib\agents\gradle-instrumentation-agent-8.2.jar org.gradle.launcher.daemon.bootstrap.GradleDaemon 8.2

Host: AMD Ryzen 5 5500U with Radeon Graphics         , 12 cores, 5G,  Windows 11 , 64 bit Build 22621 (10.0.22621.5415)
Time: Fri Jun 20 04:25:02 2025 India Standard Time elapsed time: 9.346607 seconds (0d 0h 0m 9s)

---------------  T H R E A D  ---------------

Current thread (0x000002a3d403b480):  JavaThread "C2 CompilerThread0" daemon [_thread_in_native, id=8896, stack(0x000000b63f400000,0x000000b63f500000)]


Current CompileTask:
C2:   9346 6361       4       org.objectweb.asm.Frame::execute (2318 bytes)

Stack: [0x000000b63f400000,0x000000b63f500000]
Native frames: (J=compiled Java code, j=interpreted, Vv=VM code, C=native code)
V  [jvm.dll+0x683bfa]
V  [jvm.dll+0x8430a4]
V  [jvm.dll+0x8449be]
V  [jvm.dll+0x845023]
V  [jvm.dll+0x24ad2f]
V  [jvm.dll+0xac25c]
V  [jvm.dll+0xac82c]
V  [jvm.dll+0x36a187]
V  [jvm.dll+0x334821]
V  [jvm.dll+0x333cca]
V  [jvm.dll+0x21d251]
V  [jvm.dll+0x21c671]
V  [jvm.dll+0x1a605d]
V  [jvm.dll+0x22c148]
V  [jvm.dll+0x22a209]
V  [jvm.dll+0x7f858c]
V  [jvm.dll+0x7f2aea]
V  [jvm.dll+0x682a35]
C  [ucrtbase.dll+0x29333]
C  [KERNEL32.DLL+0x1259d]
C  [ntdll.dll+0x5af78]


---------------  P R O C E S S  ---------------

Threads class SMR info:
_java_thread_list=0x000002a3db148ab0, length=61, elements={
0x000002a3aecf4d00, 0x000002a3cfb35c30, 0x000002a3cfb37150, 0x000002a3cfb63030,
0x000002a3cfb63cb0, 0x000002a3d4039fd0, 0x000002a3d403a890, 0x000002a3d403b480,
0x000002a3d403c530, 0x000002a3d403cf20, 0x000002a3cfade7a0, 0x000002a3d42d8080,
0x000002a3d643d040, 0x000002a3d5942140, 0x000002a3d5b46230, 0x000002a3d52d87a0,
0x000002a3d6719830, 0x000002a3d5a62150, 0x000002a3d56058c0, 0x000002a3d5ea4530,
0x000002a3d5ea53a0, 0x000002a3d5ea7550, 0x000002a3d5ea7a20, 0x000002a3d5ea5870,
0x000002a3d5ea5d40, 0x000002a3d5ea66e0, 0x000002a3d5ea4060, 0x000002a3d5ea6bb0,
0x000002a3d5ea7080, 0x000002a3d5ea4a00, 0x000002a3d5ea4ed0, 0x000002a3d68adbe0,
0x000002a3d68ae580, 0x000002a3d68ae0b0, 0x000002a3d68ad710, 0x000002a3d68ac3d0,
0x000002a3d68a9d50, 0x000002a3d68afd90, 0x000002a3d68a8a10, 0x000002a3d68aabc0,
0x000002a3d68a8540, 0x000002a3d68ab090, 0x000002a3d68aef20, 0x000002a3d68a9880,
0x000002a3d68ad240, 0x000002a3d68af3f0, 0x000002a3d68a8ee0, 0x000002a3d68a93b0,
0x000002a3d8ad0bd0, 0x000002a3d8aceef0, 0x000002a3d8ad28b0, 0x000002a3d8acf3c0,
0x000002a3d8ad1a40, 0x000002a3d8ad1570, 0x000002a3d8ad23e0, 0x000002a3d8acf890,
0x000002a3d8ad1f10, 0x000002a3d8ad0230, 0x000002a3d8ad0700, 0x000002a3db1685c0,
0x000002a3dad2d360
}

Java Threads: ( => current thread )
  0x000002a3aecf4d00 JavaThread "main" [_thread_blocked, id=9448, stack(0x000000b63e700000,0x000000b63e800000)]
  0x000002a3cfb35c30 JavaThread "Reference Handler" daemon [_thread_blocked, id=11404, stack(0x000000b63ee00000,0x000000b63ef00000)]
  0x000002a3cfb37150 JavaThread "Finalizer" daemon [_thread_blocked, id=4736, stack(0x000000b63ef00000,0x000000b63f000000)]
  0x000002a3cfb63030 JavaThread "Signal Dispatcher" daemon [_thread_blocked, id=24580, stack(0x000000b63f000000,0x000000b63f100000)]
  0x000002a3cfb63cb0 JavaThread "Attach Listener" daemon [_thread_blocked, id=4724, stack(0x000000b63f100000,0x000000b63f200000)]
  0x000002a3d4039fd0 JavaThread "Service Thread" daemon [_thread_blocked, id=24972, stack(0x000000b63f200000,0x000000b63f300000)]
  0x000002a3d403a890 JavaThread "Monitor Deflation Thread" daemon [_thread_blocked, id=20700, stack(0x000000b63f300000,0x000000b63f400000)]
=>0x000002a3d403b480 JavaThread "C2 CompilerThread0" daemon [_thread_in_native, id=8896, stack(0x000000b63f400000,0x000000b63f500000)]
  0x000002a3d403c530 JavaThread "C1 CompilerThread0" daemon [_thread_blocked, id=22960, stack(0x000000b63f500000,0x000000b63f600000)]
  0x000002a3d403cf20 JavaThread "Sweeper thread" daemon [_thread_blocked, id=24340, stack(0x000000b63f600000,0x000000b63f700000)]
  0x000002a3cfade7a0 JavaThread "Common-Cleaner" daemon [_thread_blocked, id=18096, stack(0x000000b63f700000,0x000000b63f800000)]
  0x000002a3d42d8080 JavaThread "Notification Thread" daemon [_thread_blocked, id=13336, stack(0x000000b63f800000,0x000000b63f900000)]
  0x000002a3d643d040 JavaThread "Daemon health stats" [_thread_blocked, id=20752, stack(0x000000b63ff00000,0x000000b640000000)]
  0x000002a3d5942140 JavaThread "Incoming local TCP Connector on port 60903" [_thread_in_native, id=2976, stack(0x000000b63fa00000,0x000000b63fb00000)]
  0x000002a3d5b46230 JavaThread "Daemon periodic checks" [_thread_blocked, id=12464, stack(0x000000b640000000,0x000000b640100000)]
  0x000002a3d52d87a0 JavaThread "Daemon" [_thread_blocked, id=20792, stack(0x000000b640200000,0x000000b640300000)]
  0x000002a3d6719830 JavaThread "Handler for socket connection from /127.0.0.1:60903 to /127.0.0.1:60904" [_thread_in_native, id=13608, stack(0x000000b640300000,0x000000b640400000)]
  0x000002a3d5a62150 JavaThread "Cancel handler" [_thread_blocked, id=11288, stack(0x000000b640400000,0x000000b640500000)]
  0x000002a3d56058c0 JavaThread "Daemon worker" [_thread_in_vm, id=21836, stack(0x000000b640500000,0x000000b640600000)]
  0x000002a3d5ea4530 JavaThread "Asynchronous log dispatcher for DefaultDaemonConnection: socket connection from /127.0.0.1:60903 to /127.0.0.1:60904" [_thread_blocked, id=20372, stack(0x000000b640600000,0x000000b640700000)]
  0x000002a3d5ea53a0 JavaThread "Stdin handler" [_thread_blocked, id=856, stack(0x000000b640700000,0x000000b640800000)]
  0x000002a3d5ea7550 JavaThread "Daemon client event forwarder" [_thread_blocked, id=7748, stack(0x000000b640800000,0x000000b640900000)]
  0x000002a3d5ea7a20 JavaThread "Cache worker for journal cache (C:\Users\Lenovo\.gradle\caches\journal-1)" [_thread_blocked, id=17812, stack(0x000000b641000000,0x000000b641100000)]
  0x000002a3d5ea5870 JavaThread "File lock request listener" [_thread_in_native, id=5008, stack(0x000000b641100000,0x000000b641200000)]
  0x000002a3d5ea5d40 JavaThread "Cache worker for file hash cache (C:\Users\Lenovo\.gradle\caches\8.2\fileHashes)" [_thread_blocked, id=9416, stack(0x000000b641200000,0x000000b641300000)]
  0x000002a3d5ea66e0 JavaThread "File watcher server" daemon [_thread_in_native, id=24996, stack(0x000000b641300000,0x000000b641400000)]
  0x000002a3d5ea4060 JavaThread "File watcher consumer" daemon [_thread_blocked, id=6132, stack(0x000000b641400000,0x000000b641500000)]
  0x000002a3d5ea6bb0 JavaThread "Cache worker for checksums cache (C:\Users\Lenovo\GreyCare\.gradle\8.2\checksums)" [_thread_blocked, id=22220, stack(0x000000b641500000,0x000000b641600000)]
  0x000002a3d5ea7080 JavaThread "Cache worker for cache directory md-rule (C:\Users\Lenovo\.gradle\caches\8.2\md-rule)" [_thread_blocked, id=25576, stack(0x000000b641600000,0x000000b641700000)]
  0x000002a3d5ea4a00 JavaThread "Cache worker for file content cache (C:\Users\Lenovo\.gradle\caches\8.2\fileContent)" [_thread_blocked, id=16736, stack(0x000000b641700000,0x000000b641800000)]
  0x000002a3d5ea4ed0 JavaThread "Cache worker for file hash cache (C:\Users\Lenovo\GreyCare\.gradle\8.2\fileHashes)" [_thread_blocked, id=25348, stack(0x000000b641800000,0x000000b641900000)]
  0x000002a3d68adbe0 JavaThread "Cache worker for cache directory md-supplier (C:\Users\Lenovo\.gradle\caches\8.2\md-supplier)" [_thread_blocked, id=4884, stack(0x000000b641900000,0x000000b641a00000)]
  0x000002a3d68ae580 JavaThread "Cache worker for execution history cache (C:\Users\Lenovo\.gradle\caches\8.2\executionHistory)" [_thread_blocked, id=8232, stack(0x000000b641a00000,0x000000b641b00000)]
  0x000002a3d68ae0b0 JavaThread "jar transforms" [_thread_blocked, id=2844, stack(0x000000b641b00000,0x000000b641c00000)]
  0x000002a3d68ad710 JavaThread "jar transforms Thread 2" [_thread_blocked, id=24532, stack(0x000000b641c00000,0x000000b641d00000)]
  0x000002a3d68ac3d0 JavaThread "Cache worker for kotlin-dsl (C:\Users\Lenovo\.gradle\caches\8.2\kotlin-dsl)" [_thread_blocked, id=8212, stack(0x000000b641e00000,0x000000b641f00000)]
  0x000002a3d68a9d50 JavaThread "jar transforms Thread 3" [_thread_blocked, id=9896, stack(0x000000b641f00000,0x000000b642000000)]
  0x000002a3d68afd90 JavaThread "jar transforms Thread 4" [_thread_blocked, id=18964, stack(0x000000b642000000,0x000000b642100000)]
  0x000002a3d68a8a10 JavaThread "jar transforms Thread 5" [_thread_blocked, id=21296, stack(0x000000b642100000,0x000000b642200000)]
  0x000002a3d68aabc0 JavaThread "jar transforms Thread 6" [_thread_blocked, id=9068, stack(0x000000b642200000,0x000000b642300000)]
  0x000002a3d68a8540 JavaThread "Cache worker for dependencies-accessors (C:\Users\Lenovo\GreyCare\.gradle\8.2\dependencies-accessors)" [_thread_blocked, id=25224, stack(0x000000b642300000,0x000000b642400000)]
  0x000002a3d68ab090 JavaThread "Cache worker for Build Output Cleanup Cache (C:\Users\Lenovo\GreyCare\.gradle\buildOutputCleanup)" [_thread_blocked, id=23208, stack(0x000000b642400000,0x000000b642500000)]
  0x000002a3d68aef20 JavaThread "jar transforms Thread 7" [_thread_blocked, id=12780, stack(0x000000b642500000,0x000000b642600000)]
  0x000002a3d68a9880 JavaThread "jar transforms Thread 8" [_thread_blocked, id=19000, stack(0x000000b642600000,0x000000b642700000)]
  0x000002a3d68ad240 JavaThread "Unconstrained build operations" [_thread_blocked, id=22624, stack(0x000000b642700000,0x000000b642800000)]
  0x000002a3d68af3f0 JavaThread "Unconstrained build operations Thread 2" [_thread_blocked, id=21760, stack(0x000000b642800000,0x000000b642900000)]
  0x000002a3d68a8ee0 JavaThread "Unconstrained build operations Thread 3" [_thread_blocked, id=2264, stack(0x000000b642900000,0x000000b642a00000)]
  0x000002a3d68a93b0 JavaThread "Unconstrained build operations Thread 4" [_thread_blocked, id=23904, stack(0x000000b642a00000,0x000000b642b00000)]
  0x000002a3d8ad0bd0 JavaThread "Unconstrained build operations Thread 5" [_thread_blocked, id=20804, stack(0x000000b642b00000,0x000000b642c00000)]
  0x000002a3d8aceef0 JavaThread "Unconstrained build operations Thread 6" [_thread_blocked, id=4228, stack(0x000000b642c00000,0x000000b642d00000)]
  0x000002a3d8ad28b0 JavaThread "Unconstrained build operations Thread 7" [_thread_blocked, id=2216, stack(0x000000b642d00000,0x000000b642e00000)]
  0x000002a3d8acf3c0 JavaThread "Unconstrained build operations Thread 8" [_thread_blocked, id=22928, stack(0x000000b642e00000,0x000000b642f00000)]
  0x000002a3d8ad1a40 JavaThread "Unconstrained build operations Thread 9" [_thread_blocked, id=24960, stack(0x000000b642f00000,0x000000b643000000)]
  0x000002a3d8ad1570 JavaThread "Unconstrained build operations Thread 10" [_thread_blocked, id=11784, stack(0x000000b643000000,0x000000b643100000)]
  0x000002a3d8ad23e0 JavaThread "Unconstrained build operations Thread 11" [_thread_blocked, id=1536, stack(0x000000b643100000,0x000000b643200000)]
  0x000002a3d8acf890 JavaThread "jar transforms Thread 9" [_thread_blocked, id=16308, stack(0x000000b643200000,0x000000b643300000)]
  0x000002a3d8ad1f10 JavaThread "jar transforms Thread 10" [_thread_blocked, id=23236, stack(0x000000b643300000,0x000000b643400000)]
  0x000002a3d8ad0230 JavaThread "jar transforms Thread 11" [_thread_blocked, id=25484, stack(0x000000b643400000,0x000000b643500000)]
  0x000002a3d8ad0700 JavaThread "jar transforms Thread 12" [_thread_blocked, id=21580, stack(0x000000b643500000,0x000000b643600000)]
  0x000002a3db1685c0 JavaThread "build event listener" [_thread_blocked, id=11612, stack(0x000000b640100000,0x000000b640200000)]
  0x000002a3dad2d360 JavaThread "C2 CompilerThread1" daemon [_thread_blocked, id=22752, stack(0x000000b643600000,0x000000b643700000)]

Other Threads:
  0x000002a3d4013600 VMThread "VM Thread" [stack: 0x000000b63ed00000,0x000000b63ee00000] [id=22768]
  0x000002a3aed7bd00 WatcherThread [stack: 0x000000b63f900000,0x000000b63fa00000] [id=13008]
  0x000002a3aed62b00 GCTaskThread "GC Thread#0" [stack: 0x000000b63e800000,0x000000b63e900000] [id=8464]
  0x000002a3d5053450 GCTaskThread "GC Thread#1" [stack: 0x000000b63fb00000,0x000000b63fc00000] [id=2660]
  0x000002a3d4fff160 GCTaskThread "GC Thread#2" [stack: 0x000000b63fc00000,0x000000b63fd00000] [id=23016]
  0x000002a3d502ed00 GCTaskThread "GC Thread#3" [stack: 0x000000b63fd00000,0x000000b63fe00000] [id=23472]
  0x000002a3d51aaf10 GCTaskThread "GC Thread#4" [stack: 0x000000b63fe00000,0x000000b63ff00000] [id=21752]
  0x000002a3d642b8b0 GCTaskThread "GC Thread#5" [stack: 0x000000b640900000,0x000000b640a00000] [id=24020]
  0x000002a3d602fe40 GCTaskThread "GC Thread#6" [stack: 0x000000b640a00000,0x000000b640b00000] [id=3764]
  0x000002a3d6542cf0 GCTaskThread "GC Thread#7" [stack: 0x000000b640b00000,0x000000b640c00000] [id=25492]
  0x000002a3d6734930 GCTaskThread "GC Thread#8" [stack: 0x000000b640c00000,0x000000b640d00000] [id=24908]
  0x000002a3d601f4b0 GCTaskThread "GC Thread#9" [stack: 0x000000b640d00000,0x000000b640e00000] [id=3320]
  0x000002a3aed73a40 ConcurrentGCThread "G1 Main Marker" [stack: 0x000000b63e900000,0x000000b63ea00000] [id=14696]
  0x000002a3aed74450 ConcurrentGCThread "G1 Conc#0" [stack: 0x000000b63ea00000,0x000000b63eb00000] [id=13812]
  0x000002a3d64814e0 ConcurrentGCThread "G1 Conc#1" [stack: 0x000000b640e00000,0x000000b640f00000] [id=556]
  0x000002a3d6481a40 ConcurrentGCThread "G1 Conc#2" [stack: 0x000000b640f00000,0x000000b641000000] [id=25236]
  0x000002a3aedae570 ConcurrentGCThread "G1 Refine#0" [stack: 0x000000b63eb00000,0x000000b63ec00000] [id=25312]
  0x000002a3d70cb280 ConcurrentGCThread "G1 Refine#1" [stack: 0x000000b641d00000,0x000000b641e00000] [id=15340]
  0x000002a3cf9ad140 ConcurrentGCThread "G1 Service" [stack: 0x000000b63ec00000,0x000000b63ed00000] [id=2316]

Threads with active compile tasks:
C2 CompilerThread0     9377 6361       4       org.objectweb.asm.Frame::execute (2318 bytes)

VM state: not at safepoint (normal execution)

VM Mutex/Monitor currently owned by a thread: None

Heap address: 0x0000000700000000, size: 4096 MB, Compressed Oops mode: Zero based, Oop shift amount: 3

CDS archive(s) not mapped
Compressed class space mapped at: 0x0000000800000000-0x0000000840000000, reserved size: 1073741824
Narrow klass base: 0x0000000800000000, Narrow klass shift: 0, Narrow klass range: 0x40000000

GC Precious Log:
 CPUs: 12 total, 12 available
 Memory: 6005M
 Large Page Support: Disabled
 NUMA Support: Disabled
 Compressed Oops: Enabled (Zero based)
 Heap Region Size: 2M
 Heap Min Capacity: 8M
 Heap Initial Capacity: 94M
 Heap Max Capacity: 4G
 Pre-touch: Disabled
 Parallel Workers: 10
 Concurrent Workers: 3
 Concurrent Refinement Workers: 10
 Periodic GC: Disabled

Heap:
 garbage-first heap   total 131072K, used 78661K [0x0000000700000000, 0x0000000800000000)
  region size 2048K, 12 young (24576K), 1 survivors (2048K)
 Metaspace       used 62874K, committed 63488K, reserved 1114112K
  class space    used 8383K, committed 8640K, reserved 1048576K

Heap Regions: E=young(eden), S=young(survivor), O=old, HS=humongous(starts), HC=humongous(continues), CS=collection set, F=free, OA=open archive, CA=closed archive, TAMS=top-at-mark-start (previous, next)
|   0|0x0000000700000000, 0x0000000700200000, 0x0000000700200000|100%|HS|  |TAMS 0x0000000700200000, 0x0000000700000000| Complete 
|   1|0x0000000700200000, 0x0000000700400000, 0x0000000700400000|100%|HC|  |TAMS 0x0000000700400000, 0x0000000700200000| Complete 
|   2|0x0000000700400000, 0x0000000700600000, 0x0000000700600000|100%| O|  |TAMS 0x0000000700600000, 0x0000000700400000| Untracked 
|   3|0x0000000700600000, 0x0000000700800000, 0x0000000700800000|100%| O|  |TAMS 0x0000000700800000, 0x0000000700600000| Untracked 
|   4|0x0000000700800000, 0x0000000700a00000, 0x0000000700a00000|100%| O|  |TAMS 0x0000000700a00000, 0x0000000700800000| Untracked 
|   5|0x0000000700a00000, 0x0000000700c00000, 0x0000000700c00000|100%| O|  |TAMS 0x0000000700c00000, 0x0000000700a00000| Untracked 
|   6|0x0000000700c00000, 0x0000000700e00000, 0x0000000700e00000|100%| O|  |TAMS 0x0000000700e00000, 0x0000000700c00000| Untracked 
|   7|0x0000000700e00000, 0x0000000701000000, 0x0000000701000000|100%| O|  |TAMS 0x0000000701000000, 0x0000000700e00000| Untracked 
|   8|0x0000000701000000, 0x00000007011ee000, 0x0000000701200000| 96%| O|  |TAMS 0x00000007011ee000, 0x0000000701000000| Untracked 
|   9|0x0000000701200000, 0x0000000701400000, 0x0000000701400000|100%| O|  |TAMS 0x0000000701400000, 0x0000000701200000| Untracked 
|  10|0x0000000701400000, 0x0000000701600000, 0x0000000701600000|100%| O|  |TAMS 0x0000000701600000, 0x0000000701400000| Untracked 
|  11|0x0000000701600000, 0x0000000701600000, 0x0000000701800000|  0%| F|  |TAMS 0x0000000701600000, 0x0000000701600000| Untracked 
|  12|0x0000000701800000, 0x0000000701a00000, 0x0000000701a00000|100%| O|  |TAMS 0x0000000701a00000, 0x0000000701800000| Untracked 
|  13|0x0000000701a00000, 0x0000000701c00000, 0x0000000701c00000|100%| O|  |TAMS 0x0000000701c00000, 0x0000000701a00000| Untracked 
|  14|0x0000000701c00000, 0x0000000701e00000, 0x0000000701e00000|100%| O|  |TAMS 0x0000000701e00000, 0x0000000701c00000| Untracked 
|  15|0x0000000701e00000, 0x0000000702000000, 0x0000000702000000|100%| O|  |TAMS 0x0000000702000000, 0x0000000701e00000| Untracked 
|  16|0x0000000702000000, 0x0000000702200000, 0x0000000702200000|100%|HS|  |TAMS 0x0000000702200000, 0x0000000702000000| Complete 
|  17|0x0000000702200000, 0x0000000702400000, 0x0000000702400000|100%| O|  |TAMS 0x0000000702400000, 0x0000000702200000| Untracked 
|  18|0x0000000702400000, 0x0000000702600000, 0x0000000702600000|100%| O|  |TAMS 0x0000000702600000, 0x0000000702400000| Untracked 
|  19|0x0000000702600000, 0x0000000702800000, 0x0000000702800000|100%|HS|  |TAMS 0x0000000702800000, 0x0000000702600000| Complete 
|  20|0x0000000702800000, 0x0000000702a00000, 0x0000000702a00000|100%|HS|  |TAMS 0x0000000702a00000, 0x0000000702800000| Complete 
|  21|0x0000000702a00000, 0x0000000702c00000, 0x0000000702c00000|100%|HC|  |TAMS 0x0000000702c00000, 0x0000000702a00000| Complete 
|  22|0x0000000702c00000, 0x0000000702e00000, 0x0000000702e00000|100%| O|  |TAMS 0x0000000702e00000, 0x0000000702c00000| Untracked 
|  23|0x0000000702e00000, 0x0000000703000000, 0x0000000703000000|100%| O|  |TAMS 0x0000000703000000, 0x0000000702e00000| Untracked 
|  24|0x0000000703000000, 0x0000000703200000, 0x0000000703200000|100%| O|  |TAMS 0x0000000703200000, 0x0000000703000000| Untracked 
|  25|0x0000000703200000, 0x0000000703400000, 0x0000000703400000|100%| O|  |TAMS 0x0000000703400000, 0x0000000703200000| Untracked 
|  26|0x0000000703400000, 0x0000000703600000, 0x0000000703600000|100%| O|  |TAMS 0x0000000703600000, 0x0000000703400000| Untracked 
|  27|0x0000000703600000, 0x0000000703800000, 0x0000000703800000|100%| O|  |TAMS 0x0000000703800000, 0x0000000703600000| Untracked 
|  28|0x0000000703800000, 0x00000007039a8000, 0x0000000703a00000| 82%| O|  |TAMS 0x0000000703877600, 0x0000000703800000| Untracked 
|  29|0x0000000703a00000, 0x0000000703a00000, 0x0000000703c00000|  0%| F|  |TAMS 0x0000000703a00000, 0x0000000703a00000| Untracked 
|  30|0x0000000703c00000, 0x0000000703c00000, 0x0000000703e00000|  0%| F|  |TAMS 0x0000000703c00000, 0x0000000703c00000| Untracked 
|  31|0x0000000703e00000, 0x0000000703e00000, 0x0000000704000000|  0%| F|  |TAMS 0x0000000703e00000, 0x0000000703e00000| Untracked 
|  32|0x0000000704000000, 0x0000000704000000, 0x0000000704200000|  0%| F|  |TAMS 0x0000000704000000, 0x0000000704000000| Untracked 
|  33|0x0000000704200000, 0x0000000704200000, 0x0000000704400000|  0%| F|  |TAMS 0x0000000704200000, 0x0000000704200000| Untracked 
|  34|0x0000000704400000, 0x0000000704400000, 0x0000000704600000|  0%| F|  |TAMS 0x0000000704400000, 0x0000000704400000| Untracked 
|  35|0x0000000704600000, 0x0000000704600000, 0x0000000704800000|  0%| F|  |TAMS 0x0000000704600000, 0x0000000704600000| Untracked 
|  36|0x0000000704800000, 0x0000000704800000, 0x0000000704a00000|  0%| F|  |TAMS 0x0000000704800000, 0x0000000704800000| Untracked 
|  37|0x0000000704a00000, 0x0000000704a00000, 0x0000000704c00000|  0%| F|  |TAMS 0x0000000704a00000, 0x0000000704a00000| Untracked 
|  38|0x0000000704c00000, 0x0000000704c00000, 0x0000000704e00000|  0%| F|  |TAMS 0x0000000704c00000, 0x0000000704c00000| Untracked 
|  39|0x0000000704e00000, 0x0000000704e00000, 0x0000000705000000|  0%| F|  |TAMS 0x0000000704e00000, 0x0000000704e00000| Untracked 
|  40|0x0000000705000000, 0x0000000705000000, 0x0000000705200000|  0%| F|  |TAMS 0x0000000705000000, 0x0000000705000000| Untracked 
|  41|0x0000000705200000, 0x000000070533b7f0, 0x0000000705400000| 61%| S|CS|TAMS 0x0000000705200000, 0x0000000705200000| Complete 
|  42|0x0000000705400000, 0x0000000705400000, 0x0000000705600000|  0%| F|  |TAMS 0x0000000705400000, 0x0000000705400000| Untracked 
|  43|0x0000000705600000, 0x0000000705600000, 0x0000000705800000|  0%| F|  |TAMS 0x0000000705600000, 0x0000000705600000| Untracked 
|  44|0x0000000705800000, 0x0000000705800000, 0x0000000705a00000|  0%| F|  |TAMS 0x0000000705800000, 0x0000000705800000| Untracked 
|  45|0x0000000705a00000, 0x0000000705a00000, 0x0000000705c00000|  0%| F|  |TAMS 0x0000000705a00000, 0x0000000705a00000| Untracked 
|  46|0x0000000705c00000, 0x0000000705c00000, 0x0000000705e00000|  0%| F|  |TAMS 0x0000000705c00000, 0x0000000705c00000| Untracked 
|  47|0x0000000705e00000, 0x0000000705e00000, 0x0000000706000000|  0%| F|  |TAMS 0x0000000705e00000, 0x0000000705e00000| Untracked 
|  48|0x0000000706000000, 0x0000000706000000, 0x0000000706200000|  0%| F|  |TAMS 0x0000000706000000, 0x0000000706000000| Untracked 
|  49|0x0000000706200000, 0x0000000706200000, 0x0000000706400000|  0%| F|  |TAMS 0x0000000706200000, 0x0000000706200000| Untracked 
|  50|0x0000000706400000, 0x0000000706400000, 0x0000000706600000|  0%| F|  |TAMS 0x0000000706400000, 0x0000000706400000| Untracked 
|  51|0x0000000706600000, 0x0000000706600000, 0x0000000706800000|  0%| F|  |TAMS 0x0000000706600000, 0x0000000706600000| Untracked 
|  52|0x0000000706800000, 0x0000000706800000, 0x0000000706a00000|  0%| F|  |TAMS 0x0000000706800000, 0x0000000706800000| Untracked 
|  53|0x0000000706a00000, 0x0000000706c00000, 0x0000000706c00000|100%| E|  |TAMS 0x0000000706a00000, 0x0000000706a00000| Complete 
|  54|0x0000000706c00000, 0x0000000706e00000, 0x0000000706e00000|100%| E|CS|TAMS 0x0000000706c00000, 0x0000000706c00000| Complete 
|  55|0x0000000706e00000, 0x0000000707000000, 0x0000000707000000|100%| E|CS|TAMS 0x0000000706e00000, 0x0000000706e00000| Complete 
|  56|0x0000000707000000, 0x0000000707200000, 0x0000000707200000|100%| E|CS|TAMS 0x0000000707000000, 0x0000000707000000| Complete 
|  57|0x0000000707200000, 0x0000000707400000, 0x0000000707400000|100%| E|CS|TAMS 0x0000000707200000, 0x0000000707200000| Complete 
|  58|0x0000000707400000, 0x0000000707600000, 0x0000000707600000|100%| E|CS|TAMS 0x0000000707400000, 0x0000000707400000| Complete 
|  59|0x0000000707600000, 0x0000000707800000, 0x0000000707800000|100%| E|CS|TAMS 0x0000000707600000, 0x0000000707600000| Complete 
|  60|0x0000000707800000, 0x0000000707a00000, 0x0000000707a00000|100%| E|CS|TAMS 0x0000000707800000, 0x0000000707800000| Complete 
|  61|0x0000000707a00000, 0x0000000707c00000, 0x0000000707c00000|100%| E|CS|TAMS 0x0000000707a00000, 0x0000000707a00000| Complete 
|  62|0x0000000707c00000, 0x0000000707e00000, 0x0000000707e00000|100%| E|CS|TAMS 0x0000000707c00000, 0x0000000707c00000| Complete 
|  63|0x0000000707e00000, 0x0000000708000000, 0x0000000708000000|100%| E|CS|TAMS 0x0000000707e00000, 0x0000000707e00000| Complete 

Card table byte_map: [0x000002a3c3e20000,0x000002a3c4620000] _byte_map_base: 0x000002a3c0620000

Marking Bits (Prev, Next): (CMBitMap*) 0x000002a3aed63110, (CMBitMap*) 0x000002a3aed63150
 Prev Bits: [0x000002a3c4e20000, 0x000002a3c8e20000)
 Next Bits: [0x000002a3c8e20000, 0x000002a3cce20000)

Polling page: 0x000002a3aea60000

Metaspace:

Usage:
  Non-class:     53.22 MB used.
      Class:      8.19 MB used.
       Both:     61.41 MB used.

Virtual space:
  Non-class space:       64.00 MB reserved,      53.56 MB ( 84%) committed,  1 nodes.
      Class space:        1.00 GB reserved,       8.44 MB ( <1%) committed,  1 nodes.
             Both:        1.06 GB reserved,      62.00 MB (  6%) committed. 

Chunk freelists:
   Non-Class:  10.05 MB
       Class:  7.53 MB
        Both:  17.58 MB

MaxMetaspaceSize: unlimited
CompressedClassSpaceSize: 1.00 GB
Initial GC threshold: 21.00 MB
Current GC threshold: 91.38 MB
CDS: off
MetaspaceReclaimPolicy: balanced
 - commit_granule_bytes: 65536.
 - commit_granule_words: 8192.
 - virtual_space_node_default_size: 8388608.
 - enlarge_chunks_in_place: 1.
 - new_chunks_are_fully_committed: 0.
 - uncommit_free_chunks: 1.
 - use_allocation_guard: 0.
 - handle_deallocations: 1.


Internal statistics:

num_allocs_failed_limit: 6.
num_arena_births: 702.
num_arena_deaths: 0.
num_vsnodes_births: 2.
num_vsnodes_deaths: 0.
num_space_committed: 992.
num_space_uncommitted: 0.
num_chunks_returned_to_freelist: 6.
num_chunks_taken_from_freelist: 2820.
num_chunk_merges: 6.
num_chunk_splits: 1888.
num_chunks_enlarged: 1304.
num_inconsistent_stats: 0.

CodeHeap 'non-profiled nmethods': size=120000Kb used=2995Kb max_used=3392Kb free=117004Kb
 bounds [0x000002a3bb470000, 0x000002a3bb7d0000, 0x000002a3c29a0000]
CodeHeap 'profiled nmethods': size=120000Kb used=10730Kb max_used=11224Kb free=109269Kb
 bounds [0x000002a3b39a0000, 0x000002a3b44a0000, 0x000002a3baed0000]
CodeHeap 'non-nmethods': size=5760Kb used=2337Kb max_used=2388Kb free=3422Kb
 bounds [0x000002a3baed0000, 0x000002a3bb140000, 0x000002a3bb470000]
 total_blobs=6467 nmethods=5613 adapters=766
 compilation: enabled
              stopped_count=0, restarted_count=0
 full_count=0

Compilation events (20 events):
Event: 9.296 Thread 0x000002a3d403c530 6399       3       java.lang.invoke.LambdaFormBuffer::indexOf (25 bytes)
Event: 9.296 Thread 0x000002a3d403c530 nmethod 6399 0x000002a3b3a5b190 code [0x000002a3b3a5b340, 0x000002a3b3a5b558]
Event: 9.296 Thread 0x000002a3d403c530 6398       3       jdk.internal.misc.Unsafe::ensureClassInitialized (18 bytes)
Event: 9.296 Thread 0x000002a3d403c530 nmethod 6398 0x000002a3b3a5ac90 code [0x000002a3b3a5ae40, 0x000002a3b3a5b078]
Event: 9.316 Thread 0x000002a3d403c530 6401       3       org.gradle.model.internal.asm.MethodVisitorScope::_ILOAD_OF (12 bytes)
Event: 9.316 Thread 0x000002a3d403c530 nmethod 6401 0x000002a3b3a5a690 code [0x000002a3b3a5a840, 0x000002a3b3a5ab18]
Event: 9.328 Thread 0x000002a3d403c530 6403       3       org.gradle.internal.instantiation.generator.AbstractClassGenerator::inspectType (560 bytes)
Event: 9.330 Thread 0x000002a3d403c530 nmethod 6403 0x000002a3b3aa5190 code [0x000002a3b3aa5940, 0x000002a3b3aaa7e8]
Event: 9.332 Thread 0x000002a3d403c530 6404       3       java.util.regex.Matcher::getTextLength (10 bytes)
Event: 9.332 Thread 0x000002a3d403c530 nmethod 6404 0x000002a3b3a5a090 code [0x000002a3b3a5a240, 0x000002a3b3a5a428]
Event: 9.336 Thread 0x000002a3d403c530 6405       3       org.gradle.api.internal.DefaultDomainObjectCollection::getMutationGuard (10 bytes)
Event: 9.336 Thread 0x000002a3d403c530 nmethod 6405 0x000002a3b3cbf290 code [0x000002a3b3cbf440, 0x000002a3b3cbf628]
Event: 9.342 Thread 0x000002a3d403c530 6406       3       org.gradle.internal.instantiation.generator.AsmBackedClassGenerator$ClassBuilderImpl::addSetter (9 bytes)
Event: 9.342 Thread 0x000002a3d403c530 nmethod 6406 0x000002a3b3cbee90 code [0x000002a3b3cbf040, 0x000002a3b3cbf188]
Event: 9.342 Thread 0x000002a3d403c530 6408       3       org.gradle.internal.instantiation.generator.AbstractClassGenerator$MethodMetadata::getName (8 bytes)
Event: 9.342 Thread 0x000002a3d403c530 nmethod 6408 0x000002a3b4276010 code [0x000002a3b42761a0, 0x000002a3b42762d8]
Event: 9.342 Thread 0x000002a3d403c530 6407       3       org.gradle.internal.instantiation.generator.AsmBackedClassGenerator$ClassBuilderImpl::addSetter (16 bytes)
Event: 9.343 Thread 0x000002a3d403c530 nmethod 6407 0x000002a3b3cbe290 code [0x000002a3b3cbe4a0, 0x000002a3b3cbebd8]
Event: 9.343 Thread 0x000002a3d403c530 6409  s    3       org.gradle.internal.classloader.VisitableURLClassLoader::getUserData (48 bytes)
Event: 9.343 Thread 0x000002a3d403c530 nmethod 6409 0x000002a3b4007890 code [0x000002a3b4007a80, 0x000002a3b4008098]

GC Heap History (20 events):
Event: 5.519 GC heap before
{Heap before GC invocations=11 (full 0):
 garbage-first heap   total 75776K, used 54247K [0x0000000700000000, 0x0000000800000000)
  region size 2048K, 15 young (30720K), 2 survivors (4096K)
 Metaspace       used 46197K, committed 46656K, reserved 1114112K
  class space    used 6058K, committed 6272K, reserved 1048576K
}
Event: 5.521 GC heap after
{Heap after GC invocations=12 (full 0):
 garbage-first heap   total 75776K, used 31322K [0x0000000700000000, 0x0000000800000000)
  region size 2048K, 1 young (2048K), 1 survivors (2048K)
 Metaspace       used 46197K, committed 46656K, reserved 1114112K
  class space    used 6058K, committed 6272K, reserved 1048576K
}
Event: 5.972 GC heap before
{Heap before GC invocations=12 (full 0):
 garbage-first heap   total 75776K, used 55898K [0x0000000700000000, 0x0000000800000000)
  region size 2048K, 14 young (28672K), 1 survivors (2048K)
 Metaspace       used 49324K, committed 49792K, reserved 1114112K
  class space    used 6584K, committed 6784K, reserved 1048576K
}
Event: 5.974 GC heap after
{Heap after GC invocations=13 (full 0):
 garbage-first heap   total 75776K, used 32465K [0x0000000700000000, 0x0000000800000000)
  region size 2048K, 2 young (4096K), 2 survivors (4096K)
 Metaspace       used 49324K, committed 49792K, reserved 1114112K
  class space    used 6584K, committed 6784K, reserved 1048576K
}
Event: 6.704 GC heap before
{Heap before GC invocations=13 (full 0):
 garbage-first heap   total 75776K, used 57041K [0x0000000700000000, 0x0000000800000000)
  region size 2048K, 14 young (28672K), 2 survivors (4096K)
 Metaspace       used 52257K, committed 52672K, reserved 1114112K
  class space    used 7052K, committed 7232K, reserved 1048576K
}
Event: 6.707 GC heap after
{Heap after GC invocations=14 (full 0):
 garbage-first heap   total 75776K, used 33455K [0x0000000700000000, 0x0000000800000000)
  region size 2048K, 2 young (4096K), 2 survivors (4096K)
 Metaspace       used 52257K, committed 52672K, reserved 1114112K
  class space    used 7052K, committed 7232K, reserved 1048576K
}
Event: 7.436 GC heap before
{Heap before GC invocations=14 (full 0):
 garbage-first heap   total 75776K, used 58031K [0x0000000700000000, 0x0000000800000000)
  region size 2048K, 14 young (28672K), 2 survivors (4096K)
 Metaspace       used 53979K, committed 54464K, reserved 1114112K
  class space    used 7277K, committed 7488K, reserved 1048576K
}
Event: 7.439 GC heap after
{Heap after GC invocations=15 (full 0):
 garbage-first heap   total 75776K, used 36049K [0x0000000700000000, 0x0000000800000000)
  region size 2048K, 2 young (4096K), 2 survivors (4096K)
 Metaspace       used 53979K, committed 54464K, reserved 1114112K
  class space    used 7277K, committed 7488K, reserved 1048576K
}
Event: 7.755 GC heap before
{Heap before GC invocations=15 (full 0):
 garbage-first heap   total 75776K, used 52433K [0x0000000700000000, 0x0000000800000000)
  region size 2048K, 11 young (22528K), 2 survivors (4096K)
 Metaspace       used 54401K, committed 54976K, reserved 1114112K
  class space    used 7316K, committed 7616K, reserved 1048576K
}
Event: 7.759 GC heap after
{Heap after GC invocations=16 (full 0):
 garbage-first heap   total 75776K, used 42326K [0x0000000700000000, 0x0000000800000000)
  region size 2048K, 2 young (4096K), 2 survivors (4096K)
 Metaspace       used 54401K, committed 54976K, reserved 1114112K
  class space    used 7316K, committed 7616K, reserved 1048576K
}
Event: 8.052 GC heap before
{Heap before GC invocations=17 (full 0):
 garbage-first heap   total 79872K, used 62806K [0x0000000700000000, 0x0000000800000000)
  region size 2048K, 10 young (20480K), 2 survivors (4096K)
 Metaspace       used 54940K, committed 55488K, reserved 1114112K
  class space    used 7392K, committed 7680K, reserved 1048576K
}
Event: 8.055 GC heap after
{Heap after GC invocations=18 (full 0):
 garbage-first heap   total 79872K, used 56308K [0x0000000700000000, 0x0000000800000000)
  region size 2048K, 2 young (4096K), 2 survivors (4096K)
 Metaspace       used 54940K, committed 55488K, reserved 1114112K
  class space    used 7392K, committed 7680K, reserved 1048576K
}
Event: 8.079 GC heap before
{Heap before GC invocations=18 (full 0):
 garbage-first heap   total 79872K, used 56308K [0x0000000700000000, 0x0000000800000000)
  region size 2048K, 3 young (6144K), 2 survivors (4096K)
 Metaspace       used 55135K, committed 55680K, reserved 1114112K
  class space    used 7416K, committed 7680K, reserved 1048576K
}
Event: 8.081 GC heap after
{Heap after GC invocations=19 (full 0):
 garbage-first heap   total 79872K, used 55929K [0x0000000700000000, 0x0000000800000000)
  region size 2048K, 1 young (2048K), 1 survivors (2048K)
 Metaspace       used 55135K, committed 55680K, reserved 1114112K
  class space    used 7416K, committed 7680K, reserved 1048576K
}
Event: 8.146 GC heap before
{Heap before GC invocations=19 (full 0):
 garbage-first heap   total 79872K, used 60025K [0x0000000700000000, 0x0000000800000000)
  region size 2048K, 4 young (8192K), 1 survivors (2048K)
 Metaspace       used 55497K, committed 56000K, reserved 1114112K
  class space    used 7449K, committed 7680K, reserved 1048576K
}
Event: 8.148 GC heap after
{Heap after GC invocations=20 (full 0):
 garbage-first heap   total 79872K, used 56919K [0x0000000700000000, 0x0000000800000000)
  region size 2048K, 1 young (2048K), 1 survivors (2048K)
 Metaspace       used 55497K, committed 56000K, reserved 1114112K
  class space    used 7449K, committed 7680K, reserved 1048576K
}
Event: 8.245 GC heap before
{Heap before GC invocations=21 (full 0):
 garbage-first heap   total 102400K, used 61015K [0x0000000700000000, 0x0000000800000000)
  region size 2048K, 4 young (8192K), 1 survivors (2048K)
 Metaspace       used 55999K, committed 56576K, reserved 1114112K
  class space    used 7527K, committed 7808K, reserved 1048576K
}
Event: 8.247 GC heap after
{Heap after GC invocations=22 (full 0):
 garbage-first heap   total 131072K, used 57232K [0x0000000700000000, 0x0000000800000000)
  region size 2048K, 1 young (2048K), 1 survivors (2048K)
 Metaspace       used 55999K, committed 56576K, reserved 1114112K
  class space    used 7527K, committed 7808K, reserved 1048576K
}
Event: 9.040 GC heap before
{Heap before GC invocations=22 (full 0):
 garbage-first heap   total 131072K, used 100240K [0x0000000700000000, 0x0000000800000000)
  region size 2048K, 22 young (45056K), 1 survivors (2048K)
 Metaspace       used 60612K, committed 61120K, reserved 1114112K
  class space    used 8091K, committed 8320K, reserved 1048576K
}
Event: 9.042 GC heap after
{Heap after GC invocations=23 (full 0):
 garbage-first heap   total 131072K, used 58181K [0x0000000700000000, 0x0000000800000000)
  region size 2048K, 1 young (2048K), 1 survivors (2048K)
 Metaspace       used 60612K, committed 61120K, reserved 1114112K
  class space    used 8091K, committed 8320K, reserved 1048576K
}

Dll operation events (3 events):
Event: 0.017 Loaded shared library C:\Program Files\Android\Android Studio\jbr\bin\java.dll
Event: 0.125 Loaded shared library C:\Program Files\Android\Android Studio\jbr\bin\zip.dll
Event: 0.490 Loaded shared library C:\Program Files\Android\Android Studio\jbr\bin\verify.dll

Deoptimization events (20 events):
Event: 8.479 Thread 0x000002a3d56058c0 Uncommon trap: trap_request=0xffffffde fr.pc=0x000002a3bb61bd88 relative=0x0000000000000868
Event: 8.479 Thread 0x000002a3d56058c0 Uncommon trap: reason=class_check action=maybe_recompile pc=0x000002a3bb61bd88 method=java.io.BufferedInputStream.read1([BII)I @ 39 c2
Event: 8.479 Thread 0x000002a3d56058c0 DEOPT PACKING pc=0x000002a3bb61bd88 sp=0x000000b6405f6d20
Event: 8.479 Thread 0x000002a3d56058c0 DEOPT UNPACKING pc=0x000002a3baf269a3 sp=0x000000b6405f6c38 mode 2
Event: 8.498 Thread 0x000002a3d56058c0 Uncommon trap: trap_request=0xffffffde fr.pc=0x000002a3bb61bd88 relative=0x0000000000000868
Event: 8.498 Thread 0x000002a3d56058c0 Uncommon trap: reason=class_check action=maybe_recompile pc=0x000002a3bb61bd88 method=java.io.BufferedInputStream.read1([BII)I @ 39 c2
Event: 8.498 Thread 0x000002a3d56058c0 DEOPT PACKING pc=0x000002a3bb61bd88 sp=0x000000b6405f77d0
Event: 8.498 Thread 0x000002a3d56058c0 DEOPT UNPACKING pc=0x000002a3baf269a3 sp=0x000000b6405f76e8 mode 2
Event: 8.499 Thread 0x000002a3d56058c0 Uncommon trap: trap_request=0xffffffde fr.pc=0x000002a3bb61af80 relative=0x00000000000001c0
Event: 8.499 Thread 0x000002a3d56058c0 Uncommon trap: reason=class_check action=maybe_recompile pc=0x000002a3bb61af80 method=java.io.BufferedInputStream.read1([BII)I @ 39 c2
Event: 8.499 Thread 0x000002a3d56058c0 DEOPT PACKING pc=0x000002a3bb61af80 sp=0x000000b6405f7720
Event: 8.499 Thread 0x000002a3d56058c0 DEOPT UNPACKING pc=0x000002a3baf269a3 sp=0x000000b6405f76d8 mode 2
Event: 8.751 Thread 0x000002a3d56058c0 Uncommon trap: trap_request=0xffffff45 fr.pc=0x000002a3bb674164 relative=0x00000000000002a4
Event: 8.751 Thread 0x000002a3d56058c0 Uncommon trap: reason=unstable_if action=reinterpret pc=0x000002a3bb674164 method=org.gradle.internal.instantiation.generator.AbstractClassGenerator$InjectionAnnotationValidator.validateMethod(Ljava/lang/reflect/Method;Lorg/gradle/internal/reflect/Propert
Event: 8.751 Thread 0x000002a3d56058c0 DEOPT PACKING pc=0x000002a3bb674164 sp=0x000000b6405f70d0
Event: 8.751 Thread 0x000002a3d56058c0 DEOPT UNPACKING pc=0x000002a3baf269a3 sp=0x000000b6405f7098 mode 2
Event: 8.765 Thread 0x000002a3d56058c0 Uncommon trap: trap_request=0xffffffde fr.pc=0x000002a3bb7a0f64 relative=0x0000000000002844
Event: 8.765 Thread 0x000002a3d56058c0 Uncommon trap: reason=class_check action=maybe_recompile pc=0x000002a3bb7a0f64 method=java.util.jar.JarFile.getManifestFromReference()Ljava/util/jar/Manifest; @ 152 c2
Event: 8.765 Thread 0x000002a3d56058c0 DEOPT PACKING pc=0x000002a3bb7a0f64 sp=0x000000b6405f6cd0
Event: 8.765 Thread 0x000002a3d56058c0 DEOPT UNPACKING pc=0x000002a3baf269a3 sp=0x000000b6405f6c40 mode 2

Classes unloaded (0 events):
No events

Classes redefined (0 events):
No events

Internal exceptions (20 events):
Event: 6.801 Thread 0x000002a3d56058c0 Exception <a 'java/lang/NoSuchMethodError'{0x00000007044fa4d8}: 'void java.lang.invoke.DirectMethodHandle$Holder.invokeStatic(java.lang.Object, java.lang.Object, java.lang.Object, int, java.lang.Object)'> (0x00000007044fa4d8) 
thrown [s\src\hotspot\share\interpreter\linkResolver.cpp, line 771]
Event: 6.888 Thread 0x000002a3d56058c0 Exception <a 'java/lang/NoSuchMethodError'{0x000000070408f7c0}: 'java.lang.Object java.lang.invoke.DirectMethodHandle$Holder.newInvokeSpecial(java.lang.Object, java.lang.Object, int)'> (0x000000070408f7c0) 
thrown [s\src\hotspot\share\interpreter\linkResolver.cpp, line 771]
Event: 7.621 Thread 0x000002a3d56058c0 Exception <a 'java/lang/NoSuchMethodError'{0x00000007040ffd98}: 'long java.lang.invoke.DirectMethodHandle$Holder.invokeVirtual(java.lang.Object, java.lang.Object)'> (0x00000007040ffd98) 
thrown [s\src\hotspot\share\interpreter\linkResolver.cpp, line 771]
Event: 7.626 Thread 0x000002a3d5ea7550 Exception <a 'java/lang/NoSuchMethodError'{0x00000007041542d0}: static Lorg/gradle/internal/build/event/types/DefaultOperationFinishedProgressEvent;.<clinit>()V> (0x00000007041542d0) 
thrown [s\src\hotspot\share\prims\jni.cpp, line 1108]
Event: 7.628 Thread 0x000002a3d5ea7550 Exception <a 'java/lang/NoSuchMethodError'{0x000000070417c980}: static Lorg/gradle/internal/build/event/types/DefaultProjectConfigurationSuccessResult;.<clinit>()V> (0x000000070417c980) 
thrown [s\src\hotspot\share\prims\jni.cpp, line 1108]
Event: 7.628 Thread 0x000002a3d5ea7550 Exception <a 'java/lang/NoSuchMethodError'{0x000000070417dc90}: static Lorg/gradle/internal/build/event/types/AbstractProjectConfigurationResult;.<clinit>()V> (0x000000070417dc90) 
thrown [s\src\hotspot\share\prims\jni.cpp, line 1108]
Event: 7.628 Thread 0x000002a3d5ea7550 Exception <a 'java/lang/NoSuchMethodError'{0x000000070417f190}: static Lorg/gradle/internal/build/event/types/AbstractOperationResult;.<clinit>()V> (0x000000070417f190) 
thrown [s\src\hotspot\share\prims\jni.cpp, line 1108]
Event: 7.629 Thread 0x000002a3d5ea7550 Exception <a 'java/lang/NoSuchMethodError'{0x00000007041802b8}: static Lorg/gradle/internal/build/event/types/AbstractResult;.<clinit>()V> (0x00000007041802b8) 
thrown [s\src\hotspot\share\prims\jni.cpp, line 1108]
Event: 7.630 Thread 0x000002a3d5ea7550 Exception <a 'java/lang/NoSuchMethodError'{0x0000000704197828}: static Lorg/gradle/internal/build/event/types/DefaultPluginApplicationResult;.<clinit>()V> (0x0000000704197828) 
thrown [s\src\hotspot\share\prims\jni.cpp, line 1108]
Event: 7.631 Thread 0x000002a3d5ea7550 Exception <a 'java/lang/NoSuchMethodError'{0x00000007041a38f0}: static Lorg/gradle/internal/build/event/types/DefaultBinaryPluginIdentifier;.<clinit>()V> (0x00000007041a38f0) 
thrown [s\src\hotspot\share\prims\jni.cpp, line 1108]
Event: 7.633 Thread 0x000002a3d5ea7550 Exception <a 'java/lang/NoSuchMethodError'{0x0000000703e0dfe8}: static Lorg/gradle/internal/build/event/types/DefaultScriptPluginIdentifier;.<clinit>()V> (0x0000000703e0dfe8) 
thrown [s\src\hotspot\share\prims\jni.cpp, line 1108]
Event: 7.693 Thread 0x000002a3d56058c0 Implicit null exception at 0x000002a3bb76b30f to 0x000002a3bb76b9d0
Event: 7.693 Thread 0x000002a3d56058c0 Implicit null exception at 0x000002a3bb76c614 to 0x000002a3bb76ccf4
Event: 7.973 Thread 0x000002a3d56058c0 Exception <a 'java/lang/ClassNotFoundException'{0x00000007045e2250}: sun/misc/SharedSecrets> (0x00000007045e2250) 
thrown [s\src\hotspot\share\classfile\systemDictionary.cpp, line 256]
Event: 7.973 Thread 0x000002a3d56058c0 Exception <a 'java/lang/ClassNotFoundException'{0x00000007045e3828}: org/gradle/api/internal/plugins/DefaultObjectConfigurationActionBeanInfo> (0x00000007045e3828) 
thrown [s\src\hotspot\share\classfile\systemDictionary.cpp, line 256]
Event: 7.973 Thread 0x000002a3d56058c0 Exception <a 'java/lang/ClassNotFoundException'{0x00000007045f83b0}: org/gradle/api/internal/plugins/DefaultObjectConfigurationActionCustomizer> (0x00000007045f83b0) 
thrown [s\src\hotspot\share\classfile\systemDictionary.cpp, line 256]
Event: 8.257 Thread 0x000002a3d56058c0 Exception <a 'java/lang/NoSuchMethodError'{0x0000000707ed1218}: 'java.lang.Object java.lang.invoke.DirectMethodHandle$Holder.newInvokeSpecial(java.lang.Object, java.lang.Object, java.lang.Object, java.lang.Object, int)'> (0x0000000707ed1218) 
thrown [s\src\hotspot\share\interpreter\linkResolver.cpp, line 771]
Event: 8.257 Thread 0x000002a3d56058c0 Exception <a 'java/lang/NoSuchMethodError'{0x0000000707ed6660}: 'java.lang.Object java.lang.invoke.DirectMethodHandle$Holder.invokeSpecial(java.lang.Object, java.lang.Object, java.lang.Object, java.lang.Object, java.lang.Object, int)'> (0x0000000707ed6660) 
thrown [s\src\hotspot\share\interpreter\linkResolver.cpp, line 771]
Event: 8.257 Thread 0x000002a3d56058c0 Exception <a 'java/lang/NoSuchMethodError'{0x0000000707edb3e0}: 'java.lang.Object java.lang.invoke.Invokers$Holder.linkToTargetMethod(java.lang.Object, java.lang.Object, java.lang.Object, int, java.lang.Object)'> (0x0000000707edb3e0) 
thrown [s\src\hotspot\share\interpreter\linkResolver.cpp, line 771]
Event: 8.737 Thread 0x000002a3d56058c0 Exception <a 'java/lang/NoSuchMethodError'{0x0000000706d31a08}: 'int java.lang.invoke.DirectMethodHandle$Holder.invokeInterface(java.lang.Object, java.lang.Object, java.lang.Object, java.lang.Object)'> (0x0000000706d31a08) 
thrown [s\src\hotspot\share\interpreter\linkResolver.cpp, line 771]

VM Operations (20 events):
Event: 7.780 Executing VM operation: G1Concurrent
Event: 7.780 Executing VM operation: G1Concurrent done
Event: 8.052 Executing VM operation: G1CollectForAllocation
Event: 8.055 Executing VM operation: G1CollectForAllocation done
Event: 8.079 Executing VM operation: G1CollectForAllocation
Event: 8.081 Executing VM operation: G1CollectForAllocation done
Event: 8.146 Executing VM operation: G1CollectForAllocation
Event: 8.148 Executing VM operation: G1CollectForAllocation done
Event: 8.162 Executing VM operation: G1Concurrent
Event: 8.164 Executing VM operation: G1Concurrent done
Event: 8.171 Executing VM operation: G1Concurrent
Event: 8.171 Executing VM operation: G1Concurrent done
Event: 8.245 Executing VM operation: G1CollectForAllocation
Event: 8.247 Executing VM operation: G1CollectForAllocation done
Event: 8.688 Executing VM operation: HandshakeAllThreads
Event: 8.689 Executing VM operation: HandshakeAllThreads done
Event: 8.736 Executing VM operation: HandshakeAllThreads
Event: 8.737 Executing VM operation: HandshakeAllThreads done
Event: 9.040 Executing VM operation: G1CollectForAllocation
Event: 9.042 Executing VM operation: G1CollectForAllocation done

Events (20 events):
Event: 8.947 loading class java/time/format/DateTimeTextProvider$1
Event: 8.947 loading class java/time/format/DateTimeTextProvider$1 done
Event: 8.947 loading class java/time/format/DateTimeFormatterBuilder$1
Event: 8.947 loading class java/time/format/DateTimeFormatterBuilder$1 done
Event: 8.947 loading class java/time/format/DateTimeFormatterBuilder$TextPrinterParser
Event: 8.947 loading class java/time/format/DateTimeFormatterBuilder$TextPrinterParser done
Event: 8.948 loading class java/util/concurrent/Executors$DefaultThreadFactory
Event: 8.948 loading class java/util/concurrent/Executors$DefaultThreadFactory done
Event: 8.992 Thread 0x000002a3db1685c0 Thread added: 0x000002a3db1685c0
Event: 9.072 loading class java/nio/charset/UnsupportedCharsetException
Event: 9.073 loading class java/nio/charset/UnsupportedCharsetException done
Event: 9.099 loading class java/util/IdentityHashMap$KeyIterator
Event: 9.099 loading class java/util/IdentityHashMap$IdentityHashMapIterator
Event: 9.100 loading class java/util/IdentityHashMap$IdentityHashMapIterator done
Event: 9.100 loading class java/util/IdentityHashMap$KeyIterator done
Event: 9.114 loading class jdk/internal/access/foreign/MemorySegmentProxy
Event: 9.115 loading class jdk/internal/access/foreign/MemorySegmentProxy done
Event: 9.124 Thread 0x000002a3dad2d360 Thread added: 0x000002a3dad2d360
Event: 9.288 loading class java/util/regex/Pattern$1
Event: 9.288 loading class java/util/regex/Pattern$1 done


Dynamic libraries:
0x00007ff7ccc70000 - 0x00007ff7ccc7a000 	C:\Program Files\Android\Android Studio\jbr\bin\java.exe
0x00007ff81c410000 - 0x00007ff81c627000 	C:\WINDOWS\SYSTEM32\ntdll.dll
0x00007ff81bc00000 - 0x00007ff81bcc4000 	C:\WINDOWS\System32\KERNEL32.DLL
0x00007ff819ab0000 - 0x00007ff819e82000 	C:\WINDOWS\System32\KERNELBASE.dll
0x00007ff819e90000 - 0x00007ff819fa1000 	C:\WINDOWS\System32\ucrtbase.dll
0x00007fffe2bc0000 - 0x00007fffe2bd7000 	C:\Program Files\Android\Android Studio\jbr\bin\jli.dll
0x00007fffe5410000 - 0x00007fffe542b000 	C:\Program Files\Android\Android Studio\jbr\bin\VCRUNTIME140.dll
0x00007ff81ae10000 - 0x00007ff81afc1000 	C:\WINDOWS\System32\USER32.dll
0x00007ff819fb0000 - 0x00007ff819fd6000 	C:\WINDOWS\System32\win32u.dll
0x00007ff81be60000 - 0x00007ff81be89000 	C:\WINDOWS\System32\GDI32.dll
0x00007ff819860000 - 0x00007ff819983000 	C:\WINDOWS\System32\gdi32full.dll
0x00007ff819990000 - 0x00007ff819a2a000 	C:\WINDOWS\System32\msvcp_win.dll
0x00007ff807290000 - 0x00007ff80752b000 	C:\WINDOWS\WinSxS\amd64_microsoft.windows.common-controls_6595b64144ccf1df_6.0.22621.5415_none_270d77d17387d7da\COMCTL32.dll
0x00007ff81bd90000 - 0x00007ff81be37000 	C:\WINDOWS\System32\msvcrt.dll
0x00007ff81b5b0000 - 0x00007ff81b5e1000 	C:\WINDOWS\System32\IMM32.DLL
0x00007ff813850000 - 0x00007ff81385c000 	C:\Program Files\Android\Android Studio\jbr\bin\vcruntime140_1.dll
0x00007fff98830000 - 0x00007fff988bd000 	C:\Program Files\Android\Android Studio\jbr\bin\msvcp140.dll
0x00007fff5d370000 - 0x00007fff5dff0000 	C:\Program Files\Android\Android Studio\jbr\bin\server\jvm.dll
0x00007ff81afd0000 - 0x00007ff81b081000 	C:\WINDOWS\System32\ADVAPI32.dll
0x00007ff81bcd0000 - 0x00007ff81bd78000 	C:\WINDOWS\System32\sechost.dll
0x00007ff8196f0000 - 0x00007ff819718000 	C:\WINDOWS\System32\bcrypt.dll
0x00007ff81b980000 - 0x00007ff81ba94000 	C:\WINDOWS\System32\RPCRT4.dll
0x00007ff814f90000 - 0x00007ff814fc4000 	C:\WINDOWS\SYSTEM32\WINMM.dll
0x00007ffffda20000 - 0x00007ffffda29000 	C:\WINDOWS\SYSTEM32\WSOCK32.dll
0x00007ff812980000 - 0x00007ff81298a000 	C:\WINDOWS\SYSTEM32\VERSION.dll
0x00007ff81be90000 - 0x00007ff81bf01000 	C:\WINDOWS\System32\WS2_32.dll
0x00007ff818510000 - 0x00007ff818528000 	C:\WINDOWS\SYSTEM32\kernel.appcore.dll
0x00007ff8094f0000 - 0x00007ff8094fa000 	C:\Program Files\Android\Android Studio\jbr\bin\jimage.dll
0x00007ff817010000 - 0x00007ff817243000 	C:\WINDOWS\SYSTEM32\DBGHELP.DLL
0x00007ff81bf80000 - 0x00007ff81c313000 	C:\WINDOWS\System32\combase.dll
0x00007ff81b8a0000 - 0x00007ff81b977000 	C:\WINDOWS\System32\OLEAUT32.dll
0x00007ff8071f0000 - 0x00007ff807222000 	C:\WINDOWS\SYSTEM32\dbgcore.DLL
0x00007ff819670000 - 0x00007ff8196eb000 	C:\WINDOWS\System32\bcryptPrimitives.dll
0x00007ffff1600000 - 0x00007ffff160e000 	C:\Program Files\Android\Android Studio\jbr\bin\instrument.dll
0x00007fffe0f90000 - 0x00007fffe0fb5000 	C:\Program Files\Android\Android Studio\jbr\bin\java.dll
0x00007fffe3fb0000 - 0x00007fffe3fc8000 	C:\Program Files\Android\Android Studio\jbr\bin\zip.dll
0x00007ff81a3c0000 - 0x00007ff81ac62000 	C:\WINDOWS\System32\SHELL32.dll
0x00007ff819720000 - 0x00007ff81985f000 	C:\WINDOWS\System32\wintypes.dll
0x00007ff8173e0000 - 0x00007ff817cfe000 	C:\WINDOWS\SYSTEM32\windows.storage.dll
0x00007ff81a2b0000 - 0x00007ff81a3bb000 	C:\WINDOWS\System32\SHCORE.dll
0x00007ff81bf10000 - 0x00007ff81bf79000 	C:\WINDOWS\System32\shlwapi.dll
0x00007ff819430000 - 0x00007ff81945b000 	C:\WINDOWS\SYSTEM32\profapi.dll
0x00007fffe3be0000 - 0x00007fffe3bf9000 	C:\Program Files\Android\Android Studio\jbr\bin\net.dll
0x00007ff814610000 - 0x00007ff81473c000 	C:\WINDOWS\SYSTEM32\WINHTTP.dll
0x00007ff8189b0000 - 0x00007ff818a19000 	C:\WINDOWS\system32\mswsock.dll
0x00007fffe2d20000 - 0x00007fffe2d36000 	C:\Program Files\Android\Android Studio\jbr\bin\nio.dll
0x00007ff802290000 - 0x00007ff8022a0000 	C:\Program Files\Android\Android Studio\jbr\bin\verify.dll
0x00007fffe1eb0000 - 0x00007fffe1ed7000 	C:\Users\Lenovo\.gradle\native\68d5fa5c4cc2d200863cafc0d521ce42e7d3e7ee720ec0a83991735586a16f82\windows-amd64\native-platform.dll
0x00007fff91d50000 - 0x00007fff91e94000 	C:\Users\Lenovo\.gradle\native\e376f236ea51e6404a007f0833ffe2c6e607c4080706a723a18a27aeea778392\windows-amd64\native-platform-file-events.dll
0x00007ffff2d40000 - 0x00007ffff2d49000 	C:\Program Files\Android\Android Studio\jbr\bin\management.dll
0x00007ffff1fe0000 - 0x00007ffff1feb000 	C:\Program Files\Android\Android Studio\jbr\bin\management_ext.dll
0x00007ff81b120000 - 0x00007ff81b128000 	C:\WINDOWS\System32\PSAPI.DLL
0x00007ff818c00000 - 0x00007ff818c1b000 	C:\WINDOWS\SYSTEM32\CRYPTSP.dll
0x00007ff818460000 - 0x00007ff818497000 	C:\WINDOWS\system32\rsaenh.dll
0x00007ff818aa0000 - 0x00007ff818ac8000 	C:\WINDOWS\SYSTEM32\USERENV.dll
0x00007ff818c20000 - 0x00007ff818c2c000 	C:\WINDOWS\SYSTEM32\CRYPTBASE.dll
0x00007ff817f60000 - 0x00007ff817f8d000 	C:\WINDOWS\SYSTEM32\IPHLPAPI.DLL
0x00007ff81b840000 - 0x00007ff81b849000 	C:\WINDOWS\System32\NSI.dll
0x00007ff814b60000 - 0x00007ff814b79000 	C:\WINDOWS\SYSTEM32\dhcpcsvc6.DLL
0x00007ff813120000 - 0x00007ff81313f000 	C:\WINDOWS\SYSTEM32\dhcpcsvc.DLL
0x00007ff817fd0000 - 0x00007ff8180c8000 	C:\WINDOWS\SYSTEM32\DNSAPI.dll
0x00007fffee8e0000 - 0x00007fffee8e8000 	C:\WINDOWS\system32\wshunix.dll

dbghelp: loaded successfully - version: 4.0.5 - missing functions: none
symbol engine: initialized successfully - sym options: 0x614 - pdb path: .;C:\Program Files\Android\Android Studio\jbr\bin;C:\WINDOWS\SYSTEM32;C:\WINDOWS\WinSxS\amd64_microsoft.windows.common-controls_6595b64144ccf1df_6.0.22621.5415_none_270d77d17387d7da;C:\Program Files\Android\Android Studio\jbr\bin\server;C:\Users\Lenovo\.gradle\native\68d5fa5c4cc2d200863cafc0d521ce42e7d3e7ee720ec0a83991735586a16f82\windows-amd64;C:\Users\Lenovo\.gradle\native\e376f236ea51e6404a007f0833ffe2c6e607c4080706a723a18a27aeea778392\windows-amd64

VM Arguments:
jvm_args: --add-opens=java.base/java.util=ALL-UNNAMED --add-opens=java.base/java.lang=ALL-UNNAMED --add-opens=java.base/java.lang.invoke=ALL-UNNAMED --add-opens=java.prefs/java.util.prefs=ALL-UNNAMED --add-opens=java.base/java.nio.charset=ALL-UNNAMED --add-opens=java.base/java.net=ALL-UNNAMED --add-opens=java.base/java.util.concurrent.atomic=ALL-UNNAMED -Xmx4096m -Dfile.encoding=UTF-8 -Duser.country=US -Duser.language=en -Duser.variant -javaagent:C:\Users\Lenovo\.gradle\wrapper\dists\gradle-8.2-bin\bbg7u40eoinfdyxsxr3z4i7ta\gradle-8.2\lib\agents\gradle-instrumentation-agent-8.2.jar 
java_command: org.gradle.launcher.daemon.bootstrap.GradleDaemon 8.2
java_class_path (initial): C:\Users\Lenovo\.gradle\wrapper\dists\gradle-8.2-bin\bbg7u40eoinfdyxsxr3z4i7ta\gradle-8.2\lib\gradle-launcher-8.2.jar
Launcher Type: SUN_STANDARD

[Global flags]
     intx CICompilerCount                          = 4                                         {product} {ergonomic}
     uint ConcGCThreads                            = 3                                         {product} {ergonomic}
     uint G1ConcRefinementThreads                  = 10                                        {product} {ergonomic}
   size_t G1HeapRegionSize                         = 2097152                                   {product} {ergonomic}
    uintx GCDrainStackTargetSize                   = 64                                        {product} {ergonomic}
   size_t InitialHeapSize                          = 98566144                                  {product} {ergonomic}
   size_t MarkStackSize                            = 4194304                                   {product} {ergonomic}
   size_t MaxHeapSize                              = 4294967296                                {product} {command line}
   size_t MaxNewSize                               = 2575302656                                {product} {ergonomic}
   size_t MinHeapDeltaBytes                        = 2097152                                   {product} {ergonomic}
   size_t MinHeapSize                              = 8388608                                   {product} {ergonomic}
    uintx NonNMethodCodeHeapSize                   = 5839372                                {pd product} {ergonomic}
    uintx NonProfiledCodeHeapSize                  = 122909434                              {pd product} {ergonomic}
    uintx ProfiledCodeHeapSize                     = 122909434                              {pd product} {ergonomic}
    uintx ReservedCodeCacheSize                    = 251658240                              {pd product} {ergonomic}
     bool SegmentedCodeCache                       = true                                      {product} {ergonomic}
   size_t SoftMaxHeapSize                          = 4294967296                             {manageable} {ergonomic}
     bool UseCompressedClassPointers               = true                           {product lp64_product} {ergonomic}
     bool UseCompressedOops                        = true                           {product lp64_product} {ergonomic}
     bool UseG1GC                                  = true                                      {product} {ergonomic}
     bool UseLargePagesIndividualAllocation        = false                                  {pd product} {ergonomic}

Logging:
Log output configuration:
 #0: stdout all=warning uptime,level,tags
 #1: stderr all=off uptime,level,tags

Environment Variables:
JAVA_HOME=C:\JAVA\jdk-1.8
PATH=C:\Program Files\Python313\Scripts\;C:\Program Files\Python313\;C:\Program Files (x86)\Common Files\Oracle\Java\java8path;C:\Program Files (x86)\Common Files\Oracle\Java\javapath;C:\Program Files (x86)\VMware\VMware Workstation\bin\;C:\app\Lenovo\product\21c\dbhomeXE\bin;C:\Program Files (x86)\Common Files\Intel\Shared Libraries\redist\intel64\compiler;C:\WINDOWS\system32;C:\WINDOWS;C:\WINDOWS\System32\Wbem;C:\WINDOWS\System32\WindowsPowerShell\v1.0\;C:\WINDOWS\System32\OpenSSH\;C:\minGW++\bin;C:\Program Files\Git\cmd;C:\Program Files\nodejs\;C:\cygwin64\bin;C:\Program Files\Docker\Docker\resources\bin;C:\JAVA\jdk-1.8\bin;C:\hadoop\bin;C:\hadoop\sbin;C:\hive\bin;C:\derby\bin;C:\wget;C:\JAVA\jdk-1.8\bin;C:\spark\spark-3.4.4-bin-hadoop3\bin;C:\spark\bin;C:\Program Files\Python313\Scripts\;C:\Program Files\Python313\;C:\Program Files (x86)\Common Files\Oracle\Java\java8path;C:\Program Files (x86)\Common Files\Oracle\Java\javapath;C:\Program Files (x86)\VMware\VMware Workstation\bin\;C:\app\Lenovo\product\21c\dbhomeXE\bin;C:\Program Files (x86)\Common Files\Intel\Shared Libraries\redist\intel64\compiler;C:\WINDOWS\system32;C:\WINDOWS;C:\WINDOWS\System32\Wbem;C:\WINDOWS\System32\WindowsPowerShell\v1.0\;C:\WINDOWS\System32\OpenSSH\;C:\minGW++\bin;C:\Program Files\Git\cmd;C:\Program Files\nodejs\;C:\cygwin64\bin;C:\Program Files\Docker\Docker\resources\bin;C:\JAVA\jdk-1.8\bin;C:\hadoop\bin;C:\hadoop\sbin;C:\hive\bin;C:\derby\bin;C:\wget;C:\JAVA\jdk-1.8\bin;C:\Users\Lenovo\AppData\Local\Microsoft\WindowsApps;C:\Users\Lenovo\AppData\Local\Programs\Microsoft VS Code\bin;C:\MinGW\bin;C:\Program Files\JetBrains\IntelliJ IDEA Community Edition 2023.2\bin;C:\Users\Lenovo\AppData\Roaming\npm;
USERNAME=Lenovo
OS=Windows_NT
PROCESSOR_IDENTIFIER=AMD64 Family 23 Model 104 Stepping 1, AuthenticAMD
TMP=C:\Users\Lenovo\AppData\Local\Temp
TEMP=C:\Users\Lenovo\AppData\Local\Temp


JNI global refs:
JNI global refs: 28, weak refs: 2

JNI global refs memory usage: 843, weak refs: 841

OOME stack traces (most recent first):
Classloader memory used:
Loader org.gradle.internal.classloader.VisitableURLClassLoader                         : 3465K
Loader bootstrap                                                                       : 2462K
Loader org.gradle.initialization.MixInLegacyTypesClassLoader                           : 1051K
Loader org.gradle.internal.classloader.VisitableURLClassLoader$InstrumentingVisitableURLClassLoader: 772K
Loader jdk.internal.loader.ClassLoaders$PlatformClassLoader                            : 65283B
Loader jdk.internal.loader.ClassLoaders$AppClassLoader                                 : 28352B
Loader jdk.internal.reflect.DelegatingClassLoader                                      : 21960B
Loader org.gradle.groovy.scripts.internal.DefaultScriptCompilationHandler$ScriptClassLoader: 1712B
Loader org.codehaus.groovy.runtime.callsite.CallSiteClassLoader                        : 356B

Classes loaded by more than one classloader:
Class Program                                                                         : loaded 4 times (x 72B)
Class com.google.common.collect.Iterators$MergingIterator                             : loaded 2 times (x 79B)
Class [Lcom.google.common.collect.AbstractMapEntry;                                   : loaded 2 times (x 67B)
Class com.google.common.collect.SingletonImmutableList                                : loaded 2 times (x 167B)
Class com.google.common.cache.CacheLoader$SupplierToCacheLoader                       : loaded 2 times (x 73B)
Class org.gradle.internal.classpath.ClassPath                                         : loaded 2 times (x 68B)
Class com.google.common.cache.RemovalListener                                         : loaded 2 times (x 68B)
Class org.gradle.api.internal.classpath.DefaultModuleRegistry                         : loaded 2 times (x 84B)
Class Settings_gradle$1$1                                                             : loaded 2 times (x 72B)
Class com.google.common.collect.ListMultimap                                          : loaded 2 times (x 68B)
Class com.google.common.base.CharMatcher$JavaDigit                                    : loaded 2 times (x 109B)
Class com.google.common.base.CharMatcher$Digit                                        : loaded 2 times (x 110B)
Class com.google.common.collect.AbstractMultimap                                      : loaded 2 times (x 121B)
Class com.google.common.cache.CacheBuilder$OneWeigher                                 : loaded 2 times (x 80B)
Class org.gradle.api.Action                                                           : loaded 2 times (x 68B)
Class com.google.common.collect.ImmutableEntry                                        : loaded 2 times (x 80B)
Class com.google.common.collect.Lists$StringAsImmutableList                           : loaded 2 times (x 167B)
Class com.google.common.cache.LocalCache$StrongEntry                                  : loaded 2 times (x 106B)
Class com.google.common.base.CharMatcher                                              : loaded 2 times (x 109B)
Class com.google.common.base.CharMatcher$IsNot                                        : loaded 2 times (x 109B)
Class com.google.common.base.Splitter                                                 : loaded 2 times (x 70B)
Class [Lcom.google.common.cache.Weigher;                                              : loaded 2 times (x 67B)
Class com.google.common.collect.Iterators$ArrayItr                                    : loaded 2 times (x 95B)
Class com.google.common.cache.LocalCache$Segment                                      : loaded 2 times (x 152B)
Class org.gradle.api.internal.DefaultClassPathProvider                                : loaded 2 times (x 74B)
Class org.gradle.internal.installation.GradleInstallation$1                           : loaded 2 times (x 73B)
Class com.google.common.cache.LocalCache$AbstractReferenceEntry                       : loaded 2 times (x 105B)
Class com.google.common.util.concurrent.AbstractFuture$Failure                        : loaded 2 times (x 70B)
Class com.google.common.base.CharMatcher$BitSetMatcher                                : loaded 2 times (x 110B)
Class com.google.common.collect.ImmutableMap$IteratorBasedImmutableMap                : loaded 2 times (x 123B)
Class com.google.common.collect.ImmutableMap                                          : loaded 2 times (x 118B)
Class com.google.common.base.Converter                                                : loaded 2 times (x 88B)
Class com.google.common.collect.ImmutableSet$EmptySetBuilderImpl                      : loaded 2 times (x 74B)
Class com.google.common.base.Equivalence                                              : loaded 2 times (x 80B)
Class com.google.common.cache.LocalCache$EntryFactory$1                               : loaded 2 times (x 81B)
Class com.google.common.cache.LocalCache$EntryFactory$2                               : loaded 2 times (x 81B)
Class com.google.common.cache.LocalCache$EntryFactory$3                               : loaded 2 times (x 81B)
Class com.google.common.cache.LocalCache$EntryFactory$4                               : loaded 2 times (x 81B)
Class com.google.common.cache.LocalCache$EntryFactory$5                               : loaded 2 times (x 81B)
Class com.google.common.cache.LocalCache$EntryFactory$6                               : loaded 2 times (x 81B)
Class com.google.common.cache.LocalCache$EntryFactory$7                               : loaded 2 times (x 81B)
Class com.google.common.cache.LocalCache$EntryFactory$8                               : loaded 2 times (x 81B)
Class com.google.common.base.Predicate                                                : loaded 2 times (x 68B)
Class com.google.common.cache.LocalCache$StrongValueReference                         : loaded 2 times (x 88B)
Class org.gradle.internal.classloader.FilteringClassLoader                            : loaded 2 times (x 102B)
Class com.google.common.collect.RegularImmutableSet                                   : loaded 2 times (x 146B)
Class [Lcom.google.common.cache.LocalCache$Strength;                                  : loaded 2 times (x 67B)
Class org.gradle.internal.classpath.DefaultClassPath$ImmutableUniqueList$Builder      : loaded 2 times (x 73B)
Class com.google.common.collect.Maps$8                                                : loaded 2 times (x 80B)
Class com.google.common.base.PatternCompiler                                          : loaded 2 times (x 68B)
Class [Lcom.google.common.cache.CacheBuilder$NullListener;                            : loaded 2 times (x 67B)
Class com.google.common.base.CharMatcher$InRange                                      : loaded 2 times (x 109B)
Class com.google.common.collect.BiMap                                                 : loaded 2 times (x 68B)
Class com.google.common.collect.Lists                                                 : loaded 2 times (x 69B)
Class com.google.common.math.IntMath$1                                                : loaded 2 times (x 69B)
Class org.gradle.internal.classloader.ClassLoaderVisitor                              : loaded 2 times (x 74B)
Class com.google.common.cache.CacheBuilder$NullListener                               : loaded 2 times (x 80B)
Class com.google.common.math.MathPreconditions                                        : loaded 2 times (x 69B)
Class org.gradle.internal.service.DefaultServiceLocator                               : loaded 2 times (x 81B)
Class org.gradle.internal.service.UnknownServiceException                             : loaded 2 times (x 81B)
Class com.google.common.util.concurrent.AbstractFuture$SynchronizedHelper             : loaded 2 times (x 76B)
Class com.google.common.collect.ArrayListMultimap                                     : loaded 2 times (x 170B)
Class com.google.common.base.Strings                                                  : loaded 2 times (x 69B)
Class com.google.common.cache.CacheLoader$InvalidCacheLoadException                   : loaded 2 times (x 80B)
Class org.gradle.internal.classloader.DefaultClassLoaderFactory                       : loaded 2 times (x 80B)
Class com.google.common.collect.UnmodifiableIterator                                  : loaded 2 times (x 78B)
Class com.google.common.base.Stopwatch                                                : loaded 2 times (x 70B)
Class com.google.common.base.Platform$JdkPatternCompiler                              : loaded 2 times (x 73B)
Class com.google.common.cache.LocalCache$LoadingValueReference                        : loaded 2 times (x 94B)
Class com.google.common.base.CharMatcher$SingleWidth                                  : loaded 2 times (x 110B)
Class com.google.common.collect.Hashing                                               : loaded 2 times (x 69B)
Class com.google.common.base.JdkPattern                                               : loaded 2 times (x 73B)
Class com.google.common.collect.Multimap                                              : loaded 2 times (x 68B)
Class com.google.common.base.FunctionalEquivalence                                    : loaded 2 times (x 81B)
Class com.google.common.cache.LocalCache$1                                            : loaded 2 times (x 87B)
Class com.google.common.cache.LocalCache$2                                            : loaded 2 times (x 140B)
Class com.google.common.collect.RegularImmutableBiMap                                 : loaded 2 times (x 146B)
Class org.gradle.internal.classloader.VisitableURLClassLoader$Spec                    : loaded 2 times (x 72B)
Class org.gradle.api.GradleException                                                  : loaded 2 times (x 80B)
Class com.google.common.base.CharMatcher$JavaLetterOrDigit                            : loaded 2 times (x 109B)
Class org.gradle.api.internal.classpath.ModuleRegistry                                : loaded 2 times (x 68B)
Class com.google.common.collect.ForwardingObject                                      : loaded 2 times (x 70B)
Class com.google.common.cache.CacheBuilder                                            : loaded 2 times (x 70B)
Class com.google.common.collect.ImmutableCollection                                   : loaded 2 times (x 123B)
Class com.google.common.base.PairwiseEquivalence                                      : loaded 2 times (x 81B)
Class com.google.common.base.Ticker                                                   : loaded 2 times (x 70B)
Class org.gradle.api.internal.ClassPathProvider                                       : loaded 2 times (x 68B)
Class com.google.common.collect.RegularImmutableMap$Values                            : loaded 2 times (x 167B)
Class org.gradle.internal.classloader.ClasspathUtil$1                                 : loaded 2 times (x 74B)
Class com.google.common.collect.ImmutableEnumMap                                      : loaded 2 times (x 123B)
Class com.google.common.collect.ForwardingMap                                         : loaded 2 times (x 130B)
Class com.google.common.collect.ImmutableList$ReverseImmutableList                    : loaded 2 times (x 168B)
Class com.google.common.cache.AbstractCache$StatsCounter                              : loaded 2 times (x 68B)
Class com.google.common.cache.LocalCache$Strength$1                                   : loaded 2 times (x 79B)
Class com.google.common.cache.LocalCache$Strength$2                                   : loaded 2 times (x 79B)
Class com.google.common.cache.LocalCache$Strength$3                                   : loaded 2 times (x 79B)
Class org.gradle.internal.classloader.ClassLoaderFactory                              : loaded 2 times (x 68B)
Class com.google.common.collect.ObjectArrays                                          : loaded 2 times (x 69B)
Class com.google.common.util.concurrent.AbstractFuture$Waiter                         : loaded 2 times (x 70B)
Class com.google.common.util.concurrent.Uninterruptibles                              : loaded 2 times (x 69B)
Class com.google.common.collect.Iterators$10                                          : loaded 2 times (x 79B)
Class com.google.common.collect.ImmutableList                                         : loaded 2 times (x 166B)
Class org.gradle.api.internal.classpath.ManifestUtil                                  : loaded 2 times (x 69B)
Class org.gradle.api.specs.Spec                                                       : loaded 2 times (x 68B)
Class com.google.common.cache.CacheLoader$UnsupportedLoadingOperationException        : loaded 2 times (x 80B)
Class com.google.common.base.CharMatcher$Whitespace                                   : loaded 2 times (x 110B)
Class com.google.common.util.concurrent.ListenableFuture                              : loaded 2 times (x 68B)
Class com.google.common.collect.Iterators$1                                           : loaded 2 times (x 79B)
Class com.google.common.collect.Iterators$4                                           : loaded 2 times (x 80B)
Class com.google.common.collect.RegularImmutableMap$BucketOverflowException           : loaded 2 times (x 80B)
Class com.google.common.collect.Iterators$5                                           : loaded 2 times (x 80B)
Class com.google.common.util.concurrent.AbstractFuture$UnsafeAtomicHelper             : loaded 2 times (x 76B)
Class com.google.common.base.Equivalence$Equals                                       : loaded 2 times (x 80B)
Class com.google.common.base.Preconditions                                            : loaded 2 times (x 69B)
Class com.google.common.base.Function                                                 : loaded 2 times (x 68B)
Class com.google.common.collect.Iterators$9                                           : loaded 2 times (x 79B)
Class org.gradle.internal.IoActions                                                   : loaded 2 times (x 69B)
Class com.google.common.cache.ReferenceEntry                                          : loaded 2 times (x 68B)
Class com.google.common.collect.RegularImmutableMap$KeySet                            : loaded 2 times (x 148B)
Class com.google.common.collect.CollectPreconditions                                  : loaded 2 times (x 69B)
Class com.google.common.collect.Maps                                                  : loaded 2 times (x 69B)
Class com.google.common.collect.RegularImmutableMap                                   : loaded 2 times (x 119B)
Class com.google.common.collect.AbstractIndexedListIterator                           : loaded 2 times (x 94B)
Class com.google.common.base.CharMatcher$None                                         : loaded 2 times (x 110B)
Class org.gradle.api.internal.classpath.EffectiveClassPath                            : loaded 2 times (x 88B)
Class com.google.common.collect.UnmodifiableListIterator                              : loaded 2 times (x 93B)
Class com.google.common.cache.CacheLoader$FunctionToCacheLoader                       : loaded 2 times (x 73B)
Class com.google.common.cache.CacheBuilder$1                                          : loaded 2 times (x 83B)
Class com.google.common.cache.CacheBuilder$2                                          : loaded 2 times (x 77B)
Class com.google.common.collect.ImmutableList$1                                       : loaded 2 times (x 95B)
Class com.google.common.base.Splitter$Strategy                                        : loaded 2 times (x 68B)
Class com.google.common.cache.CacheBuilder$3                                          : loaded 2 times (x 70B)
Class com.google.common.collect.ImmutableMapEntrySet$RegularEntrySet                  : loaded 2 times (x 149B)
Class [Lcom.google.common.cache.RemovalListener;                                      : loaded 2 times (x 67B)
Class [Lcom.google.common.collect.ImmutableMapEntry;                                  : loaded 2 times (x 67B)
Class org.gradle.internal.installation.CurrentGradleInstallation                      : loaded 2 times (x 71B)
Class org.gradle.internal.agents.InstrumentingClassLoader                             : loaded 2 times (x 68B)
Class org.gradle.internal.installation.CurrentGradleInstallationLocator               : loaded 2 times (x 69B)
Class [Lcom.google.common.cache.LocalCache$Segment;                                   : loaded 2 times (x 67B)
Class org.gradle.api.internal.classpath.Module                                        : loaded 2 times (x 68B)
Class com.google.common.base.Splitter$1$1                                             : loaded 2 times (x 84B)
Class com.google.common.collect.ImmutableSet$JdkBackedSetBuilderImpl                  : loaded 2 times (x 74B)
Class com.google.common.collect.ImmutableSet$RegularSetBuilderImpl                    : loaded 2 times (x 75B)
Class org.gradle.internal.service.CachingServiceLocator                               : loaded 2 times (x 80B)
Class [Lcom.google.common.collect.ImmutableEntry;                                     : loaded 2 times (x 67B)
Class org.gradle.internal.classpath.DefaultClassPath                                  : loaded 2 times (x 88B)
Class com.google.common.util.concurrent.AbstractFuture$SetFuture                      : loaded 2 times (x 73B)
Class com.google.common.base.Splitter$SplittingIterator                               : loaded 2 times (x 82B)
Class com.google.common.cache.LocalCache$LocalManualCache$1                           : loaded 2 times (x 73B)
Class [Lcom.google.common.cache.LocalCache$EntryFactory;                              : loaded 2 times (x 67B)
Class com.google.common.base.CharMatcher$Is                                           : loaded 2 times (x 109B)
Class com.google.common.base.Platform                                                 : loaded 2 times (x 69B)
Class com.google.common.collect.RegularImmutableAsList                                : loaded 2 times (x 176B)
Class com.google.common.collect.PeekingIterator                                       : loaded 2 times (x 68B)
Class com.google.common.collect.ImmutableMapEntrySet                                  : loaded 2 times (x 149B)
Class com.google.common.cache.CacheLoader                                             : loaded 2 times (x 72B)
Class com.google.common.collect.ImmutableBiMapFauxverideShim                          : loaded 2 times (x 118B)
Class com.google.common.cache.Cache                                                   : loaded 2 times (x 68B)
Class org.gradle.internal.classloader.SystemClassLoaderSpec                           : loaded 2 times (x 69B)
Class com.google.common.util.concurrent.internal.InternalFutureFailureAccess          : loaded 2 times (x 70B)
Class com.google.common.collect.SingletonImmutableSet                                 : loaded 2 times (x 144B)
Class [Lcom.google.common.base.AbstractIterator$State;                                : loaded 2 times (x 67B)
Class com.google.common.collect.ImmutableMap$Builder                                  : loaded 2 times (x 80B)
Class com.google.common.base.AbstractIterator                                         : loaded 2 times (x 78B)
Class com.google.common.base.AbstractIterator$1                                       : loaded 2 times (x 69B)
Class [Lcom.google.common.cache.CacheBuilder$OneWeigher;                              : loaded 2 times (x 67B)
Class com.google.common.collect.Iterators                                             : loaded 2 times (x 69B)
Class com.google.common.base.CharMatcher$1                                            : loaded 2 times (x 111B)
Class com.google.common.base.CharMatcher$Ascii                                        : loaded 2 times (x 110B)
Class com.google.common.cache.LocalCache$ComputingValueReference                      : loaded 2 times (x 94B)
Class org.gradle.api.UncheckedIOException                                             : loaded 2 times (x 80B)
Class com.google.common.base.CharMatcher$And                                          : loaded 2 times (x 110B)
Class com.google.common.collect.IndexedImmutableSet                                   : loaded 2 times (x 148B)
Class com.google.common.collect.AbstractListMultimap                                  : loaded 2 times (x 170B)
Class com.google.common.base.CharMatcher$Any                                          : loaded 2 times (x 110B)
Class org.gradle.internal.installation.GradleInstallation                             : loaded 2 times (x 73B)
Class com.google.common.cache.LocalCache$Strength                                     : loaded 2 times (x 79B)
Class com.google.common.collect.ArrayListMultimapGwtSerializationDependencies         : loaded 2 times (x 170B)
Class com.google.common.base.CharMatcher$RangesMatcher                                : loaded 2 times (x 110B)
Class com.google.common.collect.ImmutableList$SubList                                 : loaded 2 times (x 168B)
Class com.google.common.cache.LocalCache$ValueReference                               : loaded 2 times (x 68B)
Class org.gradle.internal.classloader.ClasspathUtil                                   : loaded 2 times (x 69B)
Class com.google.common.util.concurrent.AbstractFuture                                : loaded 2 times (x 93B)
Class com.google.common.base.Splitter$1                                               : loaded 2 times (x 75B)
Class com.google.common.base.Ticker$1                                                 : loaded 2 times (x 70B)
Class com.google.common.collect.Maps$BiMapConverter                                   : loaded 2 times (x 88B)
Class org.gradle.api.internal.DefaultClassPathRegistry                                : loaded 2 times (x 74B)
Class com.google.common.util.concurrent.AbstractFuture$Cancellation                   : loaded 2 times (x 70B)
Class com.google.common.collect.ImmutableSet$SetBuilderImpl                           : loaded 2 times (x 74B)
Class org.gradle.api.internal.classpath.DefaultModuleRegistry$DefaultModule           : loaded 2 times (x 84B)
Class com.google.common.base.CharMatcher$JavaIsoControl                               : loaded 2 times (x 110B)
Class com.google.common.collect.ImmutableMap$1                                        : loaded 2 times (x 79B)
Class com.google.common.base.CharMatcher$Or                                           : loaded 2 times (x 110B)
Class com.google.common.base.Suppliers$SupplierOfInstance                             : loaded 2 times (x 77B)
Class com.google.common.collect.Iterables                                             : loaded 2 times (x 69B)
Class com.google.common.base.CharMatcher$JavaLowerCase                                : loaded 2 times (x 109B)
Class org.gradle.api.internal.classpath.UnknownModuleException                        : loaded 2 times (x 80B)
Class com.google.common.util.concurrent.AbstractFuture$Listener                       : loaded 2 times (x 70B)
Class com.google.common.collect.Maps$EntryTransformer                                 : loaded 2 times (x 68B)
Class com.google.common.collect.ImmutableCollection$Builder                           : loaded 2 times (x 74B)
Class com.google.common.collect.SingletonImmutableBiMap                               : loaded 2 times (x 141B)
Class com.google.common.base.CommonPattern                                            : loaded 2 times (x 72B)
Class com.google.common.base.Suppliers                                                : loaded 2 times (x 69B)
Class com.google.common.cache.LoadingCache                                            : loaded 2 times (x 68B)
Class org.gradle.internal.service.ServiceLookupException                              : loaded 2 times (x 80B)
Class org.gradle.cache.GlobalCache                                                    : loaded 2 times (x 68B)
Class com.google.common.base.CharMatcher$NegatedFastMatcher                           : loaded 2 times (x 111B)
Class [Lorg.gradle.api.internal.ClassPathProvider;                                    : loaded 2 times (x 67B)
Class com.google.common.util.concurrent.AbstractFuture$SafeAtomicHelper               : loaded 2 times (x 77B)
Class org.gradle.util.internal.GUtil                                                  : loaded 2 times (x 69B)
Class com.google.common.math.IntMath                                                  : loaded 2 times (x 69B)
Class com.google.common.collect.AbstractIterator                                      : loaded 2 times (x 80B)
Class org.gradle.internal.classloader.ClassLoaderSpec                                 : loaded 2 times (x 69B)
Class com.google.common.base.NullnessCasts                                            : loaded 2 times (x 69B)
Class com.google.common.cache.LocalCache$LocalManualCache                             : loaded 2 times (x 97B)
Class com.google.common.collect.AbstractMapEntry                                      : loaded 2 times (x 79B)
Class com.google.common.base.CharMatcher$Negated                                      : loaded 2 times (x 111B)
Class com.google.common.cache.CacheLoader$1                                           : loaded 2 times (x 73B)
Class com.google.common.util.concurrent.AbstractFuture$TrustedFuture                  : loaded 2 times (x 95B)
Class com.google.common.collect.ImmutableSet$Builder                                  : loaded 2 times (x 83B)
Class com.google.common.base.CharMatcher$ForPredicate                                 : loaded 2 times (x 110B)
Class com.google.common.collect.ImmutableMap$MapViewOfValuesAsSingletonSets           : loaded 2 times (x 123B)
Class com.google.common.base.MoreObjects                                              : loaded 2 times (x 69B)
Class com.google.common.collect.SortedMapDifference                                   : loaded 2 times (x 68B)
Class com.google.common.cache.CacheStats                                              : loaded 2 times (x 69B)
Class org.gradle.internal.classloader.VisitableURLClassLoader                         : loaded 2 times (x 114B)
Class com.google.common.cache.LocalCache$LocalLoadingCache                            : loaded 2 times (x 132B)
Class com.google.common.base.Supplier                                                 : loaded 2 times (x 68B)
Class com.google.common.util.concurrent.AbstractFuture$AtomicHelper                   : loaded 2 times (x 76B)
Class com.google.common.collect.ImmutableBiMap                                        : loaded 2 times (x 141B)
Class org.gradle.internal.Cast                                                        : loaded 2 times (x 69B)
Class org.gradle.api.internal.ClassPathRegistry                                       : loaded 2 times (x 68B)
Class com.google.common.cache.LocalCache$EntryFactory                                 : loaded 2 times (x 81B)
Class com.google.common.util.concurrent.UncheckedExecutionException                   : loaded 2 times (x 80B)
Class com.google.common.collect.ImmutableSet                                          : loaded 2 times (x 143B)
Class org.gradle.internal.classloader.VisitableURLClassLoader$InstrumentingVisitableURLClassLoader: loaded 2 times (x 120B)
Class org.gradle.internal.classloader.ClassLoaderHierarchy                            : loaded 2 times (x 68B)
Class com.google.common.base.AbstractIterator$State                                   : loaded 2 times (x 77B)
Class com.google.common.cache.Weigher                                                 : loaded 2 times (x 68B)
Class com.google.common.base.CharMatcher$NamedFastMatcher                             : loaded 2 times (x 110B)
Class org.gradle.internal.InternalTransformer                                         : loaded 2 times (x 68B)
Class org.gradle.internal.service.ServiceLocator                                      : loaded 2 times (x 68B)
Class Settings_gradle$1                                                               : loaded 2 times (x 72B)
Class com.google.common.util.concurrent.SettableFuture                                : loaded 2 times (x 95B)
Class com.google.common.collect.ImmutableMapEntry                                     : loaded 2 times (x 83B)
Class com.google.common.base.CharMatcher$Invisible                                    : loaded 2 times (x 110B)
Class com.google.common.base.CharMatcher$FastMatcher                                  : loaded 2 times (x 109B)
Class org.gradle.internal.classpath.DefaultClassPath$ImmutableUniqueList              : loaded 2 times (x 159B)
Class com.google.common.base.CharMatcher$JavaLetter                                   : loaded 2 times (x 109B)
Class org.gradle.internal.classpath.TransformedClassPath                              : loaded 2 times (x 94B)
Class com.google.common.collect.MapDifference                                         : loaded 2 times (x 68B)
Class com.google.common.util.concurrent.AbstractFuture$Trusted                        : loaded 2 times (x 68B)
Class Settings_gradle                                                                 : loaded 2 times (x 126B)
Class com.google.common.collect.Platform                                              : loaded 2 times (x 69B)
Class com.google.common.collect.ImmutableAsList                                       : loaded 2 times (x 169B)
Class com.google.common.util.concurrent.ExecutionError                                : loaded 2 times (x 80B)
Class com.google.common.base.Equivalence$Identity                                     : loaded 2 times (x 80B)
Class com.google.common.base.CharMatcher$AnyOf                                        : loaded 2 times (x 110B)
Class com.google.common.base.CharMatcher$IsEither                                     : loaded 2 times (x 109B)
Class com.google.common.cache.LocalCache                                              : loaded 2 times (x 185B)
Class com.google.common.collect.RegularImmutableList                                  : loaded 2 times (x 172B)
Class com.google.common.util.concurrent.AbstractFuture$UnsafeAtomicHelper$1           : loaded 2 times (x 74B)
Class com.google.common.base.CharMatcher$JavaUpperCase                                : loaded 2 times (x 109B)
Class com.google.common.collect.Multiset                                              : loaded 2 times (x 68B)
Class com.google.common.collect.ImmutableSet$CachingAsList                            : loaded 2 times (x 145B)
Class com.google.common.collect.ImmutableMapEntry$NonTerminalImmutableMapEntry        : loaded 2 times (x 83B)
Class com.google.common.collect.AbstractMapBasedMultimap                              : loaded 2 times (x 137B)


---------------  S Y S T E M  ---------------

OS:
 Windows 11 , 64 bit Build 22621 (10.0.22621.5415)
OS uptime: 0 days 16:00 hours
Hyper-V role detected

CPU: total 12 (initial active 12) (12 cores per cpu, 2 threads per core) family 23 model 104 stepping 1 microcode 0x0, cx8, cmov, fxsr, ht, mmx, 3dnowpref, sse, sse2, sse3, ssse3, sse4a, sse4.1, sse4.2, popcnt, lzcnt, tsc, tscinvbit, avx, avx2, aes, clmul, bmi1, bmi2, adx, sha, fma, vzeroupper, clflush, clflushopt, hv

Memory: 4k page, system-wide physical 6005M (434M free)
TotalPageFile size 24437M (AvailPageFile size 9M)
current process WorkingSet (physical memory assigned to process): 331M, peak: 333M
current process commit charge ("private bytes"): 383M, peak: 388M

vm_info: OpenJDK 64-Bit Server VM (17.0.7+0-b2043.56-10550314) for windows-amd64 JRE (17.0.7+0-b2043.56-10550314), built on Jul 24 2023 18:27:45 by "androidbuild" with MS VC++ 16.10 / 16.11 (VS2019)

END.
