#
# There is insufficient memory for the Java Runtime Environment to continue.
# Native memory allocation (mmap) failed to map 54525952 bytes for G1 virtual space
# Possible reasons:
#   The system is out of physical RAM or swap space
#   The process is running with CompressedOops enabled, and the Java Heap may be blocking the growth of the native heap
# Possible solutions:
#   Reduce memory load on the system
#   Increase physical memory or swap space
#   Check if swap backing store is full
#   Decrease Java heap size (-Xmx/-Xms)
#   Decrease number of Java threads
#   Decrease Java thread stack sizes (-Xss)
#   Set larger code cache with -XX:ReservedCodeCacheSize=
#   JVM is running with Zero Based Compressed Oops mode in which the Java heap is
#     placed in the first 32GB address space. The Java Heap base address is the
#     maximum limit for the native heap growth. Please use -XX:HeapBaseMinAddress
#     to set the Java Heap base and to place the Java Heap above 32GB virtual address.
# This output file may be truncated or incomplete.
#
#  Out of Memory Error (os_windows.cpp:3771), pid=20604, tid=21820
#
# JRE version: OpenJDK Runtime Environment (17.0.7) (build 17.0.7+0-b2043.56-10550314)
# Java VM: OpenJDK 64-Bit Server VM (17.0.7+0-b2043.56-10550314, mixed mode, tiered, compressed oops, compressed class ptrs, g1 gc, windows-amd64)
# No core dump will be written. Minidumps are not enabled by default on client versions of Windows
#

---------------  S U M M A R Y ------------

Command Line: --add-opens=java.base/java.util=ALL-UNNAMED --add-opens=java.base/java.lang=ALL-UNNAMED --add-opens=java.base/java.lang.invoke=ALL-UNNAMED --add-opens=java.prefs/java.util.prefs=ALL-UNNAMED --add-opens=java.base/java.nio.charset=ALL-UNNAMED --add-opens=java.base/java.net=ALL-UNNAMED --add-opens=java.base/java.util.concurrent.atomic=ALL-UNNAMED -Xmx4096m -Dfile.encoding=UTF-8 -Duser.country=US -Duser.language=en -Duser.variant -javaagent:C:\Users\Lenovo\.gradle\wrapper\dists\gradle-8.2-bin\bbg7u40eoinfdyxsxr3z4i7ta\gradle-8.2\lib\agents\gradle-instrumentation-agent-8.2.jar org.gradle.launcher.daemon.bootstrap.GradleDaemon 8.2

Host: AMD Ryzen 5 5500U with Radeon Graphics         , 12 cores, 5G,  Windows 11 , 64 bit Build 22621 (10.0.22621.5415)
Time: Fri Jun 20 04:24:30 2025 India Standard Time elapsed time: 8.767548 seconds (0d 0h 0m 8s)

---------------  T H R E A D  ---------------

Current thread (0x000002171a042640):  VMThread "VM Thread" [stack: 0x0000002b5d300000,0x0000002b5d400000] [id=21820]

Stack: [0x0000002b5d300000,0x0000002b5d400000]
Native frames: (J=compiled Java code, j=interpreted, Vv=VM code, C=native code)
V  [jvm.dll+0x683bfa]
V  [jvm.dll+0x8430a4]
V  [jvm.dll+0x8449be]
V  [jvm.dll+0x845023]
V  [jvm.dll+0x24ad2f]
V  [jvm.dll+0x680ac9]
V  [jvm.dll+0x67519a]
V  [jvm.dll+0x30b3cb]
V  [jvm.dll+0x312876]
V  [jvm.dll+0x36221e]
V  [jvm.dll+0x36244f]
V  [jvm.dll+0x2e14a8]
V  [jvm.dll+0x2df684]
V  [jvm.dll+0x2dec8c]
V  [jvm.dll+0x32382b]
V  [jvm.dll+0x8496eb]
V  [jvm.dll+0x84a424]
V  [jvm.dll+0x84a93d]
V  [jvm.dll+0x84ad14]
V  [jvm.dll+0x84ade0]
V  [jvm.dll+0x7f2aea]
V  [jvm.dll+0x682a35]
C  [ucrtbase.dll+0x29333]
C  [KERNEL32.DLL+0x1259d]
C  [ntdll.dll+0x5af78]

VM_Operation (0x0000002b5ebf38c0): G1CollectForAllocation, mode: safepoint, requested by thread 0x00000217210a32c0


---------------  P R O C E S S  ---------------

Threads class SMR info:
_java_thread_list=0x0000021723f18a10, length=60, elements={
0x00000217791945a0, 0x000002171a053d70, 0x000002171a054af0, 0x000002171a05e210,
0x000002171a1bd000, 0x000002171a1bead0, 0x000002171a1c1490, 0x000002171a1cf7b0,
0x000002171a1d0250, 0x000002171a1d0c40, 0x000002171a32dfe0, 0x000002171a4813f0,
0x000002171f706610, 0x000002171fdb5500, 0x000002171f7e0240, 0x00000217204380b0,
0x0000021720438580, 0x000002171f63e0a0, 0x00000217210a32c0, 0x000002171f301e10,
0x000002171f300fa0, 0x000002171f301940, 0x000002171f303620, 0x000002171f3022e0,
0x000002171f303fc0, 0x000002171f303af0, 0x000002171f304490, 0x000002171f300ad0,
0x000002171f3027b0, 0x000002171f302c80, 0x00000217218ce2d0, 0x00000217218ccf90,
0x00000217218cc5f0, 0x00000217218ca440, 0x00000217218cade0, 0x00000217218ca910,
0x00000217218cbc50, 0x00000217218cd460, 0x00000217218cd930, 0x00000217218cb2b0,
0x00000217218ccac0, 0x00000217218c9f70, 0x00000217218cde00, 0x00000217218c95d0,
0x000002172296d0c0, 0x00000217218c9aa0, 0x00000217218c8c30, 0x00000217218c9100,
0x00000217225b37f0, 0x00000217225b6810, 0x00000217225b3320, 0x00000217225b3cc0,
0x00000217225b4190, 0x00000217225b6ce0, 0x00000217225b4660, 0x00000217225b4b30,
0x00000217225b59a0, 0x00000217225b54d0, 0x00000217225b5000, 0x00000217225b5e70
}

Java Threads: ( => current thread )
  0x00000217791945a0 JavaThread "main" [_thread_blocked, id=20456, stack(0x0000002b5cd00000,0x0000002b5ce00000)]
  0x000002171a053d70 JavaThread "Reference Handler" daemon [_thread_blocked, id=21892, stack(0x0000002b5d400000,0x0000002b5d500000)]
  0x000002171a054af0 JavaThread "Finalizer" daemon [_thread_blocked, id=25048, stack(0x0000002b5d500000,0x0000002b5d600000)]
  0x000002171a05e210 JavaThread "Signal Dispatcher" daemon [_thread_blocked, id=24760, stack(0x0000002b5d600000,0x0000002b5d700000)]
  0x000002171a1bd000 JavaThread "Attach Listener" daemon [_thread_blocked, id=22152, stack(0x0000002b5d700000,0x0000002b5d800000)]
  0x000002171a1bead0 JavaThread "Service Thread" daemon [_thread_blocked, id=19968, stack(0x0000002b5d800000,0x0000002b5d900000)]
  0x000002171a1c1490 JavaThread "Monitor Deflation Thread" daemon [_thread_blocked, id=8432, stack(0x0000002b5d900000,0x0000002b5da00000)]
  0x000002171a1cf7b0 JavaThread "C2 CompilerThread0" daemon [_thread_blocked, id=2672, stack(0x0000002b5da00000,0x0000002b5db00000)]
  0x000002171a1d0250 JavaThread "C1 CompilerThread0" daemon [_thread_blocked, id=21108, stack(0x0000002b5db00000,0x0000002b5dc00000)]
  0x000002171a1d0c40 JavaThread "Sweeper thread" daemon [_thread_blocked, id=20004, stack(0x0000002b5dc00000,0x0000002b5dd00000)]
  0x000002171a32dfe0 JavaThread "Common-Cleaner" daemon [_thread_blocked, id=10880, stack(0x0000002b5dd00000,0x0000002b5de00000)]
  0x000002171a4813f0 JavaThread "Notification Thread" daemon [_thread_blocked, id=23476, stack(0x0000002b5de00000,0x0000002b5df00000)]
  0x000002171f706610 JavaThread "Daemon health stats" [_thread_blocked, id=25512, stack(0x0000002b5e500000,0x0000002b5e600000)]
  0x000002171fdb5500 JavaThread "Incoming local TCP Connector on port 60885" [_thread_in_native, id=23072, stack(0x0000002b5e600000,0x0000002b5e700000)]
  0x000002171f7e0240 JavaThread "Daemon periodic checks" [_thread_blocked, id=23012, stack(0x0000002b5e700000,0x0000002b5e800000)]
  0x00000217204380b0 JavaThread "Daemon" [_thread_blocked, id=23972, stack(0x0000002b5e800000,0x0000002b5e900000)]
  0x0000021720438580 JavaThread "Handler for socket connection from /127.0.0.1:60885 to /127.0.0.1:60886" [_thread_in_native, id=16340, stack(0x0000002b5e900000,0x0000002b5ea00000)]
  0x000002171f63e0a0 JavaThread "Cancel handler" [_thread_blocked, id=22516, stack(0x0000002b5ea00000,0x0000002b5eb00000)]
  0x00000217210a32c0 JavaThread "Daemon worker" [_thread_blocked, id=24920, stack(0x0000002b5eb00000,0x0000002b5ec00000)]
  0x000002171f301e10 JavaThread "Asynchronous log dispatcher for DefaultDaemonConnection: socket connection from /127.0.0.1:60885 to /127.0.0.1:60886" [_thread_blocked, id=2100, stack(0x0000002b5ec00000,0x0000002b5ed00000)]
  0x000002171f300fa0 JavaThread "Stdin handler" [_thread_blocked, id=19652, stack(0x0000002b5ed00000,0x0000002b5ee00000)]
  0x000002171f301940 JavaThread "Daemon client event forwarder" [_thread_blocked, id=23644, stack(0x0000002b5ee00000,0x0000002b5ef00000)]
  0x000002171f303620 JavaThread "Cache worker for journal cache (C:\Users\Lenovo\.gradle\caches\journal-1)" [_thread_blocked, id=19056, stack(0x0000002b5f500000,0x0000002b5f600000)]
  0x000002171f3022e0 JavaThread "File lock request listener" [_thread_in_native, id=12344, stack(0x0000002b5f600000,0x0000002b5f700000)]
  0x000002171f303fc0 JavaThread "Cache worker for file hash cache (C:\Users\Lenovo\.gradle\caches\8.2\fileHashes)" [_thread_blocked, id=18380, stack(0x0000002b5f800000,0x0000002b5f900000)]
  0x000002171f303af0 JavaThread "File watcher server" daemon [_thread_in_native, id=15296, stack(0x0000002b5f900000,0x0000002b5fa00000)]
  0x000002171f304490 JavaThread "File watcher consumer" daemon [_thread_blocked, id=24228, stack(0x0000002b5fa00000,0x0000002b5fb00000)]
  0x000002171f300ad0 JavaThread "jar transforms" [_thread_blocked, id=23656, stack(0x0000002b5fb00000,0x0000002b5fc00000)]
  0x000002171f3027b0 JavaThread "jar transforms Thread 2" [_thread_blocked, id=25080, stack(0x0000002b5fc00000,0x0000002b5fd00000)]
  0x000002171f302c80 JavaThread "jar transforms Thread 3" [_thread_blocked, id=23828, stack(0x0000002b5fd00000,0x0000002b5fe00000)]
  0x00000217218ce2d0 JavaThread "jar transforms Thread 4" [_thread_blocked, id=24988, stack(0x0000002b5fe00000,0x0000002b5ff00000)]
  0x00000217218ccf90 JavaThread "jar transforms Thread 5" [_thread_blocked, id=24060, stack(0x0000002b5ff00000,0x0000002b60000000)]
  0x00000217218cc5f0 JavaThread "jar transforms Thread 6" [_thread_blocked, id=25500, stack(0x0000002b60000000,0x0000002b60100000)]
  0x00000217218ca440 JavaThread "jar transforms Thread 7" [_thread_blocked, id=24964, stack(0x0000002b60100000,0x0000002b60200000)]
  0x00000217218cade0 JavaThread "jar transforms Thread 8" [_thread_blocked, id=5484, stack(0x0000002b60200000,0x0000002b60300000)]
  0x00000217218ca910 JavaThread "jar transforms Thread 9" [_thread_blocked, id=6388, stack(0x0000002b60300000,0x0000002b60400000)]
  0x00000217218cbc50 JavaThread "jar transforms Thread 10" [_thread_blocked, id=24744, stack(0x0000002b60400000,0x0000002b60500000)]
  0x00000217218cd460 JavaThread "jar transforms Thread 11" [_thread_blocked, id=19728, stack(0x0000002b60500000,0x0000002b60600000)]
  0x00000217218cd930 JavaThread "jar transforms Thread 12" [_thread_blocked, id=22476, stack(0x0000002b60600000,0x0000002b60700000)]
  0x00000217218cb2b0 JavaThread "Cache worker for checksums cache (C:\Users\Lenovo\GreyCare\.gradle\8.2\checksums)" [_thread_blocked, id=11596, stack(0x0000002b60700000,0x0000002b60800000)]
  0x00000217218ccac0 JavaThread "Cache worker for cache directory md-rule (C:\Users\Lenovo\.gradle\caches\8.2\md-rule)" [_thread_blocked, id=19672, stack(0x0000002b60800000,0x0000002b60900000)]
  0x00000217218c9f70 JavaThread "Cache worker for file content cache (C:\Users\Lenovo\.gradle\caches\8.2\fileContent)" [_thread_blocked, id=22800, stack(0x0000002b60900000,0x0000002b60a00000)]
  0x00000217218cde00 JavaThread "Cache worker for file hash cache (C:\Users\Lenovo\GreyCare\.gradle\8.2\fileHashes)" [_thread_blocked, id=10740, stack(0x0000002b60a00000,0x0000002b60b00000)]
  0x00000217218c95d0 JavaThread "Cache worker for cache directory md-supplier (C:\Users\Lenovo\.gradle\caches\8.2\md-supplier)" [_thread_blocked, id=2744, stack(0x0000002b60b00000,0x0000002b60c00000)]
  0x000002172296d0c0 JavaThread "C2 CompilerThread1" daemon [_thread_blocked, id=20740, stack(0x0000002b5f700000,0x0000002b5f800000)]
  0x00000217218c9aa0 JavaThread "Cache worker for execution history cache (C:\Users\Lenovo\.gradle\caches\8.2\executionHistory)" [_thread_blocked, id=19660, stack(0x0000002b60c00000,0x0000002b60d00000)]
  0x00000217218c8c30 JavaThread "Cache worker for kotlin-dsl (C:\Users\Lenovo\.gradle\caches\8.2\kotlin-dsl)" [_thread_blocked, id=24768, stack(0x0000002b60d00000,0x0000002b60e00000)]
  0x00000217218c9100 JavaThread "Cache worker for dependencies-accessors (C:\Users\Lenovo\GreyCare\.gradle\8.2\dependencies-accessors)" [_thread_blocked, id=23716, stack(0x0000002b60e00000,0x0000002b60f00000)]
  0x00000217225b37f0 JavaThread "Cache worker for Build Output Cleanup Cache (C:\Users\Lenovo\GreyCare\.gradle\buildOutputCleanup)" [_thread_blocked, id=24708, stack(0x0000002b60f00000,0x0000002b61000000)]
  0x00000217225b6810 JavaThread "Unconstrained build operations" [_thread_blocked, id=21964, stack(0x0000002b61000000,0x0000002b61100000)]
  0x00000217225b3320 JavaThread "Unconstrained build operations Thread 2" [_thread_blocked, id=24108, stack(0x0000002b61100000,0x0000002b61200000)]
  0x00000217225b3cc0 JavaThread "Unconstrained build operations Thread 3" [_thread_blocked, id=17516, stack(0x0000002b61200000,0x0000002b61300000)]
  0x00000217225b4190 JavaThread "Unconstrained build operations Thread 4" [_thread_blocked, id=23216, stack(0x0000002b61300000,0x0000002b61400000)]
  0x00000217225b6ce0 JavaThread "Unconstrained build operations Thread 5" [_thread_blocked, id=3208, stack(0x0000002b61400000,0x0000002b61500000)]
  0x00000217225b4660 JavaThread "Unconstrained build operations Thread 6" [_thread_blocked, id=23108, stack(0x0000002b61500000,0x0000002b61600000)]
  0x00000217225b4b30 JavaThread "Unconstrained build operations Thread 7" [_thread_blocked, id=24372, stack(0x0000002b61600000,0x0000002b61700000)]
  0x00000217225b59a0 JavaThread "Unconstrained build operations Thread 8" [_thread_blocked, id=9936, stack(0x0000002b61700000,0x0000002b61800000)]
  0x00000217225b54d0 JavaThread "Unconstrained build operations Thread 9" [_thread_blocked, id=15540, stack(0x0000002b61800000,0x0000002b61900000)]
  0x00000217225b5000 JavaThread "Unconstrained build operations Thread 10" [_thread_blocked, id=22884, stack(0x0000002b61900000,0x0000002b61a00000)]
  0x00000217225b5e70 JavaThread "Unconstrained build operations Thread 11" [_thread_blocked, id=14224, stack(0x0000002b61a00000,0x0000002b61b00000)]

Other Threads:
=>0x000002171a042640 VMThread "VM Thread" [stack: 0x0000002b5d300000,0x0000002b5d400000] [id=21820]
  0x0000021779195410 WatcherThread [stack: 0x0000002b5df00000,0x0000002b5e000000] [id=5584]
  0x00000217792023a0 GCTaskThread "GC Thread#0" [stack: 0x0000002b5ce00000,0x0000002b5cf00000] [id=22048]
  0x000002171f1ca850 GCTaskThread "GC Thread#1" [stack: 0x0000002b5e100000,0x0000002b5e200000] [id=19528]
  0x000002171f4d1490 GCTaskThread "GC Thread#2" [stack: 0x0000002b5e200000,0x0000002b5e300000] [id=15688]
  0x000002171f4d1b50 GCTaskThread "GC Thread#3" [stack: 0x0000002b5e300000,0x0000002b5e400000] [id=24500]
  0x000002171f1c75c0 GCTaskThread "GC Thread#4" [stack: 0x0000002b5e400000,0x0000002b5e500000] [id=25536]
  0x000002171f0bedc0 GCTaskThread "GC Thread#5" [stack: 0x0000002b5e000000,0x0000002b5e100000] [id=20996]
  0x000002171f5f7170 GCTaskThread "GC Thread#6" [stack: 0x0000002b5ef00000,0x0000002b5f000000] [id=25148]
  0x000002171f5f7420 GCTaskThread "GC Thread#7" [stack: 0x0000002b5f000000,0x0000002b5f100000] [id=15044]
  0x0000021720485050 GCTaskThread "GC Thread#8" [stack: 0x0000002b5f100000,0x0000002b5f200000] [id=15432]
  0x0000021720485300 GCTaskThread "GC Thread#9" [stack: 0x0000002b5f200000,0x0000002b5f300000] [id=16304]
  0x0000021779213a80 ConcurrentGCThread "G1 Main Marker" [stack: 0x0000002b5cf00000,0x0000002b5d000000] [id=16268]
  0x0000021779214490 ConcurrentGCThread "G1 Conc#0" [stack: 0x0000002b5d000000,0x0000002b5d100000] [id=19392]
  0x00000217204855b0 ConcurrentGCThread "G1 Conc#1" [stack: 0x0000002b5f300000,0x0000002b5f400000] [id=7080]
  0x000002171faa3820 ConcurrentGCThread "G1 Conc#2" [stack: 0x0000002b5f400000,0x0000002b5f500000] [id=13224]
  0x0000021719e9c530 ConcurrentGCThread "G1 Refine#0" [stack: 0x0000002b5d100000,0x0000002b5d200000] [id=25296]
  0x0000021721569d60 ConcurrentGCThread "G1 Refine#1" [stack: 0x0000002b61b00000,0x0000002b61c00000] [id=2824]
  0x0000021721569a80 ConcurrentGCThread "G1 Refine#2" [stack: 0x0000002b61c00000,0x0000002b61d00000] [id=13836]
  0x00000217215680a0 ConcurrentGCThread "G1 Refine#3" [stack: 0x0000002b61d00000,0x0000002b61e00000] [id=20400]
  0x0000021719e9de70 ConcurrentGCThread "G1 Service" [stack: 0x0000002b5d200000,0x0000002b5d300000] [id=24600]

Threads with active compile tasks:
C2 CompilerThread0     8796 6384       4       org.gradle.internal.instantiation.generator.AbstractClassGenerator$InjectionAnnotationValidator::validateMethod (166 bytes)
C1 CompilerThread0     8796 6387       3       com.google.common.collect.LinkedHashMultimap$ValueSet::add (144 bytes)
C2 CompilerThread1     8796 6383       4       org.gradle.internal.reflect.MethodSet$MethodKey::equals (89 bytes)

VM state: at safepoint (normal execution)

VM Mutex/Monitor currently owned by a thread:  ([mutex/lock_event])
[0x000002177918f860] Threads_lock - owner thread: 0x000002171a042640
[0x000002177918fa10] Heap_lock - owner thread: 0x00000217210a32c0

Heap address: 0x0000000700000000, size: 4096 MB, Compressed Oops mode: Zero based, Oop shift amount: 3

CDS archive(s) not mapped
Compressed class space mapped at: 0x0000000800000000-0x0000000840000000, reserved size: 1073741824
Narrow klass base: 0x0000000800000000, Narrow klass shift: 0, Narrow klass range: 0x40000000

GC Precious Log:
 CPUs: 12 total, 12 available
 Memory: 6005M
 Large Page Support: Disabled
 NUMA Support: Disabled
 Compressed Oops: Enabled (Zero based)
 Heap Region Size: 2M
 Heap Min Capacity: 8M
 Heap Initial Capacity: 94M
 Heap Max Capacity: 4G
 Pre-touch: Disabled
 Parallel Workers: 10
 Concurrent Workers: 3
 Concurrent Refinement Workers: 10
 Periodic GC: Disabled

Heap:
 garbage-first heap   total 151552K, used 92529K [0x0000000700000000, 0x0000000800000000)
  region size 2048K, 2 young (4096K), 2 survivors (4096K)
 Metaspace       used 59217K, committed 59904K, reserved 1114112K
  class space    used 8024K, committed 8320K, reserved 1048576K

Heap Regions: E=young(eden), S=young(survivor), O=old, HS=humongous(starts), HC=humongous(continues), CS=collection set, F=free, OA=open archive, CA=closed archive, TAMS=top-at-mark-start (previous, next)
|   0|0x0000000700000000, 0x0000000700200000, 0x0000000700200000|100%|HS|  |TAMS 0x0000000700200000, 0x0000000700000000| Complete 
|   1|0x0000000700200000, 0x0000000700400000, 0x0000000700400000|100%|HC|  |TAMS 0x0000000700400000, 0x0000000700200000| Complete 
|   2|0x0000000700400000, 0x0000000700600000, 0x0000000700600000|100%| O|  |TAMS 0x0000000700600000, 0x0000000700400000| Untracked 
|   3|0x0000000700600000, 0x0000000700800000, 0x0000000700800000|100%| O|  |TAMS 0x0000000700800000, 0x0000000700600000| Untracked 
|   4|0x0000000700800000, 0x0000000700a00000, 0x0000000700a00000|100%| O|  |TAMS 0x0000000700a00000, 0x0000000700800000| Untracked 
|   5|0x0000000700a00000, 0x0000000700c00000, 0x0000000700c00000|100%| O|  |TAMS 0x0000000700c00000, 0x0000000700a00000| Untracked 
|   6|0x0000000700c00000, 0x0000000700e00000, 0x0000000700e00000|100%| O|  |TAMS 0x0000000700e00000, 0x0000000700c00000| Untracked 
|   7|0x0000000700e00000, 0x0000000701000000, 0x0000000701000000|100%| O|  |TAMS 0x0000000701000000, 0x0000000700e00000| Untracked 
|   8|0x0000000701000000, 0x0000000701200000, 0x0000000701200000|100%| O|  |TAMS 0x0000000701200000, 0x0000000701000000| Untracked 
|   9|0x0000000701200000, 0x0000000701400000, 0x0000000701400000|100%|HS|  |TAMS 0x0000000701400000, 0x0000000701200000| Complete 
|  10|0x0000000701400000, 0x0000000701600000, 0x0000000701600000|100%| O|  |TAMS 0x0000000701600000, 0x0000000701400000| Untracked 
|  11|0x0000000701600000, 0x0000000701800000, 0x0000000701800000|100%| O|  |TAMS 0x0000000701800000, 0x0000000701600000| Untracked 
|  12|0x0000000701800000, 0x0000000701a00000, 0x0000000701a00000|100%|HS|  |TAMS 0x0000000701a00000, 0x0000000701800000| Complete 
|  13|0x0000000701a00000, 0x0000000701c00000, 0x0000000701c00000|100%|HC|  |TAMS 0x0000000701c00000, 0x0000000701a00000| Complete 
|  14|0x0000000701c00000, 0x0000000701e00000, 0x0000000701e00000|100%|HS|  |TAMS 0x0000000701e00000, 0x0000000701c00000| Complete 
|  15|0x0000000701e00000, 0x0000000702000000, 0x0000000702000000|100%| O|  |TAMS 0x0000000702000000, 0x0000000701e00000| Untracked 
|  16|0x0000000702000000, 0x0000000702200000, 0x0000000702200000|100%|HS|  |TAMS 0x0000000702200000, 0x0000000702000000| Complete 
|  17|0x0000000702200000, 0x0000000702400000, 0x0000000702400000|100%|HC|  |TAMS 0x0000000702400000, 0x0000000702200000| Complete 
|  18|0x0000000702400000, 0x0000000702600000, 0x0000000702600000|100%|HC|  |TAMS 0x0000000702600000, 0x0000000702400000| Complete 
|  19|0x0000000702600000, 0x0000000702800000, 0x0000000702800000|100%|HC|  |TAMS 0x0000000702800000, 0x0000000702600000| Complete 
|  20|0x0000000702800000, 0x0000000702a00000, 0x0000000702a00000|100%|HC|  |TAMS 0x0000000702a00000, 0x0000000702800000| Complete 
|  21|0x0000000702a00000, 0x0000000702c00000, 0x0000000702c00000|100%|HC|  |TAMS 0x0000000702c00000, 0x0000000702a00000| Complete 
|  22|0x0000000702c00000, 0x0000000702e00000, 0x0000000702e00000|100%|HS|  |TAMS 0x0000000702e00000, 0x0000000702c00000| Complete 
|  23|0x0000000702e00000, 0x0000000703000000, 0x0000000703000000|100%| O|  |TAMS 0x0000000703000000, 0x0000000702e00000| Untracked 
|  24|0x0000000703000000, 0x0000000703200000, 0x0000000703200000|100%| O|  |TAMS 0x0000000703200000, 0x0000000703000000| Untracked 
|  25|0x0000000703200000, 0x0000000703400000, 0x0000000703400000|100%| O|  |TAMS 0x0000000703400000, 0x0000000703200000| Untracked 
|  26|0x0000000703400000, 0x0000000703600000, 0x0000000703600000|100%| O|  |TAMS 0x0000000703600000, 0x0000000703400000| Untracked 
|  27|0x0000000703600000, 0x0000000703800000, 0x0000000703800000|100%| O|  |TAMS 0x0000000703800000, 0x0000000703600000| Untracked 
|  28|0x0000000703800000, 0x0000000703a00000, 0x0000000703a00000|100%| O|  |TAMS 0x0000000703a00000, 0x0000000703800000| Untracked 
|  29|0x0000000703a00000, 0x0000000703c00000, 0x0000000703c00000|100%|HS|  |TAMS 0x0000000703c00000, 0x0000000703a00000| Complete 
|  30|0x0000000703c00000, 0x0000000703e00000, 0x0000000703e00000|100%|HC|  |TAMS 0x0000000703e00000, 0x0000000703c00000| Complete 
|  31|0x0000000703e00000, 0x0000000704000000, 0x0000000704000000|100%| O|  |TAMS 0x0000000704000000, 0x0000000703e00000| Untracked 
|  32|0x0000000704000000, 0x0000000704200000, 0x0000000704200000|100%| O|  |TAMS 0x0000000704200000, 0x0000000704000000| Untracked 
|  33|0x0000000704200000, 0x0000000704400000, 0x0000000704400000|100%| O|  |TAMS 0x0000000704400000, 0x0000000704200000| Untracked 
|  34|0x0000000704400000, 0x0000000704600000, 0x0000000704600000|100%| O|  |TAMS 0x0000000704600000, 0x0000000704400000| Untracked 
|  35|0x0000000704600000, 0x0000000704800000, 0x0000000704800000|100%| O|  |TAMS 0x0000000704800000, 0x0000000704600000| Untracked 
|  36|0x0000000704800000, 0x0000000704a00000, 0x0000000704a00000|100%| O|  |TAMS 0x0000000704912200, 0x0000000704800000| Untracked 
|  37|0x0000000704a00000, 0x0000000704c00000, 0x0000000704c00000|100%|HS|  |TAMS 0x0000000704c00000, 0x0000000704a00000| Complete 
|  38|0x0000000704c00000, 0x0000000704e00000, 0x0000000704e00000|100%|HS|  |TAMS 0x0000000704e00000, 0x0000000704c00000| Complete 
|  39|0x0000000704e00000, 0x0000000705000000, 0x0000000705000000|100%|HS|  |TAMS 0x0000000704e00000, 0x0000000704e00000| Complete 
|  40|0x0000000705000000, 0x0000000705200000, 0x0000000705200000|100%|HC|  |TAMS 0x0000000705000000, 0x0000000705000000| Complete 
|  41|0x0000000705200000, 0x0000000705400000, 0x0000000705400000|100%| O|  |TAMS 0x0000000705200000, 0x0000000705200000| Untracked 
|  42|0x0000000705400000, 0x0000000705600000, 0x0000000705600000|100%| O|  |TAMS 0x0000000705400000, 0x0000000705400000| Untracked 
|  43|0x0000000705600000, 0x000000070565c400, 0x0000000705800000| 18%| O|  |TAMS 0x0000000705600000, 0x0000000705600000| Untracked 
|  44|0x0000000705800000, 0x0000000705800000, 0x0000000705a00000|  0%| F|  |TAMS 0x0000000705800000, 0x0000000705800000| Untracked 
|  45|0x0000000705a00000, 0x0000000705a00000, 0x0000000705c00000|  0%| F|  |TAMS 0x0000000705a00000, 0x0000000705a00000| Untracked 
|  46|0x0000000705c00000, 0x0000000705c00000, 0x0000000705e00000|  0%| F|  |TAMS 0x0000000705c00000, 0x0000000705c00000| Untracked 
|  47|0x0000000705e00000, 0x0000000705e00000, 0x0000000706000000|  0%| F|  |TAMS 0x0000000705e00000, 0x0000000705e00000| Untracked 
|  48|0x0000000706000000, 0x0000000706000000, 0x0000000706200000|  0%| F|  |TAMS 0x0000000706000000, 0x0000000706000000| Untracked 
|  49|0x0000000706200000, 0x0000000706200000, 0x0000000706400000|  0%| F|  |TAMS 0x0000000706200000, 0x0000000706200000| Untracked 
|  50|0x0000000706400000, 0x0000000706400000, 0x0000000706600000|  0%| F|  |TAMS 0x0000000706400000, 0x0000000706400000| Untracked 
|  51|0x0000000706600000, 0x0000000706600000, 0x0000000706800000|  0%| F|  |TAMS 0x0000000706600000, 0x0000000706600000| Untracked 
|  52|0x0000000706800000, 0x0000000706800000, 0x0000000706a00000|  0%| F|  |TAMS 0x0000000706800000, 0x0000000706800000| Untracked 
|  53|0x0000000706a00000, 0x0000000706a00000, 0x0000000706c00000|  0%| F|  |TAMS 0x0000000706a00000, 0x0000000706a00000| Untracked 
|  54|0x0000000706c00000, 0x0000000706c00000, 0x0000000706e00000|  0%| F|  |TAMS 0x0000000706c00000, 0x0000000706c00000| Untracked 
|  55|0x0000000706e00000, 0x0000000706e00000, 0x0000000707000000|  0%| F|  |TAMS 0x0000000706e00000, 0x0000000706e00000| Untracked 
|  56|0x0000000707000000, 0x0000000707000000, 0x0000000707200000|  0%| F|  |TAMS 0x0000000707000000, 0x0000000707000000| Untracked 
|  57|0x0000000707200000, 0x0000000707200000, 0x0000000707400000|  0%| F|  |TAMS 0x0000000707200000, 0x0000000707200000| Untracked 
|  58|0x0000000707400000, 0x0000000707600000, 0x0000000707600000|100%| S|CS|TAMS 0x0000000707400000, 0x0000000707400000| Complete 
|  59|0x0000000707600000, 0x0000000707800000, 0x0000000707800000|100%| S|CS|TAMS 0x0000000707600000, 0x0000000707600000| Complete 
|  60|0x0000000707800000, 0x0000000707800000, 0x0000000707a00000|  0%| F|  |TAMS 0x0000000707800000, 0x0000000707800000| Untracked 
|  61|0x0000000707a00000, 0x0000000707a00000, 0x0000000707c00000|  0%| F|  |TAMS 0x0000000707a00000, 0x0000000707a00000| Untracked 
|  62|0x0000000707c00000, 0x0000000707c00000, 0x0000000707e00000|  0%| F|  |TAMS 0x0000000707c00000, 0x0000000707c00000| Untracked 
|  63|0x0000000707e00000, 0x0000000707e00000, 0x0000000708000000|  0%| F|  |TAMS 0x0000000707e00000, 0x0000000707e00000| Untracked 
|  64|0x0000000708000000, 0x0000000708000000, 0x0000000708200000|  0%| F|  |TAMS 0x0000000708000000, 0x0000000708000000| Untracked 
|  65|0x0000000708200000, 0x0000000708200000, 0x0000000708400000|  0%| F|  |TAMS 0x0000000708200000, 0x0000000708200000| Untracked 
|  66|0x0000000708400000, 0x0000000708400000, 0x0000000708600000|  0%| F|  |TAMS 0x0000000708400000, 0x0000000708400000| Untracked 
|  67|0x0000000708600000, 0x0000000708600000, 0x0000000708800000|  0%| F|  |TAMS 0x0000000708600000, 0x0000000708600000| Untracked 
|  68|0x0000000708800000, 0x0000000708800000, 0x0000000708a00000|  0%| F|  |TAMS 0x0000000708800000, 0x0000000708800000| Untracked 
|  69|0x0000000708a00000, 0x0000000708a00000, 0x0000000708c00000|  0%| F|  |TAMS 0x0000000708a00000, 0x0000000708a00000| Untracked 
|  70|0x0000000708c00000, 0x0000000708c00000, 0x0000000708e00000|  0%| F|  |TAMS 0x0000000708c00000, 0x0000000708c00000| Untracked 
|  71|0x0000000708e00000, 0x0000000708e00000, 0x0000000709000000|  0%| F|  |TAMS 0x0000000708e00000, 0x0000000708e00000| Untracked 
|  72|0x0000000709000000, 0x0000000709000000, 0x0000000709200000|  0%| F|  |TAMS 0x0000000709000000, 0x0000000709000000| Untracked 
|  73|0x0000000709200000, 0x0000000709200000, 0x0000000709400000|  0%| F|  |TAMS 0x0000000709200000, 0x0000000709200000| Untracked 

Card table byte_map: [0x000002177f2d0000,0x000002177fad0000] _byte_map_base: 0x000002177bad0000

Marking Bits (Prev, Next): (CMBitMap*) 0x00000217792029b0, (CMBitMap*) 0x00000217792029f0
 Prev Bits: [0x000002170f800000, 0x0000021713800000)
 Next Bits: [0x0000021713800000, 0x0000021717800000)

Polling page: 0x0000021779250000

Metaspace:

Usage:
  Non-class:     49.99 MB used.
      Class:      7.84 MB used.
       Both:     57.83 MB used.

Virtual space:
  Non-class space:       64.00 MB reserved,      50.38 MB ( 79%) committed,  1 nodes.
      Class space:        1.00 GB reserved,       8.12 MB ( <1%) committed,  1 nodes.
             Both:        1.06 GB reserved,      58.50 MB (  5%) committed. 

Chunk freelists:
   Non-Class:  13.42 MB
       Class:  7.83 MB
        Both:  21.25 MB

MaxMetaspaceSize: unlimited
CompressedClassSpaceSize: 1.00 GB
Initial GC threshold: 21.00 MB
Current GC threshold: 94.94 MB
CDS: off
MetaspaceReclaimPolicy: balanced
 - commit_granule_bytes: 65536.
 - commit_granule_words: 8192.
 - virtual_space_node_default_size: 8388608.
 - enlarge_chunks_in_place: 1.
 - new_chunks_are_fully_committed: 0.
 - uncommit_free_chunks: 1.
 - use_allocation_guard: 0.
 - handle_deallocations: 1.


Internal statistics:

num_allocs_failed_limit: 3.
num_arena_births: 718.
num_arena_deaths: 0.
num_vsnodes_births: 2.
num_vsnodes_deaths: 0.
num_space_committed: 936.
num_space_uncommitted: 0.
num_chunks_returned_to_freelist: 3.
num_chunks_taken_from_freelist: 2754.
num_chunk_merges: 3.
num_chunk_splits: 1794.
num_chunks_enlarged: 1213.
num_inconsistent_stats: 0.

CodeHeap 'non-profiled nmethods': size=120000Kb used=3021Kb max_used=3194Kb free=116978Kb
 bounds [0x0000021707ad0000, 0x0000021707df0000, 0x000002170f000000]
CodeHeap 'profiled nmethods': size=120000Kb used=10946Kb max_used=10946Kb free=109053Kb
 bounds [0x0000021700000000, 0x0000021700ac0000, 0x0000021707530000]
CodeHeap 'non-nmethods': size=5760Kb used=2329Kb max_used=2393Kb free=3430Kb
 bounds [0x0000021707530000, 0x00000217077a0000, 0x0000021707ad0000]
 total_blobs=6474 nmethods=5631 adapters=755
 compilation: enabled
              stopped_count=0, restarted_count=0
 full_count=0

Compilation events (20 events):
Event: 8.709 Thread 0x000002171a1d0250 nmethod 6374 0x0000021700aaed90 code [0x0000021700aaefa0, 0x0000021700aaf628]
Event: 8.709 Thread 0x000002171a1d0250 6375       3       org.gradle.internal.classloader.TransformReplacer::access$100 (5 bytes)
Event: 8.709 Thread 0x000002171a1d0250 nmethod 6375 0x0000021700aaf890 code [0x0000021700aafa40, 0x0000021700aafca8]
Event: 8.709 Thread 0x000002171a1d0250 6376       3       org.gradle.internal.classloader.TransformReplacer$JarLoader::classNameToPath (20 bytes)
Event: 8.709 Thread 0x000002171a1d0250 nmethod 6376 0x0000021700aafe10 code [0x0000021700ab0020, 0x0000021700ab0588]
Event: 8.709 Thread 0x000002171a1d0250 6377       3       org.gradle.internal.io.StreamByteBuffer::readAsByteArray (21 bytes)
Event: 8.709 Thread 0x000002171a1d0250 nmethod 6377 0x0000021700ab0790 code [0x0000021700ab0940, 0x0000021700ab0b78]
Event: 8.728 Thread 0x000002172296d0c0 6378       4       sun.instrument.InstrumentationImpl::transform (73 bytes)
Event: 8.730 Thread 0x000002171a1cf7b0 6379   !   4       jdk.internal.loader.BuiltinClassLoader::loadClassOrNull (143 bytes)
Event: 8.738 Thread 0x000002172296d0c0 nmethod 6378 0x0000021707c22790 code [0x0000021707c22960, 0x0000021707c23098]
Event: 8.738 Thread 0x000002172296d0c0 6380       4       java.lang.invoke.VarHandleGuards::guard_LII_V (137 bytes)
Event: 8.749 Thread 0x000002172296d0c0 nmethod 6380 0x0000021707c21890 code [0x0000021707c21a60, 0x0000021707c22268]
Event: 8.749 Thread 0x000002172296d0c0 6381       4       java.lang.invoke.VarHandleByteArrayAsInts$ArrayHandle::set (39 bytes)
Event: 8.750 Thread 0x000002172296d0c0 nmethod 6381 0x0000021707c21410 code [0x0000021707c215a0, 0x0000021707c216d8]
Event: 8.757 Thread 0x000002171a1d0250 6382       3       org.objectweb.asm.SymbolTable::addConstantMethodHandle (197 bytes)
Event: 8.757 Thread 0x000002171a1cf7b0 nmethod 6379 0x0000021707b96690 code [0x0000021707b968c0, 0x0000021707b97da0]
Event: 8.758 Thread 0x000002171a1d0250 nmethod 6382 0x0000021700ab0c90 code [0x0000021700ab0f20, 0x0000021700ab18d8]
Event: 8.759 Thread 0x000002172296d0c0 6383       4       org.gradle.internal.reflect.MethodSet$MethodKey::equals (89 bytes)
Event: 8.760 Thread 0x000002171a1cf7b0 6384       4       org.gradle.internal.instantiation.generator.AbstractClassGenerator$InjectionAnnotationValidator::validateMethod (166 bytes)
Event: 8.760 Thread 0x000002171a1d0250 6387       3       com.google.common.collect.LinkedHashMultimap$ValueSet::add (144 bytes)

GC Heap History (20 events):
Event: 5.325 GC heap after
{Heap after GC invocations=16 (full 0):
 garbage-first heap   total 92160K, used 54732K [0x0000000700000000, 0x0000000800000000)
  region size 2048K, 2 young (4096K), 2 survivors (4096K)
 Metaspace       used 42437K, committed 42816K, reserved 1114112K
  class space    used 5704K, committed 5824K, reserved 1048576K
}
Event: 5.438 GC heap before
{Heap before GC invocations=16 (full 0):
 garbage-first heap   total 92160K, used 71116K [0x0000000700000000, 0x0000000800000000)
  region size 2048K, 11 young (22528K), 2 survivors (4096K)
 Metaspace       used 42929K, committed 43328K, reserved 1114112K
  class space    used 5751K, committed 5888K, reserved 1048576K
}
Event: 5.442 GC heap after
{Heap after GC invocations=17 (full 0):
 garbage-first heap   total 92160K, used 56113K [0x0000000700000000, 0x0000000800000000)
  region size 2048K, 2 young (4096K), 2 survivors (4096K)
 Metaspace       used 42929K, committed 43328K, reserved 1114112K
  class space    used 5751K, committed 5888K, reserved 1048576K
}
Event: 5.739 GC heap before
{Heap before GC invocations=18 (full 0):
 garbage-first heap   total 110592K, used 74545K [0x0000000700000000, 0x0000000800000000)
  region size 2048K, 10 young (20480K), 2 survivors (4096K)
 Metaspace       used 45540K, committed 45952K, reserved 1114112K
  class space    used 6026K, committed 6208K, reserved 1048576K
}
Event: 5.742 GC heap after
{Heap after GC invocations=19 (full 0):
 garbage-first heap   total 133120K, used 57207K [0x0000000700000000, 0x0000000800000000)
  region size 2048K, 2 young (4096K), 2 survivors (4096K)
 Metaspace       used 45540K, committed 45952K, reserved 1114112K
  class space    used 6026K, committed 6208K, reserved 1048576K
}
Event: 5.770 GC heap before
{Heap before GC invocations=19 (full 0):
 garbage-first heap   total 133120K, used 59255K [0x0000000700000000, 0x0000000800000000)
  region size 2048K, 3 young (6144K), 2 survivors (4096K)
 Metaspace       used 45734K, committed 46208K, reserved 1114112K
  class space    used 6065K, committed 6272K, reserved 1048576K
}
Event: 5.774 GC heap after
{Heap after GC invocations=20 (full 0):
 garbage-first heap   total 133120K, used 57111K [0x0000000700000000, 0x0000000800000000)
  region size 2048K, 1 young (2048K), 1 survivors (2048K)
 Metaspace       used 45734K, committed 46208K, reserved 1114112K
  class space    used 6065K, committed 6272K, reserved 1048576K
}
Event: 6.222 GC heap before
{Heap before GC invocations=20 (full 0):
 garbage-first heap   total 133120K, used 83735K [0x0000000700000000, 0x0000000800000000)
  region size 2048K, 15 young (30720K), 1 survivors (2048K)
 Metaspace       used 48006K, committed 48576K, reserved 1114112K
  class space    used 6411K, committed 6656K, reserved 1048576K
}
Event: 6.225 GC heap after
{Heap after GC invocations=21 (full 0):
 garbage-first heap   total 133120K, used 59438K [0x0000000700000000, 0x0000000800000000)
  region size 2048K, 2 young (4096K), 2 survivors (4096K)
 Metaspace       used 48006K, committed 48576K, reserved 1114112K
  class space    used 6411K, committed 6656K, reserved 1048576K
}
Event: 6.811 GC heap before
{Heap before GC invocations=21 (full 0):
 garbage-first heap   total 133120K, used 106542K [0x0000000700000000, 0x0000000800000000)
  region size 2048K, 24 young (49152K), 2 survivors (4096K)
 Metaspace       used 51793K, committed 52288K, reserved 1114112K
  class space    used 6887K, committed 7104K, reserved 1048576K
}
Event: 6.814 GC heap after
{Heap after GC invocations=22 (full 0):
 garbage-first heap   total 133120K, used 66665K [0x0000000700000000, 0x0000000800000000)
  region size 2048K, 3 young (6144K), 3 survivors (6144K)
 Metaspace       used 51793K, committed 52288K, reserved 1114112K
  class space    used 6887K, committed 7104K, reserved 1048576K
}
Event: 7.475 GC heap before
{Heap before GC invocations=22 (full 0):
 garbage-first heap   total 133120K, used 107625K [0x0000000700000000, 0x0000000800000000)
  region size 2048K, 23 young (47104K), 3 survivors (6144K)
 Metaspace       used 56096K, committed 56704K, reserved 1114112K
  class space    used 7626K, committed 7872K, reserved 1048576K
}
Event: 7.479 GC heap after
{Heap after GC invocations=23 (full 0):
 garbage-first heap   total 133120K, used 69258K [0x0000000700000000, 0x0000000800000000)
  region size 2048K, 3 young (6144K), 3 survivors (6144K)
 Metaspace       used 56096K, committed 56704K, reserved 1114112K
  class space    used 7626K, committed 7872K, reserved 1048576K
}
Event: 8.281 GC heap before
{Heap before GC invocations=24 (full 0):
 garbage-first heap   total 133120K, used 104074K [0x0000000700000000, 0x0000000800000000)
  region size 2048K, 21 young (43008K), 3 survivors (6144K)
 Metaspace       used 57625K, committed 58304K, reserved 1114112K
  class space    used 7813K, committed 8128K, reserved 1048576K
}
Event: 8.286 GC heap after
{Heap after GC invocations=25 (full 0):
 garbage-first heap   total 133120K, used 74369K [0x0000000700000000, 0x0000000800000000)
  region size 2048K, 3 young (6144K), 3 survivors (6144K)
 Metaspace       used 57625K, committed 58304K, reserved 1114112K
  class space    used 7813K, committed 8128K, reserved 1048576K
}
Event: 8.297 GC heap before
{Heap before GC invocations=25 (full 0):
 garbage-first heap   total 133120K, used 74369K [0x0000000700000000, 0x0000000800000000)
  region size 2048K, 4 young (8192K), 3 survivors (6144K)
 Metaspace       used 57629K, committed 58304K, reserved 1114112K
  class space    used 7813K, committed 8128K, reserved 1048576K
}
Event: 8.300 GC heap after
{Heap after GC invocations=26 (full 0):
 garbage-first heap   total 133120K, used 75843K [0x0000000700000000, 0x0000000800000000)
  region size 2048K, 1 young (2048K), 1 survivors (2048K)
 Metaspace       used 57629K, committed 58304K, reserved 1114112K
  class space    used 7813K, committed 8128K, reserved 1048576K
}
Event: 8.418 GC heap before
{Heap before GC invocations=27 (full 0):
 garbage-first heap   total 141312K, used 84035K [0x0000000700000000, 0x0000000800000000)
  region size 2048K, 5 young (10240K), 1 survivors (2048K)
 Metaspace       used 57736K, committed 58432K, reserved 1114112K
  class space    used 7824K, committed 8128K, reserved 1048576K
}
Event: 8.421 GC heap after
{Heap after GC invocations=28 (full 0):
 garbage-first heap   total 141312K, used 83500K [0x0000000700000000, 0x0000000800000000)
  region size 2048K, 2 young (4096K), 2 survivors (4096K)
 Metaspace       used 57736K, committed 58432K, reserved 1114112K
  class space    used 7824K, committed 8128K, reserved 1048576K
}
Event: 8.761 GC heap before
{Heap before GC invocations=29 (full 0):
 garbage-first heap   total 151552K, used 110124K [0x0000000700000000, 0x0000000800000000)
  region size 2048K, 14 young (28672K), 2 survivors (4096K)
 Metaspace       used 59217K, committed 59904K, reserved 1114112K
  class space    used 8024K, committed 8320K, reserved 1048576K
}

Dll operation events (3 events):
Event: 0.029 Loaded shared library C:\Program Files\Android\Android Studio\jbr\bin\java.dll
Event: 0.318 Loaded shared library C:\Program Files\Android\Android Studio\jbr\bin\zip.dll
Event: 0.700 Loaded shared library C:\Program Files\Android\Android Studio\jbr\bin\verify.dll

Deoptimization events (20 events):
Event: 8.739 Thread 0x00000217210a32c0 Uncommon trap: trap_request=0xffffffbe fr.pc=0x0000021707c22d6c relative=0x000000000000040c
Event: 8.739 Thread 0x00000217210a32c0 Uncommon trap: reason=profile_predicate action=maybe_recompile pc=0x0000021707c22d6c method=sun.instrument.TransformerManager.transform(Ljava/lang/Module;Ljava/lang/ClassLoader;Ljava/lang/String;Ljava/lang/Class;Ljava/security/ProtectionDomain;[B)[B @ 21 
Event: 8.739 Thread 0x00000217210a32c0 DEOPT PACKING pc=0x0000021707c22d6c sp=0x0000002b5ebf34a0
Event: 8.739 Thread 0x00000217210a32c0 DEOPT UNPACKING pc=0x00000217075869a3 sp=0x0000002b5ebf33b0 mode 2
Event: 8.740 Thread 0x00000217210a32c0 Uncommon trap: trap_request=0xffffffbe fr.pc=0x0000021707c22d6c relative=0x000000000000040c
Event: 8.740 Thread 0x00000217210a32c0 Uncommon trap: reason=profile_predicate action=maybe_recompile pc=0x0000021707c22d6c method=sun.instrument.TransformerManager.transform(Ljava/lang/Module;Ljava/lang/ClassLoader;Ljava/lang/String;Ljava/lang/Class;Ljava/security/ProtectionDomain;[B)[B @ 21 
Event: 8.740 Thread 0x00000217210a32c0 DEOPT PACKING pc=0x0000021707c22d6c sp=0x0000002b5ebf3090
Event: 8.740 Thread 0x00000217210a32c0 DEOPT UNPACKING pc=0x00000217075869a3 sp=0x0000002b5ebf2fa0 mode 2
Event: 8.741 Thread 0x00000217210a32c0 Uncommon trap: trap_request=0xffffffbe fr.pc=0x0000021707c22d6c relative=0x000000000000040c
Event: 8.741 Thread 0x00000217210a32c0 Uncommon trap: reason=profile_predicate action=maybe_recompile pc=0x0000021707c22d6c method=sun.instrument.TransformerManager.transform(Ljava/lang/Module;Ljava/lang/ClassLoader;Ljava/lang/String;Ljava/lang/Class;Ljava/security/ProtectionDomain;[B)[B @ 21 
Event: 8.741 Thread 0x00000217210a32c0 DEOPT PACKING pc=0x0000021707c22d6c sp=0x0000002b5ebf3400
Event: 8.741 Thread 0x00000217210a32c0 DEOPT UNPACKING pc=0x00000217075869a3 sp=0x0000002b5ebf3310 mode 2
Event: 8.743 Thread 0x00000217210a32c0 Uncommon trap: trap_request=0xffffffbe fr.pc=0x0000021707c22d6c relative=0x000000000000040c
Event: 8.743 Thread 0x00000217210a32c0 Uncommon trap: reason=profile_predicate action=maybe_recompile pc=0x0000021707c22d6c method=sun.instrument.TransformerManager.transform(Ljava/lang/Module;Ljava/lang/ClassLoader;Ljava/lang/String;Ljava/lang/Class;Ljava/security/ProtectionDomain;[B)[B @ 21 
Event: 8.744 Thread 0x00000217210a32c0 DEOPT PACKING pc=0x0000021707c22d6c sp=0x0000002b5ebf3400
Event: 8.744 Thread 0x00000217210a32c0 DEOPT UNPACKING pc=0x00000217075869a3 sp=0x0000002b5ebf3310 mode 2
Event: 8.760 Thread 0x00000217210a32c0 Uncommon trap: trap_request=0xffffffde fr.pc=0x0000021707b246a8 relative=0x0000000000000188
Event: 8.760 Thread 0x00000217210a32c0 Uncommon trap: reason=class_check action=maybe_recompile pc=0x0000021707b246a8 method=com.google.common.base.Objects.equal(Ljava/lang/Object;Ljava/lang/Object;)Z @ 11 c2
Event: 8.760 Thread 0x00000217210a32c0 DEOPT PACKING pc=0x0000021707b246a8 sp=0x0000002b5ebf51e0
Event: 8.760 Thread 0x00000217210a32c0 DEOPT UNPACKING pc=0x00000217075869a3 sp=0x0000002b5ebf5188 mode 2

Classes unloaded (0 events):
No events

Classes redefined (0 events):
No events

Internal exceptions (20 events):
Event: 6.954 Thread 0x00000217210a32c0 Exception <a 'java/lang/ClassNotFoundException'{0x00000007078a4a48}: org/jetbrains/plugins/gradle/model/scala/ScalaModelBeanInfo> (0x00000007078a4a48) 
thrown [s\src\hotspot\share\classfile\systemDictionary.cpp, line 256]
Event: 6.955 Thread 0x00000217210a32c0 Exception <a 'java/lang/ClassNotFoundException'{0x00000007078acf90}: org/jetbrains/plugins/gradle/model/scala/ScalaModelCustomizer> (0x00000007078acf90) 
thrown [s\src\hotspot\share\classfile\systemDictionary.cpp, line 256]
Event: 6.959 Thread 0x00000217210a32c0 Exception <a 'java/lang/ClassNotFoundException'{0x00000007078e9178}: org/jetbrains/plugins/gradle/model/DependencyAccessorsModelBeanInfo> (0x00000007078e9178) 
thrown [s\src\hotspot\share\classfile\systemDictionary.cpp, line 256]
Event: 6.959 Thread 0x00000217210a32c0 Exception <a 'java/lang/ClassNotFoundException'{0x00000007078f1788}: org/jetbrains/plugins/gradle/model/DependencyAccessorsModelCustomizer> (0x00000007078f1788) 
thrown [s\src\hotspot\share\classfile\systemDictionary.cpp, line 256]
Event: 7.076 Thread 0x00000217210a32c0 Exception <a 'java/lang/ClassNotFoundException'{0x00000007070e2360}: org/gradle/api/internal/project/DefaultProject_DecoratedBeanInfo> (0x00000007070e2360) 
thrown [s\src\hotspot\share\classfile\systemDictionary.cpp, line 256]
Event: 7.077 Thread 0x00000217210a32c0 Exception <a 'java/lang/ClassNotFoundException'{0x00000007070ef298}: org/gradle/api/internal/project/DefaultProjectBeanInfo> (0x00000007070ef298) 
thrown [s\src\hotspot\share\classfile\systemDictionary.cpp, line 256]
Event: 7.077 Thread 0x00000217210a32c0 Exception <a 'java/lang/ClassNotFoundException'{0x00000007070fc1f8}: org/gradle/api/internal/project/DefaultProjectCustomizer> (0x00000007070fc1f8) 
thrown [s\src\hotspot\share\classfile\systemDictionary.cpp, line 256]
Event: 7.080 Thread 0x00000217210a32c0 Exception <a 'java/lang/ClassNotFoundException'{0x00000007071a4838}: org/gradle/api/internal/project/DefaultProject_DecoratedCustomizer> (0x00000007071a4838) 
thrown [s\src\hotspot\share\classfile\systemDictionary.cpp, line 256]
Event: 7.207 Thread 0x00000217210a32c0 Exception <a 'java/lang/NoSuchMethodError'{0x000000070660f3a8}: 'long java.lang.invoke.DirectMethodHandle$Holder.invokeStatic(java.lang.Object, long)'> (0x000000070660f3a8) 
thrown [s\src\hotspot\share\interpreter\linkResolver.cpp, line 771]
Event: 7.324 Thread 0x00000217210a32c0 Exception <a 'java/lang/NoSuchMethodError'{0x000000070603f960}: 'java.lang.Object java.lang.invoke.DelegatingMethodHandle$Holder.reinvoke_L(java.lang.Object, java.lang.Object, java.lang.Object, java.lang.Object, java.lang.Object, java.lang.Object, java.lang.Object, java.lang.Object, java.lang.Object, java.lang.Object, java.lang.Object, java.lang.Object, java.lang.Object, java.lang.Object, java.lang.Object, java.lang.Object, java.lang.Object, java.lang.Object, java.lang.Object, java.lang.Object, java.lang.O
Event: 7.325 Thread 0x00000217210a32c0 Exception <a 'java/lang/NoSuchMethodError'{0x000000070604b138}: 'java.lang.Object java.lang.invoke.DirectMethodHandle$Holder.invokeSpecial(java.lang.Object, java.lang.Object, java.lang.Object, java.lang.Object, java.lang.Object, java.lang.Object, java.lang.Object, java.lang.Object, java.lang.Object, java.lang.Object, java.lang.Object, java.lang.Object, java.lang.Object, java.lang.Object, java.lang.Object, java.lang.Object, java.lang.Object, java.lang.Object, java.lang.Object, java.lang.Object, java.lang.Ob
Event: 7.326 Thread 0x00000217210a32c0 Exception <a 'java/lang/NoSuchMethodError'{0x0000000706050d80}: 'java.lang.Object java.lang.invoke.Invokers$Holder.invoker(java.lang.Object, java.lang.Object, java.lang.Object, java.lang.Object, java.lang.Object, java.lang.Object, java.lang.Object, java.lang.Object, java.lang.Object, java.lang.Object, java.lang.Object, java.lang.Object, java.lang.Object, java.lang.Object, java.lang.Object, java.lang.Object, java.lang.Object, java.lang.Object, java.lang.Object, java.lang.Object, java.lang.Object)'> (0x00000
Event: 7.326 Thread 0x00000217210a32c0 Exception <a 'java/lang/NoSuchMethodError'{0x00000007060573e0}: 'java.lang.Object java.lang.invoke.DelegatingMethodHandle$Holder.delegate(java.lang.Object, java.lang.Object, java.lang.Object, java.lang.Object, java.lang.Object, java.lang.Object, java.lang.Object, java.lang.Object, java.lang.Object, java.lang.Object, java.lang.Object, java.lang.Object, java.lang.Object, java.lang.Object, java.lang.Object, java.lang.Object, java.lang.Object, java.lang.Object, java.lang.Object, java.lang.Object, java.lang.Obj
Event: 7.469 Thread 0x00000217210a32c0 Exception <a 'java/lang/NoSuchMethodError'{0x0000000705bac7a0}: 'int java.lang.invoke.DirectMethodHandle$Holder.invokeSpecialIFC(java.lang.Object, java.lang.Object, java.lang.Object)'> (0x0000000705bac7a0) 
thrown [s\src\hotspot\share\interpreter\linkResolver.cpp, line 771]
Event: 7.538 Thread 0x00000217210a32c0 Exception <a 'java/lang/NoSuchMethodError'{0x0000000707f3c560}: 'java.lang.Object java.lang.invoke.DirectMethodHandle$Holder.newInvokeSpecial(java.lang.Object, java.lang.Object, java.lang.Object, java.lang.Object, java.lang.Object, int)'> (0x0000000707f3c560) 
thrown [s\src\hotspot\share\interpreter\linkResolver.cpp, line 771]
Event: 7.538 Thread 0x00000217210a32c0 Exception <a 'java/lang/NoSuchMethodError'{0x0000000707f41bb8}: 'java.lang.Object java.lang.invoke.DirectMethodHandle$Holder.invokeSpecial(java.lang.Object, java.lang.Object, java.lang.Object, java.lang.Object, java.lang.Object, java.lang.Object, int)'> (0x0000000707f41bb8) 
thrown [s\src\hotspot\share\interpreter\linkResolver.cpp, line 771]
Event: 7.549 Thread 0x00000217210a32c0 Exception <a 'java/lang/NoSuchMethodError'{0x0000000707ff3a38}: 'void java.lang.invoke.DirectMethodHandle$Holder.invokeStatic(java.lang.Object, java.lang.Object, java.lang.Object, int, java.lang.Object)'> (0x0000000707ff3a38) 
thrown [s\src\hotspot\share\interpreter\linkResolver.cpp, line 771]
Event: 7.975 Thread 0x00000217210a32c0 Implicit null exception at 0x0000021707b253ef to 0x0000021707b25658
Event: 8.249 Thread 0x00000217210a32c0 Implicit null exception at 0x0000021707b2f50f to 0x0000021707b2fba4
Event: 8.249 Thread 0x00000217210a32c0 Implicit null exception at 0x0000021707cc4014 to 0x0000021707cc46f4

VM Operations (20 events):
Event: 7.872 Executing VM operation: HandshakeAllThreads done
Event: 8.037 Executing VM operation: ICBufferFull
Event: 8.037 Executing VM operation: ICBufferFull done
Event: 8.225 Executing VM operation: ICBufferFull
Event: 8.226 Executing VM operation: ICBufferFull done
Event: 8.281 Executing VM operation: G1CollectForAllocation
Event: 8.286 Executing VM operation: G1CollectForAllocation done
Event: 8.297 Executing VM operation: G1TryInitiateConcMark
Event: 8.300 Executing VM operation: G1TryInitiateConcMark done
Event: 8.316 Executing VM operation: G1Concurrent
Event: 8.319 Executing VM operation: G1Concurrent done
Event: 8.325 Executing VM operation: G1Concurrent
Event: 8.325 Executing VM operation: G1Concurrent done
Event: 8.418 Executing VM operation: G1TryInitiateConcMark
Event: 8.421 Executing VM operation: G1TryInitiateConcMark done
Event: 8.438 Executing VM operation: G1Concurrent
Event: 8.440 Executing VM operation: G1Concurrent done
Event: 8.446 Executing VM operation: G1Concurrent
Event: 8.446 Executing VM operation: G1Concurrent done
Event: 8.761 Executing VM operation: G1CollectForAllocation

Events (20 events):
Event: 7.378 Thread 0x000002171a1d0c40 flushing nmethod 0x000002170079a390
Event: 7.378 Thread 0x000002171a1d0c40 flushing nmethod 0x0000021700886e90
Event: 7.378 Thread 0x000002171a1d0c40 flushing nmethod 0x000002170089b610
Event: 7.379 Thread 0x000002171a1d0c40 flushing nmethod 0x00000217008cfe10
Event: 7.379 Thread 0x000002171a1d0c40 flushing nmethod 0x0000021700975090
Event: 7.589 loading class java/util/Collections$2
Event: 7.589 loading class java/util/Collections$2 done
Event: 7.944 loading class java/util/LinkedList$LLSpliterator
Event: 7.944 loading class java/util/LinkedList$LLSpliterator done
Event: 7.985 Thread 0x00000217225b6810 Thread added: 0x00000217225b6810
Event: 7.985 Thread 0x00000217225b3320 Thread added: 0x00000217225b3320
Event: 7.985 Thread 0x00000217225b3cc0 Thread added: 0x00000217225b3cc0
Event: 7.985 Thread 0x00000217225b4190 Thread added: 0x00000217225b4190
Event: 7.986 Thread 0x00000217225b6ce0 Thread added: 0x00000217225b6ce0
Event: 7.986 Thread 0x00000217225b4660 Thread added: 0x00000217225b4660
Event: 7.986 Thread 0x00000217225b4b30 Thread added: 0x00000217225b4b30
Event: 7.986 Thread 0x00000217225b59a0 Thread added: 0x00000217225b59a0
Event: 7.986 Thread 0x00000217225b54d0 Thread added: 0x00000217225b54d0
Event: 7.986 Thread 0x00000217225b5000 Thread added: 0x00000217225b5000
Event: 7.986 Thread 0x00000217225b5e70 Thread added: 0x00000217225b5e70


Dynamic libraries:
0x00007ff7ccc70000 - 0x00007ff7ccc7a000 	C:\Program Files\Android\Android Studio\jbr\bin\java.exe
0x00007ff81c410000 - 0x00007ff81c627000 	C:\WINDOWS\SYSTEM32\ntdll.dll
0x00007ff81bc00000 - 0x00007ff81bcc4000 	C:\WINDOWS\System32\KERNEL32.DLL
0x00007ff819ab0000 - 0x00007ff819e82000 	C:\WINDOWS\System32\KERNELBASE.dll
0x00007ff819e90000 - 0x00007ff819fa1000 	C:\WINDOWS\System32\ucrtbase.dll
0x00007fffe5410000 - 0x00007fffe542b000 	C:\Program Files\Android\Android Studio\jbr\bin\VCRUNTIME140.dll
0x00007fffe2bc0000 - 0x00007fffe2bd7000 	C:\Program Files\Android\Android Studio\jbr\bin\jli.dll
0x00007ff81ae10000 - 0x00007ff81afc1000 	C:\WINDOWS\System32\USER32.dll
0x00007ff819fb0000 - 0x00007ff819fd6000 	C:\WINDOWS\System32\win32u.dll
0x00007ff807290000 - 0x00007ff80752b000 	C:\WINDOWS\WinSxS\amd64_microsoft.windows.common-controls_6595b64144ccf1df_6.0.22621.5415_none_270d77d17387d7da\COMCTL32.dll
0x00007ff81be60000 - 0x00007ff81be89000 	C:\WINDOWS\System32\GDI32.dll
0x00007ff819860000 - 0x00007ff819983000 	C:\WINDOWS\System32\gdi32full.dll
0x00007ff819990000 - 0x00007ff819a2a000 	C:\WINDOWS\System32\msvcp_win.dll
0x00007ff81bd90000 - 0x00007ff81be37000 	C:\WINDOWS\System32\msvcrt.dll
0x00007ff81b5b0000 - 0x00007ff81b5e1000 	C:\WINDOWS\System32\IMM32.DLL
0x00007ff813850000 - 0x00007ff81385c000 	C:\Program Files\Android\Android Studio\jbr\bin\vcruntime140_1.dll
0x00007fff98830000 - 0x00007fff988bd000 	C:\Program Files\Android\Android Studio\jbr\bin\msvcp140.dll
0x00007fff5d370000 - 0x00007fff5dff0000 	C:\Program Files\Android\Android Studio\jbr\bin\server\jvm.dll
0x00007ff81afd0000 - 0x00007ff81b081000 	C:\WINDOWS\System32\ADVAPI32.dll
0x00007ff81bcd0000 - 0x00007ff81bd78000 	C:\WINDOWS\System32\sechost.dll
0x00007ff8196f0000 - 0x00007ff819718000 	C:\WINDOWS\System32\bcrypt.dll
0x00007ff81b980000 - 0x00007ff81ba94000 	C:\WINDOWS\System32\RPCRT4.dll
0x00007ff814f90000 - 0x00007ff814fc4000 	C:\WINDOWS\SYSTEM32\WINMM.dll
0x00007ff812980000 - 0x00007ff81298a000 	C:\WINDOWS\SYSTEM32\VERSION.dll
0x00007ffffda20000 - 0x00007ffffda29000 	C:\WINDOWS\SYSTEM32\WSOCK32.dll
0x00007ff81be90000 - 0x00007ff81bf01000 	C:\WINDOWS\System32\ws2_32.DLL
0x00007ff818510000 - 0x00007ff818528000 	C:\WINDOWS\SYSTEM32\kernel.appcore.dll
0x00007ff8094f0000 - 0x00007ff8094fa000 	C:\Program Files\Android\Android Studio\jbr\bin\jimage.dll
0x00007ff817010000 - 0x00007ff817243000 	C:\WINDOWS\SYSTEM32\DBGHELP.DLL
0x00007ff81bf80000 - 0x00007ff81c313000 	C:\WINDOWS\System32\combase.dll
0x00007ff81b8a0000 - 0x00007ff81b977000 	C:\WINDOWS\System32\OLEAUT32.dll
0x00007ff8071f0000 - 0x00007ff807222000 	C:\WINDOWS\SYSTEM32\dbgcore.DLL
0x00007ff819670000 - 0x00007ff8196eb000 	C:\WINDOWS\System32\bcryptPrimitives.dll
0x00007ffff1600000 - 0x00007ffff160e000 	C:\Program Files\Android\Android Studio\jbr\bin\instrument.dll
0x00007fffe0f90000 - 0x00007fffe0fb5000 	C:\Program Files\Android\Android Studio\jbr\bin\java.dll
0x00007fffe3fb0000 - 0x00007fffe3fc8000 	C:\Program Files\Android\Android Studio\jbr\bin\zip.dll
0x00007ff81a3c0000 - 0x00007ff81ac62000 	C:\WINDOWS\System32\SHELL32.dll
0x00007ff819720000 - 0x00007ff81985f000 	C:\WINDOWS\System32\wintypes.dll
0x00007ff8173e0000 - 0x00007ff817cfe000 	C:\WINDOWS\SYSTEM32\windows.storage.dll
0x00007ff81a2b0000 - 0x00007ff81a3bb000 	C:\WINDOWS\System32\SHCORE.dll
0x00007ff81bf10000 - 0x00007ff81bf79000 	C:\WINDOWS\System32\shlwapi.dll
0x00007ff819430000 - 0x00007ff81945b000 	C:\WINDOWS\SYSTEM32\profapi.dll
0x00007fffe3be0000 - 0x00007fffe3bf9000 	C:\Program Files\Android\Android Studio\jbr\bin\net.dll
0x00007ff814610000 - 0x00007ff81473c000 	C:\WINDOWS\SYSTEM32\WINHTTP.dll
0x00007ff8189b0000 - 0x00007ff818a19000 	C:\WINDOWS\system32\mswsock.dll
0x00007fffe2d20000 - 0x00007fffe2d36000 	C:\Program Files\Android\Android Studio\jbr\bin\nio.dll
0x00007ff802290000 - 0x00007ff8022a0000 	C:\Program Files\Android\Android Studio\jbr\bin\verify.dll
0x00007fffe1eb0000 - 0x00007fffe1ed7000 	C:\Users\Lenovo\.gradle\native\68d5fa5c4cc2d200863cafc0d521ce42e7d3e7ee720ec0a83991735586a16f82\windows-amd64\native-platform.dll
0x00007fff91d50000 - 0x00007fff91e94000 	C:\Users\Lenovo\.gradle\native\e376f236ea51e6404a007f0833ffe2c6e607c4080706a723a18a27aeea778392\windows-amd64\native-platform-file-events.dll
0x00007ffff2d40000 - 0x00007ffff2d49000 	C:\Program Files\Android\Android Studio\jbr\bin\management.dll
0x00007ffff1fe0000 - 0x00007ffff1feb000 	C:\Program Files\Android\Android Studio\jbr\bin\management_ext.dll
0x00007ff81b120000 - 0x00007ff81b128000 	C:\WINDOWS\System32\PSAPI.DLL
0x00007ff818c00000 - 0x00007ff818c1b000 	C:\WINDOWS\SYSTEM32\CRYPTSP.dll
0x00007ff818460000 - 0x00007ff818497000 	C:\WINDOWS\system32\rsaenh.dll
0x00007ff818aa0000 - 0x00007ff818ac8000 	C:\WINDOWS\SYSTEM32\USERENV.dll
0x00007ff818c20000 - 0x00007ff818c2c000 	C:\WINDOWS\SYSTEM32\CRYPTBASE.dll
0x00007ff817f60000 - 0x00007ff817f8d000 	C:\WINDOWS\SYSTEM32\IPHLPAPI.DLL
0x00007ff81b840000 - 0x00007ff81b849000 	C:\WINDOWS\System32\NSI.dll
0x00007ff814b60000 - 0x00007ff814b79000 	C:\WINDOWS\SYSTEM32\dhcpcsvc6.DLL
0x00007ff813120000 - 0x00007ff81313f000 	C:\WINDOWS\SYSTEM32\dhcpcsvc.DLL
0x00007ff817fd0000 - 0x00007ff8180c8000 	C:\WINDOWS\SYSTEM32\DNSAPI.dll
0x00007fffee8e0000 - 0x00007fffee8e8000 	C:\WINDOWS\system32\wshunix.dll

dbghelp: loaded successfully - version: 4.0.5 - missing functions: none
symbol engine: initialized successfully - sym options: 0x614 - pdb path: .;C:\Program Files\Android\Android Studio\jbr\bin;C:\WINDOWS\SYSTEM32;C:\WINDOWS\WinSxS\amd64_microsoft.windows.common-controls_6595b64144ccf1df_6.0.22621.5415_none_270d77d17387d7da;C:\Program Files\Android\Android Studio\jbr\bin\server;C:\Users\Lenovo\.gradle\native\68d5fa5c4cc2d200863cafc0d521ce42e7d3e7ee720ec0a83991735586a16f82\windows-amd64;C:\Users\Lenovo\.gradle\native\e376f236ea51e6404a007f0833ffe2c6e607c4080706a723a18a27aeea778392\windows-amd64

VM Arguments:
jvm_args: --add-opens=java.base/java.util=ALL-UNNAMED --add-opens=java.base/java.lang=ALL-UNNAMED --add-opens=java.base/java.lang.invoke=ALL-UNNAMED --add-opens=java.prefs/java.util.prefs=ALL-UNNAMED --add-opens=java.base/java.nio.charset=ALL-UNNAMED --add-opens=java.base/java.net=ALL-UNNAMED --add-opens=java.base/java.util.concurrent.atomic=ALL-UNNAMED -Xmx4096m -Dfile.encoding=UTF-8 -Duser.country=US -Duser.language=en -Duser.variant -javaagent:C:\Users\Lenovo\.gradle\wrapper\dists\gradle-8.2-bin\bbg7u40eoinfdyxsxr3z4i7ta\gradle-8.2\lib\agents\gradle-instrumentation-agent-8.2.jar 
java_command: org.gradle.launcher.daemon.bootstrap.GradleDaemon 8.2
java_class_path (initial): C:\Users\Lenovo\.gradle\wrapper\dists\gradle-8.2-bin\bbg7u40eoinfdyxsxr3z4i7ta\gradle-8.2\lib\gradle-launcher-8.2.jar
Launcher Type: SUN_STANDARD

[Global flags]
     intx CICompilerCount                          = 4                                         {product} {ergonomic}
     uint ConcGCThreads                            = 3                                         {product} {ergonomic}
     uint G1ConcRefinementThreads                  = 10                                        {product} {ergonomic}
   size_t G1HeapRegionSize                         = 2097152                                   {product} {ergonomic}
    uintx GCDrainStackTargetSize                   = 64                                        {product} {ergonomic}
   size_t InitialHeapSize                          = 98566144                                  {product} {ergonomic}
   size_t MarkStackSize                            = 4194304                                   {product} {ergonomic}
   size_t MaxHeapSize                              = 4294967296                                {product} {command line}
   size_t MaxNewSize                               = 2575302656                                {product} {ergonomic}
   size_t MinHeapDeltaBytes                        = 2097152                                   {product} {ergonomic}
   size_t MinHeapSize                              = 8388608                                   {product} {ergonomic}
    uintx NonNMethodCodeHeapSize                   = 5839372                                {pd product} {ergonomic}
    uintx NonProfiledCodeHeapSize                  = 122909434                              {pd product} {ergonomic}
    uintx ProfiledCodeHeapSize                     = 122909434                              {pd product} {ergonomic}
    uintx ReservedCodeCacheSize                    = 251658240                              {pd product} {ergonomic}
     bool SegmentedCodeCache                       = true                                      {product} {ergonomic}
   size_t SoftMaxHeapSize                          = 4294967296                             {manageable} {ergonomic}
     bool UseCompressedClassPointers               = true                           {product lp64_product} {ergonomic}
     bool UseCompressedOops                        = true                           {product lp64_product} {ergonomic}
     bool UseG1GC                                  = true                                      {product} {ergonomic}
     bool UseLargePagesIndividualAllocation        = false                                  {pd product} {ergonomic}

Logging:
Log output configuration:
 #0: stdout all=warning uptime,level,tags
 #1: stderr all=off uptime,level,tags

Environment Variables:
JAVA_HOME=C:\JAVA\jdk-1.8
PATH=C:\Program Files\Python313\Scripts\;C:\Program Files\Python313\;C:\Program Files (x86)\Common Files\Oracle\Java\java8path;C:\Program Files (x86)\Common Files\Oracle\Java\javapath;C:\Program Files (x86)\VMware\VMware Workstation\bin\;C:\app\Lenovo\product\21c\dbhomeXE\bin;C:\Program Files (x86)\Common Files\Intel\Shared Libraries\redist\intel64\compiler;C:\WINDOWS\system32;C:\WINDOWS;C:\WINDOWS\System32\Wbem;C:\WINDOWS\System32\WindowsPowerShell\v1.0\;C:\WINDOWS\System32\OpenSSH\;C:\minGW++\bin;C:\Program Files\Git\cmd;C:\Program Files\nodejs\;C:\cygwin64\bin;C:\Program Files\Docker\Docker\resources\bin;C:\JAVA\jdk-1.8\bin;C:\hadoop\bin;C:\hadoop\sbin;C:\hive\bin;C:\derby\bin;C:\wget;C:\JAVA\jdk-1.8\bin;C:\spark\spark-3.4.4-bin-hadoop3\bin;C:\spark\bin;C:\Program Files\Python313\Scripts\;C:\Program Files\Python313\;C:\Program Files (x86)\Common Files\Oracle\Java\java8path;C:\Program Files (x86)\Common Files\Oracle\Java\javapath;C:\Program Files (x86)\VMware\VMware Workstation\bin\;C:\app\Lenovo\product\21c\dbhomeXE\bin;C:\Program Files (x86)\Common Files\Intel\Shared Libraries\redist\intel64\compiler;C:\WINDOWS\system32;C:\WINDOWS;C:\WINDOWS\System32\Wbem;C:\WINDOWS\System32\WindowsPowerShell\v1.0\;C:\WINDOWS\System32\OpenSSH\;C:\minGW++\bin;C:\Program Files\Git\cmd;C:\Program Files\nodejs\;C:\cygwin64\bin;C:\Program Files\Docker\Docker\resources\bin;C:\JAVA\jdk-1.8\bin;C:\hadoop\bin;C:\hadoop\sbin;C:\hive\bin;C:\derby\bin;C:\wget;C:\JAVA\jdk-1.8\bin;C:\Users\Lenovo\AppData\Local\Microsoft\WindowsApps;C:\Users\Lenovo\AppData\Local\Programs\Microsoft VS Code\bin;C:\MinGW\bin;C:\Program Files\JetBrains\IntelliJ IDEA Community Edition 2023.2\bin;C:\Users\Lenovo\AppData\Roaming\npm;
USERNAME=Lenovo
OS=Windows_NT
PROCESSOR_IDENTIFIER=AMD64 Family 23 Model 104 Stepping 1, AuthenticAMD
TMP=C:\Users\Lenovo\AppData\Local\Temp
TEMP=C:\Users\Lenovo\AppData\Local\Temp


JNI global refs:
JNI global refs: 29, weak refs: 5

JNI global refs memory usage: 843, weak refs: 841

OOME stack traces (most recent first):
Classloader memory used:
Loader org.gradle.internal.classloader.VisitableURLClassLoader                         : 3466K
Loader bootstrap                                                                       : 2454K
Loader org.gradle.initialization.MixInLegacyTypesClassLoader                           : 999K
Loader org.gradle.internal.classloader.VisitableURLClassLoader$InstrumentingVisitableURLClassLoader: 272K
Loader org.gradle.internal.classloader.VisitableURLClassLoader                         : 73857B
Loader jdk.internal.loader.ClassLoaders$PlatformClassLoader                            : 65102B
Loader jdk.internal.loader.ClassLoaders$AppClassLoader                                 : 28352B
Loader jdk.internal.reflect.DelegatingClassLoader                                      : 27581B
Loader org.gradle.groovy.scripts.internal.DefaultScriptCompilationHandler$ScriptClassLoader: 11566B
Loader org.codehaus.groovy.runtime.callsite.CallSiteClassLoader                        : 6718B

Classes loaded by more than one classloader:
Class Program                                                                         : loaded 4 times (x 72B)
Class org.gradle.internal.Cast                                                        : loaded 3 times (x 69B)
Class org.gradle.api.GradleException                                                  : loaded 3 times (x 80B)
Class com.google.common.collect.SingletonImmutableList                                : loaded 2 times (x 167B)
Class org.gradle.internal.classpath.ClassPath                                         : loaded 2 times (x 68B)
Class org.gradle.api.internal.classpath.DefaultModuleRegistry                         : loaded 2 times (x 84B)
Class Settings_gradle$1$1                                                             : loaded 2 times (x 72B)
Class com.google.common.collect.ListMultimap                                          : loaded 2 times (x 68B)
Class com.google.common.base.CharMatcher$JavaDigit                                    : loaded 2 times (x 109B)
Class ijinit_1rup792os10r0mwh7xibdysyn                                                : loaded 2 times (x 177B)
Class com.google.common.base.CharMatcher$Digit                                        : loaded 2 times (x 110B)
Class com.google.common.collect.AbstractMultimap                                      : loaded 2 times (x 121B)
Class com.intellij.openapi.externalSystem.model.ExternalSystemException               : loaded 2 times (x 84B)
Class org.gradle.api.Action                                                           : loaded 2 times (x 68B)
Class org.jetbrains.kotlin.idea.gradleTooling.model.samWithReceiver.SamWithReceiverModel: loaded 2 times (x 68B)
Class com.google.common.collect.Lists$StringAsImmutableList                           : loaded 2 times (x 167B)
Class org.jetbrains.plugins.gradle.model.ExternalProject                              : loaded 2 times (x 68B)
Class org.jetbrains.plugins.gradle.model.IntelliJSettings                             : loaded 2 times (x 68B)
Class com.google.common.base.CharMatcher                                              : loaded 2 times (x 109B)
Class com.google.common.base.CharMatcher$IsNot                                        : loaded 2 times (x 109B)
Class com.google.common.base.Splitter                                                 : loaded 2 times (x 70B)
Class org.jetbrains.kotlin.idea.gradleTooling.KotlinMPPGradleModel                    : loaded 2 times (x 68B)
Class org.gradle.api.internal.DefaultClassPathProvider                                : loaded 2 times (x 74B)
Class org.gradle.internal.installation.GradleInstallation$1                           : loaded 2 times (x 73B)
Class com.google.common.base.CharMatcher$BitSetMatcher                                : loaded 2 times (x 110B)
Class com.google.common.collect.ImmutableMap$IteratorBasedImmutableMap                : loaded 2 times (x 123B)
Class org.gradle.internal.exceptions.DefaultMultiCauseException                       : loaded 2 times (x 85B)
Class com.google.common.collect.ImmutableMap                                          : loaded 2 times (x 118B)
Class com.google.common.base.Converter                                                : loaded 2 times (x 88B)
Class org.gradle.tooling.model.UnsupportedMethodException                             : loaded 2 times (x 80B)
Class org.gradle.internal.time.MonotonicClock                                         : loaded 2 times (x 75B)
Class com.google.common.base.Predicate                                                : loaded 2 times (x 68B)
Class org.gradle.internal.classloader.FilteringClassLoader                            : loaded 2 times (x 102B)
Class org.gradle.tooling.model.Model                                                  : loaded 2 times (x 68B)
Class org.gradle.internal.classpath.DefaultClassPath$ImmutableUniqueList$Builder      : loaded 2 times (x 73B)
Class com.google.common.collect.Maps$8                                                : loaded 2 times (x 80B)
Class com.google.common.base.CharMatcher$InRange                                      : loaded 2 times (x 109B)
Class org.jetbrains.kotlin.idea.gradleTooling.KotlinSourceSetContainer                : loaded 2 times (x 68B)
Class com.google.common.collect.BiMap                                                 : loaded 2 times (x 68B)
Class com.google.common.collect.Lists                                                 : loaded 2 times (x 69B)
Class org.gradle.internal.classloader.ClassLoaderVisitor                              : loaded 2 times (x 74B)
Class org.gradle.internal.time.DefaultCountdownTimer                                  : loaded 2 times (x 86B)
Class org.gradle.internal.service.DefaultServiceLocator                               : loaded 2 times (x 81B)
Class org.gradle.internal.service.UnknownServiceException                             : loaded 2 times (x 81B)
Class com.google.common.collect.ArrayListMultimap                                     : loaded 2 times (x 170B)
Class org.jetbrains.plugins.gradle.model.DependencyAccessorsModel                     : loaded 2 times (x 68B)
Class org.gradle.internal.classloader.DefaultClassLoaderFactory                       : loaded 2 times (x 80B)
Class com.google.common.collect.UnmodifiableIterator                                  : loaded 2 times (x 78B)
Class com.google.common.base.CharMatcher$SingleWidth                                  : loaded 2 times (x 110B)
Class org.jetbrains.plugins.gradle.model.GradleExtensions                             : loaded 2 times (x 68B)
Class com.google.common.base.JdkPattern                                               : loaded 2 times (x 73B)
Class com.google.common.collect.Multimap                                              : loaded 2 times (x 68B)
Class org.jetbrains.plugins.gradle.model.VersionCatalogsModel                         : loaded 2 times (x 68B)
Class org.gradle.internal.classloader.VisitableURLClassLoader$Spec                    : loaded 2 times (x 72B)
Class org.gradle.tooling.model.ProjectModel                                           : loaded 2 times (x 68B)
Class org.jetbrains.plugins.gradle.model.MavenRepositoryModel                         : loaded 2 times (x 68B)
Class com.google.common.base.CharMatcher$JavaLetterOrDigit                            : loaded 2 times (x 109B)
Class org.gradle.tooling.internal.gradle.DefaultProjectIdentifier                     : loaded 2 times (x 84B)
Class org.gradle.api.internal.classpath.ModuleRegistry                                : loaded 2 times (x 68B)
Class org.gradle.util.GradleVersion                                                   : loaded 2 times (x 81B)
Class org.jetbrains.plugins.gradle.model.RepositoriesModel                            : loaded 2 times (x 68B)
Class kotlin.jvm.internal.markers.KMappedMarker                                       : loaded 2 times (x 68B)
Class org.gradle.api.internal.ClassPathProvider                                       : loaded 2 times (x 68B)
Class org.gradle.internal.classloader.ClasspathUtil$1                                 : loaded 2 times (x 74B)
Class com.google.common.collect.ImmutableEnumMap                                      : loaded 2 times (x 123B)
Class com.google.common.collect.ImmutableList$ReverseImmutableList                    : loaded 2 times (x 168B)
Class org.gradle.internal.classloader.ClassLoaderFactory                              : loaded 2 times (x 68B)
Class com.google.common.collect.ObjectArrays                                          : loaded 2 times (x 69B)
Class com.google.common.collect.ImmutableList                                         : loaded 2 times (x 166B)
Class org.gradle.api.internal.classpath.ManifestUtil                                  : loaded 2 times (x 69B)
Class org.gradle.api.specs.Spec                                                       : loaded 2 times (x 68B)
Class com.google.common.base.CharMatcher$Whitespace                                   : loaded 2 times (x 110B)
Class org.gradle.tooling.internal.gradle.GradleBuildIdentity                          : loaded 2 times (x 68B)
Class com.google.common.base.Preconditions                                            : loaded 2 times (x 69B)
Class com.google.common.base.Function                                                 : loaded 2 times (x 68B)
Class org.gradle.internal.IoActions                                                   : loaded 2 times (x 69B)
Class com.google.common.collect.CollectPreconditions                                  : loaded 2 times (x 69B)
Class com.google.common.collect.Maps                                                  : loaded 2 times (x 69B)
Class com.google.common.collect.AbstractIndexedListIterator                           : loaded 2 times (x 94B)
Class com.google.common.base.CharMatcher$None                                         : loaded 2 times (x 110B)
Class org.gradle.api.internal.classpath.EffectiveClassPath                            : loaded 2 times (x 88B)
Class com.google.common.collect.UnmodifiableListIterator                              : loaded 2 times (x 93B)
Class kotlin.jvm.internal.DefaultConstructorMarker                                    : loaded 2 times (x 69B)
Class com.google.common.collect.ImmutableList$1                                       : loaded 2 times (x 95B)
Class com.google.common.base.Splitter$Strategy                                        : loaded 2 times (x 68B)
Class org.jetbrains.kotlin.idea.gradleTooling.model.annotation.AnnotationBasedPluginModel: loaded 2 times (x 68B)
Class org.jetbrains.kotlin.idea.gradleTooling.model.assignment.AssignmentModel        : loaded 2 times (x 68B)
Class org.gradle.internal.installation.CurrentGradleInstallation                      : loaded 2 times (x 71B)
Class org.gradle.internal.agents.InstrumentingClassLoader                             : loaded 2 times (x 68B)
Class org.gradle.internal.installation.CurrentGradleInstallationLocator               : loaded 2 times (x 69B)
Class org.gradle.api.internal.classpath.Module                                        : loaded 2 times (x 68B)
Class com.google.common.base.Splitter$1$1                                             : loaded 2 times (x 84B)
Class org.gradle.internal.service.CachingServiceLocator                               : loaded 2 times (x 80B)
Class org.gradle.internal.time.Timer                                                  : loaded 2 times (x 68B)
Class org.jetbrains.plugins.gradle.model.tests.ExternalTestsModel                     : loaded 2 times (x 68B)
Class org.jetbrains.kotlin.idea.gradleTooling.KotlinDslScriptAdditionalTask           : loaded 2 times (x 68B)
Class org.gradle.internal.classpath.DefaultClassPath                                  : loaded 2 times (x 88B)
Class com.google.common.base.Splitter$SplittingIterator                               : loaded 2 times (x 82B)
Class com.intellij.openapi.externalSystem.model.project.dependencies.ProjectDependencies: loaded 2 times (x 68B)
Class org.jetbrains.kotlin.idea.gradleTooling.PrepareKotlinIdeImportTaskModel         : loaded 2 times (x 68B)
Class org.gradle.internal.impldep.com.google.common.base.Preconditions                : loaded 2 times (x 69B)
Class kotlin.jvm.functions.Function1                                                  : loaded 2 times (x 68B)
Class com.google.common.base.CharMatcher$Is                                           : loaded 2 times (x 109B)
Class com.google.common.collect.RegularImmutableAsList                                : loaded 2 times (x 176B)
Class org.gradle.internal.time.Time                                                   : loaded 2 times (x 69B)
Class org.gradle.internal.time.TimeSource$1                                           : loaded 2 times (x 75B)
Class org.gradle.internal.classloader.SystemClassLoaderSpec                           : loaded 2 times (x 69B)
Class [Lcom.google.common.base.AbstractIterator$State;                                : loaded 2 times (x 67B)
Class com.google.common.base.AbstractIterator                                         : loaded 2 times (x 78B)
Class com.google.common.base.AbstractIterator$1                                       : loaded 2 times (x 69B)
Class kotlin.Function                                                                 : loaded 2 times (x 68B)
Class com.google.common.base.CharMatcher$1                                            : loaded 2 times (x 111B)
Class com.google.common.base.CharMatcher$Ascii                                        : loaded 2 times (x 110B)
Class org.gradle.api.UncheckedIOException                                             : loaded 2 times (x 80B)
Class com.google.common.base.CharMatcher$And                                          : loaded 2 times (x 110B)
Class sync_studio_tooling3_doc05bqd89g69loabzf7n1b1q$_run_closure1                    : loaded 2 times (x 134B)
Class com.google.common.collect.AbstractListMultimap                                  : loaded 2 times (x 170B)
Class com.google.common.base.CharMatcher$Any                                          : loaded 2 times (x 110B)
Class com.google.common.collect.ImmutableCollection                                   : loaded 2 times (x 123B)
Class com.google.common.collect.ArrayListMultimapGwtSerializationDependencies         : loaded 2 times (x 170B)
Class com.google.common.base.CharMatcher$RangesMatcher                                : loaded 2 times (x 110B)
Class org.gradle.tooling.internal.gradle.GradleProjectIdentity                        : loaded 2 times (x 68B)
Class com.google.common.collect.ImmutableList$SubList                                 : loaded 2 times (x 168B)
Class org.gradle.internal.time.CountdownTimer                                         : loaded 2 times (x 68B)
Class org.gradle.internal.time.Clock                                                  : loaded 2 times (x 68B)
Class org.gradle.internal.classloader.ClasspathUtil                                   : loaded 2 times (x 69B)
Class org.gradle.tooling.model.BuildIdentifier                                        : loaded 2 times (x 68B)
Class com.google.common.base.Splitter$1                                               : loaded 2 times (x 75B)
Class com.google.common.collect.Maps$BiMapConverter                                   : loaded 2 times (x 88B)
Class org.gradle.api.internal.DefaultClassPathRegistry                                : loaded 2 times (x 74B)
Class org.gradle.api.internal.classpath.DefaultModuleRegistry$DefaultModule           : loaded 2 times (x 84B)
Class com.google.common.base.CharMatcher$JavaIsoControl                               : loaded 2 times (x 110B)
Class com.google.common.base.CharMatcher$Or                                           : loaded 2 times (x 110B)
Class org.gradle.internal.time.TimeSource                                             : loaded 2 times (x 68B)
Class org.jetbrains.kotlin.android.synthetic.idea.AndroidExtensionsGradleModel        : loaded 2 times (x 68B)
Class com.google.common.base.CharMatcher$JavaLowerCase                                : loaded 2 times (x 109B)
Class org.gradle.api.internal.classpath.UnknownModuleException                        : loaded 2 times (x 80B)
Class com.google.common.collect.Maps$EntryTransformer                                 : loaded 2 times (x 68B)
Class com.google.common.base.CommonPattern                                            : loaded 2 times (x 72B)
Class org.jetbrains.plugins.gradle.model.IntelliJProjectSettings                      : loaded 2 times (x 68B)
Class org.gradle.internal.service.ServiceLookupException                              : loaded 2 times (x 80B)
Class org.gradle.cache.GlobalCache                                                    : loaded 2 times (x 68B)
Class org.jetbrains.kotlin.idea.gradleTooling.model.lombok.LombokModel                : loaded 2 times (x 68B)
Class org.gradle.tooling.model.ProjectIdentifier                                      : loaded 2 times (x 68B)
Class com.google.common.base.CharMatcher$NegatedFastMatcher                           : loaded 2 times (x 111B)
Class [Lorg.gradle.api.internal.ClassPathProvider;                                    : loaded 2 times (x 67B)
Class org.gradle.internal.operations.MultipleBuildOperationFailures                   : loaded 2 times (x 85B)
Class org.gradle.util.internal.GUtil                                                  : loaded 2 times (x 69B)
Class org.jetbrains.plugins.gradle.model.AnnotationProcessingModel                    : loaded 2 times (x 68B)
Class org.gradle.internal.classloader.ClassLoaderSpec                                 : loaded 2 times (x 69B)
Class com.google.common.base.NullnessCasts                                            : loaded 2 times (x 69B)
Class com.google.common.base.CharMatcher$Negated                                      : loaded 2 times (x 111B)
Class org.jetbrains.plugins.gradle.model.BuildScriptClasspathModel                    : loaded 2 times (x 68B)
Class com.google.common.base.CharMatcher$ForPredicate                                 : loaded 2 times (x 110B)
Class com.google.common.collect.SortedMapDifference                                   : loaded 2 times (x 68B)
Class org.gradle.internal.classloader.VisitableURLClassLoader                         : loaded 2 times (x 114B)
Class org.gradle.internal.installation.GradleInstallation                             : loaded 2 times (x 73B)
Class org.gradle.api.internal.ClassPathRegistry                                       : loaded 2 times (x 68B)
Class org.gradle.internal.classloader.VisitableURLClassLoader$InstrumentingVisitableURLClassLoader: loaded 2 times (x 120B)
Class org.gradle.internal.classloader.ClassLoaderHierarchy                            : loaded 2 times (x 68B)
Class org.gradle.internal.exceptions.MultiCauseException                              : loaded 2 times (x 68B)
Class org.jetbrains.kotlin.idea.gradleTooling.model.parcelize.ParcelizeGradleModel    : loaded 2 times (x 68B)
Class com.google.common.base.AbstractIterator$State                                   : loaded 2 times (x 77B)
Class com.google.common.base.CharMatcher$NamedFastMatcher                             : loaded 2 times (x 110B)
Class org.gradle.internal.InternalTransformer                                         : loaded 2 times (x 68B)
Class org.jetbrains.kotlin.idea.gradleTooling.model.noarg.NoArgModel                  : loaded 2 times (x 68B)
Class org.jetbrains.kotlin.idea.gradleTooling.KotlinGradleModel                       : loaded 2 times (x 68B)
Class org.gradle.tooling.internal.gradle.DefaultBuildIdentifier                       : loaded 2 times (x 77B)
Class org.gradle.internal.service.ServiceLocator                                      : loaded 2 times (x 68B)
Class Settings_gradle$1                                                               : loaded 2 times (x 72B)
Class sync_studio_tooling3_doc05bqd89g69loabzf7n1b1q                                  : loaded 2 times (x 177B)
Class org.jetbrains.kotlin.idea.gradleTooling.model.allopen.AllOpenModel              : loaded 2 times (x 68B)
Class com.google.common.base.CharMatcher$Invisible                                    : loaded 2 times (x 110B)
Class com.google.common.base.CharMatcher$FastMatcher                                  : loaded 2 times (x 109B)
Class org.gradle.internal.classpath.DefaultClassPath$ImmutableUniqueList              : loaded 2 times (x 159B)
Class org.gradle.internal.time.DefaultTimer                                           : loaded 2 times (x 78B)
Class com.google.common.base.CharMatcher$JavaLetter                                   : loaded 2 times (x 109B)
Class org.gradle.internal.classpath.TransformedClassPath                              : loaded 2 times (x 94B)
Class com.google.common.collect.MapDifference                                         : loaded 2 times (x 68B)
Class Settings_gradle                                                                 : loaded 2 times (x 126B)
Class com.google.common.collect.Platform                                              : loaded 2 times (x 69B)
Class com.google.common.collect.ImmutableAsList                                       : loaded 2 times (x 169B)
Class com.google.common.base.CharMatcher$AnyOf                                        : loaded 2 times (x 110B)
Class com.google.common.base.CharMatcher$IsEither                                     : loaded 2 times (x 109B)
Class com.google.common.collect.RegularImmutableList                                  : loaded 2 times (x 172B)
Class com.google.common.base.CharMatcher$JavaUpperCase                                : loaded 2 times (x 109B)
Class com.google.common.collect.Multiset                                              : loaded 2 times (x 68B)
Class com.google.common.collect.AbstractMapBasedMultimap                              : loaded 2 times (x 137B)


---------------  S Y S T E M  ---------------

OS:
 Windows 11 , 64 bit Build 22621 (10.0.22621.5415)
OS uptime: 0 days 16:00 hours
Hyper-V role detected

CPU: total 12 (initial active 12) (12 cores per cpu, 2 threads per core) family 23 model 104 stepping 1 microcode 0x0, cx8, cmov, fxsr, ht, mmx, 3dnowpref, sse, sse2, sse3, ssse3, sse4a, sse4.1, sse4.2, popcnt, lzcnt, tsc, tscinvbit, avx, avx2, aes, clmul, bmi1, bmi2, adx, sha, fma, vzeroupper, clflush, clflushopt, hv

Memory: 4k page, system-wide physical 6005M (413M free)
TotalPageFile size 24437M (AvailPageFile size 10M)
current process WorkingSet (physical memory assigned to process): 341M, peak: 341M
current process commit charge ("private bytes"): 379M, peak: 432M

vm_info: OpenJDK 64-Bit Server VM (17.0.7+0-b2043.56-10550314) for windows-amd64 JRE (17.0.7+0-b2043.56-10550314), built on Jul 24 2023 18:27:45 by "androidbuild" with MS VC++ 16.10 / 16.11 (VS2019)

END.
